<?xml version="1.0" encoding="UTF-8"?>
<testng-results ignored="0" total="40" passed="37" failed="3" skipped="0">
  <reporter-output>
  </reporter-output>
  <suite started-at="2024-02-20T22:06:39 PST" name="SFDCSuite" finished-at="2024-02-20T22:18:58 PST" duration-ms="738736">
    <groups>
    </groups>
    <test started-at="2024-02-20T22:06:39 PST" name="SFDCTest" finished-at="2024-02-20T22:18:58 PST" duration-ms="738736">
      <class name="com.Salesforce.Automation.Salesforceopty">
        <test-method is-config="true" signature="SetupBeforeMethod(java.lang.String)[pri:0, instance:com.Salesforce.Automation.Salesforceopty@2002348]" started-at="2024-02-20T22:07:18 PST" name="SetupBeforeMethod" finished-at="2024-02-20T22:07:21 PST" duration-ms="2582" status="PASS">
          <params>
            <param index="0">
              <value>
                <![CDATA[chrome]]>
              </value>
            </param>
          </params>
          <reporter-output>
          </reporter-output>
        </test-method> <!-- SetupBeforeMethod -->
        <test-method signature="TC15()[pri:0, instance:com.Salesforce.Automation.Salesforceopty@2002348]" started-at="2024-02-20T22:07:21 PST" name="TC15" finished-at="2024-02-20T22:07:34 PST" duration-ms="13176" status="PASS">
          <reporter-output>
          </reporter-output>
        </test-method> <!-- TC15 -->
        <test-method is-config="true" signature="TearDownAfterMethod()[pri:0, instance:com.Salesforce.Automation.Salesforceopty@2002348]" started-at="2024-02-20T22:07:34 PST" name="TearDownAfterMethod" finished-at="2024-02-20T22:07:34 PST" duration-ms="270" status="PASS">
          <reporter-output>
          </reporter-output>
        </test-method> <!-- TearDownAfterMethod -->
        <test-method is-config="true" signature="SetupBeforeMethod(java.lang.String)[pri:0, instance:com.Salesforce.Automation.Salesforceopty@2002348]" started-at="2024-02-20T22:07:34 PST" name="SetupBeforeMethod" finished-at="2024-02-20T22:07:37 PST" duration-ms="2652" status="PASS">
          <params>
            <param index="0">
              <value>
                <![CDATA[chrome]]>
              </value>
            </param>
          </params>
          <reporter-output>
          </reporter-output>
        </test-method> <!-- SetupBeforeMethod -->
        <test-method signature="TC16()[pri:0, instance:com.Salesforce.Automation.Salesforceopty@2002348]" started-at="2024-02-20T22:07:37 PST" name="TC16" finished-at="2024-02-20T22:07:55 PST" duration-ms="17971" status="PASS">
          <reporter-output>
          </reporter-output>
        </test-method> <!-- TC16 -->
        <test-method is-config="true" signature="TearDownAfterMethod()[pri:0, instance:com.Salesforce.Automation.Salesforceopty@2002348]" started-at="2024-02-20T22:07:55 PST" name="TearDownAfterMethod" finished-at="2024-02-20T22:07:55 PST" duration-ms="77" status="PASS">
          <reporter-output>
          </reporter-output>
        </test-method> <!-- TearDownAfterMethod -->
        <test-method is-config="true" signature="SetupBeforeMethod(java.lang.String)[pri:0, instance:com.Salesforce.Automation.Salesforceopty@2002348]" started-at="2024-02-20T22:07:55 PST" name="SetupBeforeMethod" finished-at="2024-02-20T22:07:58 PST" duration-ms="2903" status="PASS">
          <params>
            <param index="0">
              <value>
                <![CDATA[chrome]]>
              </value>
            </param>
          </params>
          <reporter-output>
          </reporter-output>
        </test-method> <!-- SetupBeforeMethod -->
        <test-method signature="TC17()[pri:0, instance:com.Salesforce.Automation.Salesforceopty@2002348]" started-at="2024-02-20T22:07:58 PST" name="TC17" finished-at="2024-02-20T22:08:12 PST" duration-ms="13970" status="PASS">
          <reporter-output>
          </reporter-output>
        </test-method> <!-- TC17 -->
        <test-method is-config="true" signature="TearDownAfterMethod()[pri:0, instance:com.Salesforce.Automation.Salesforceopty@2002348]" started-at="2024-02-20T22:08:12 PST" name="TearDownAfterMethod" finished-at="2024-02-20T22:08:12 PST" duration-ms="240" status="PASS">
          <reporter-output>
          </reporter-output>
        </test-method> <!-- TearDownAfterMethod -->
        <test-method is-config="true" signature="SetupBeforeMethod(java.lang.String)[pri:0, instance:com.Salesforce.Automation.Salesforceopty@2002348]" started-at="2024-02-20T22:08:12 PST" name="SetupBeforeMethod" finished-at="2024-02-20T22:08:15 PST" duration-ms="2602" status="PASS">
          <params>
            <param index="0">
              <value>
                <![CDATA[chrome]]>
              </value>
            </param>
          </params>
          <reporter-output>
          </reporter-output>
        </test-method> <!-- SetupBeforeMethod -->
        <test-method signature="TC18()[pri:0, instance:com.Salesforce.Automation.Salesforceopty@2002348]" started-at="2024-02-20T22:08:15 PST" name="TC18" finished-at="2024-02-20T22:08:28 PST" duration-ms="13292" status="PASS">
          <reporter-output>
          </reporter-output>
        </test-method> <!-- TC18 -->
        <test-method is-config="true" signature="TearDownAfterMethod()[pri:0, instance:com.Salesforce.Automation.Salesforceopty@2002348]" started-at="2024-02-20T22:08:28 PST" name="TearDownAfterMethod" finished-at="2024-02-20T22:08:28 PST" duration-ms="220" status="PASS">
          <reporter-output>
          </reporter-output>
        </test-method> <!-- TearDownAfterMethod -->
        <test-method is-config="true" signature="SetupBeforeMethod(java.lang.String)[pri:0, instance:com.Salesforce.Automation.Salesforceopty@2002348]" started-at="2024-02-20T22:08:28 PST" name="SetupBeforeMethod" finished-at="2024-02-20T22:08:31 PST" duration-ms="2664" status="PASS">
          <params>
            <param index="0">
              <value>
                <![CDATA[chrome]]>
              </value>
            </param>
          </params>
          <reporter-output>
          </reporter-output>
        </test-method> <!-- SetupBeforeMethod -->
        <test-method signature="TC19()[pri:0, instance:com.Salesforce.Automation.Salesforceopty@2002348]" started-at="2024-02-20T22:08:31 PST" name="TC19" finished-at="2024-02-20T22:08:45 PST" duration-ms="14159" status="PASS">
          <reporter-output>
          </reporter-output>
        </test-method> <!-- TC19 -->
        <test-method is-config="true" signature="TearDownAfterMethod()[pri:0, instance:com.Salesforce.Automation.Salesforceopty@2002348]" started-at="2024-02-20T22:08:45 PST" name="TearDownAfterMethod" finished-at="2024-02-20T22:08:45 PST" duration-ms="188" status="PASS">
          <reporter-output>
          </reporter-output>
        </test-method> <!-- TearDownAfterMethod -->
      </class> <!-- com.Salesforce.Automation.Salesforceopty -->
      <class name="com.Salesforce.Automation.Salesforcelogin">
        <test-method is-config="true" signature="SetupBeforeMethod(java.lang.String)[pri:0, instance:com.Salesforce.Automation.Salesforcelogin@5a9d6f02]" started-at="2024-02-20T22:06:40 PST" name="SetupBeforeMethod" finished-at="2024-02-20T22:06:44 PST" duration-ms="4561" status="PASS">
          <params>
            <param index="0">
              <value>
                <![CDATA[chrome]]>
              </value>
            </param>
          </params>
          <reporter-output>
          </reporter-output>
        </test-method> <!-- SetupBeforeMethod -->
        <test-method signature="CheckRememberme3()[pri:0, instance:com.Salesforce.Automation.Salesforcelogin@5a9d6f02]" started-at="2024-02-20T22:06:44 PST" name="CheckRememberme3" finished-at="2024-02-20T22:06:54 PST" duration-ms="9531" status="PASS">
          <reporter-output>
          </reporter-output>
        </test-method> <!-- CheckRememberme3 -->
        <test-method is-config="true" signature="TearDownAfterMethod()[pri:0, instance:com.Salesforce.Automation.Salesforcelogin@5a9d6f02]" started-at="2024-02-20T22:06:54 PST" name="TearDownAfterMethod" finished-at="2024-02-20T22:06:54 PST" duration-ms="265" status="PASS">
          <reporter-output>
          </reporter-output>
        </test-method> <!-- TearDownAfterMethod -->
        <test-method is-config="true" signature="SetupBeforeMethod(java.lang.String)[pri:0, instance:com.Salesforce.Automation.Salesforcelogin@5a9d6f02]" started-at="2024-02-20T22:06:54 PST" name="SetupBeforeMethod" finished-at="2024-02-20T22:06:57 PST" duration-ms="2644" status="PASS">
          <params>
            <param index="0">
              <value>
                <![CDATA[chrome]]>
              </value>
            </param>
          </params>
          <reporter-output>
          </reporter-output>
        </test-method> <!-- SetupBeforeMethod -->
        <test-method signature="Forgotpassword4A()[pri:0, instance:com.Salesforce.Automation.Salesforcelogin@5a9d6f02]" started-at="2024-02-20T22:06:57 PST" name="Forgotpassword4A" finished-at="2024-02-20T22:06:58 PST" duration-ms="1668" status="PASS">
          <reporter-output>
          </reporter-output>
        </test-method> <!-- Forgotpassword4A -->
        <test-method is-config="true" signature="TearDownAfterMethod()[pri:0, instance:com.Salesforce.Automation.Salesforcelogin@5a9d6f02]" started-at="2024-02-20T22:06:58 PST" name="TearDownAfterMethod" finished-at="2024-02-20T22:06:59 PST" duration-ms="137" status="PASS">
          <reporter-output>
          </reporter-output>
        </test-method> <!-- TearDownAfterMethod -->
        <test-method is-config="true" signature="SetupBeforeMethod(java.lang.String)[pri:0, instance:com.Salesforce.Automation.Salesforcelogin@5a9d6f02]" started-at="2024-02-20T22:06:59 PST" name="SetupBeforeMethod" finished-at="2024-02-20T22:07:01 PST" duration-ms="2693" status="PASS">
          <params>
            <param index="0">
              <value>
                <![CDATA[chrome]]>
              </value>
            </param>
          </params>
          <reporter-output>
          </reporter-output>
        </test-method> <!-- SetupBeforeMethod -->
        <test-method signature="Forgotpassword4B()[pri:0, instance:com.Salesforce.Automation.Salesforcelogin@5a9d6f02]" started-at="2024-02-20T22:07:01 PST" name="Forgotpassword4B" finished-at="2024-02-20T22:07:03 PST" duration-ms="2155" status="PASS">
          <reporter-output>
          </reporter-output>
        </test-method> <!-- Forgotpassword4B -->
        <test-method is-config="true" signature="TearDownAfterMethod()[pri:0, instance:com.Salesforce.Automation.Salesforcelogin@5a9d6f02]" started-at="2024-02-20T22:07:03 PST" name="TearDownAfterMethod" finished-at="2024-02-20T22:07:04 PST" duration-ms="267" status="PASS">
          <reporter-output>
          </reporter-output>
        </test-method> <!-- TearDownAfterMethod -->
        <test-method is-config="true" signature="SetupBeforeMethod(java.lang.String)[pri:0, instance:com.Salesforce.Automation.Salesforcelogin@5a9d6f02]" started-at="2024-02-20T22:07:04 PST" name="SetupBeforeMethod" finished-at="2024-02-20T22:07:06 PST" duration-ms="2633" status="PASS">
          <params>
            <param index="0">
              <value>
                <![CDATA[chrome]]>
              </value>
            </param>
          </params>
          <reporter-output>
          </reporter-output>
        </test-method> <!-- SetupBeforeMethod -->
        <test-method signature="LoginError1()[pri:0, instance:com.Salesforce.Automation.Salesforcelogin@5a9d6f02]" started-at="2024-02-20T22:07:06 PST" name="LoginError1" finished-at="2024-02-20T22:07:08 PST" duration-ms="1687" status="PASS">
          <reporter-output>
          </reporter-output>
        </test-method> <!-- LoginError1 -->
        <test-method is-config="true" signature="TearDownAfterMethod()[pri:0, instance:com.Salesforce.Automation.Salesforcelogin@5a9d6f02]" started-at="2024-02-20T22:07:08 PST" name="TearDownAfterMethod" finished-at="2024-02-20T22:07:08 PST" duration-ms="186" status="PASS">
          <reporter-output>
          </reporter-output>
        </test-method> <!-- TearDownAfterMethod -->
        <test-method is-config="true" signature="SetupBeforeMethod(java.lang.String)[pri:0, instance:com.Salesforce.Automation.Salesforcelogin@5a9d6f02]" started-at="2024-02-20T22:07:08 PST" name="SetupBeforeMethod" finished-at="2024-02-20T22:07:11 PST" duration-ms="2713" status="PASS">
          <params>
            <param index="0">
              <value>
                <![CDATA[chrome]]>
              </value>
            </param>
          </params>
          <reporter-output>
          </reporter-output>
        </test-method> <!-- SetupBeforeMethod -->
        <test-method signature="LogintoSalesforce2()[pri:0, instance:com.Salesforce.Automation.Salesforcelogin@5a9d6f02]" started-at="2024-02-20T22:07:11 PST" name="LogintoSalesforce2" finished-at="2024-02-20T22:07:18 PST" duration-ms="6947" status="PASS">
          <reporter-output>
          </reporter-output>
        </test-method> <!-- LogintoSalesforce2 -->
        <test-method is-config="true" signature="TearDownAfterMethod()[pri:0, instance:com.Salesforce.Automation.Salesforcelogin@5a9d6f02]" started-at="2024-02-20T22:07:18 PST" name="TearDownAfterMethod" finished-at="2024-02-20T22:07:18 PST" duration-ms="300" status="PASS">
          <reporter-output>
          </reporter-output>
        </test-method> <!-- TearDownAfterMethod -->
      </class> <!-- com.Salesforce.Automation.Salesforcelogin -->
      <class name="com.Salesforce.Automation.SalesforceRandomScenario">
        <test-method is-config="true" signature="SetupBeforeMethod(java.lang.String)[pri:0, instance:com.Salesforce.Automation.SalesforceRandomScenario@54c62d71]" started-at="2024-02-20T22:13:22 PST" name="SetupBeforeMethod" finished-at="2024-02-20T22:13:25 PST" duration-ms="2738" status="PASS">
          <params>
            <param index="0">
              <value>
                <![CDATA[chrome]]>
              </value>
            </param>
          </params>
          <reporter-output>
          </reporter-output>
        </test-method> <!-- SetupBeforeMethod -->
        <test-method signature="TC33()[pri:0, instance:com.Salesforce.Automation.SalesforceRandomScenario@54c62d71]" started-at="2024-02-20T22:13:25 PST" name="TC33" finished-at="2024-02-20T22:13:36 PST" duration-ms="10773" status="PASS">
          <reporter-output>
          </reporter-output>
        </test-method> <!-- TC33 -->
        <test-method is-config="true" signature="TearDownAfterMethod()[pri:0, instance:com.Salesforce.Automation.SalesforceRandomScenario@54c62d71]" started-at="2024-02-20T22:13:36 PST" name="TearDownAfterMethod" finished-at="2024-02-20T22:13:36 PST" duration-ms="252" status="PASS">
          <reporter-output>
          </reporter-output>
        </test-method> <!-- TearDownAfterMethod -->
        <test-method is-config="true" signature="SetupBeforeMethod(java.lang.String)[pri:0, instance:com.Salesforce.Automation.SalesforceRandomScenario@54c62d71]" started-at="2024-02-20T22:13:36 PST" name="SetupBeforeMethod" finished-at="2024-02-20T22:13:39 PST" duration-ms="2662" status="PASS">
          <params>
            <param index="0">
              <value>
                <![CDATA[chrome]]>
              </value>
            </param>
          </params>
          <reporter-output>
          </reporter-output>
        </test-method> <!-- SetupBeforeMethod -->
        <test-method signature="TC34()[pri:0, instance:com.Salesforce.Automation.SalesforceRandomScenario@54c62d71]" started-at="2024-02-20T22:13:39 PST" name="TC34" finished-at="2024-02-20T22:13:53 PST" duration-ms="13943" status="PASS">
          <reporter-output>
          </reporter-output>
        </test-method> <!-- TC34 -->
        <test-method is-config="true" signature="TearDownAfterMethod()[pri:0, instance:com.Salesforce.Automation.SalesforceRandomScenario@54c62d71]" started-at="2024-02-20T22:13:53 PST" name="TearDownAfterMethod" finished-at="2024-02-20T22:13:53 PST" duration-ms="168" status="PASS">
          <reporter-output>
          </reporter-output>
        </test-method> <!-- TearDownAfterMethod -->
        <test-method is-config="true" signature="SetupBeforeMethod(java.lang.String)[pri:0, instance:com.Salesforce.Automation.SalesforceRandomScenario@54c62d71]" started-at="2024-02-20T22:13:53 PST" name="SetupBeforeMethod" finished-at="2024-02-20T22:13:56 PST" duration-ms="2739" status="PASS">
          <params>
            <param index="0">
              <value>
                <![CDATA[chrome]]>
              </value>
            </param>
          </params>
          <reporter-output>
          </reporter-output>
        </test-method> <!-- SetupBeforeMethod -->
        <test-method signature="TC35()[pri:0, instance:com.Salesforce.Automation.SalesforceRandomScenario@54c62d71]" started-at="2024-02-20T22:13:56 PST" name="TC35" finished-at="2024-02-20T22:14:05 PST" duration-ms="8795" status="PASS">
          <reporter-output>
          </reporter-output>
        </test-method> <!-- TC35 -->
        <test-method is-config="true" signature="TearDownAfterMethod()[pri:0, instance:com.Salesforce.Automation.SalesforceRandomScenario@54c62d71]" started-at="2024-02-20T22:14:05 PST" name="TearDownAfterMethod" finished-at="2024-02-20T22:14:05 PST" duration-ms="192" status="PASS">
          <reporter-output>
          </reporter-output>
        </test-method> <!-- TearDownAfterMethod -->
        <test-method is-config="true" signature="SetupBeforeMethod(java.lang.String)[pri:0, instance:com.Salesforce.Automation.SalesforceRandomScenario@54c62d71]" started-at="2024-02-20T22:14:05 PST" name="SetupBeforeMethod" finished-at="2024-02-20T22:14:07 PST" duration-ms="2583" status="PASS">
          <params>
            <param index="0">
              <value>
                <![CDATA[chrome]]>
              </value>
            </param>
          </params>
          <reporter-output>
          </reporter-output>
        </test-method> <!-- SetupBeforeMethod -->
        <test-method signature="TC36()[pri:0, instance:com.Salesforce.Automation.SalesforceRandomScenario@54c62d71]" started-at="2024-02-20T22:14:07 PST" name="TC36" finished-at="2024-02-20T22:14:22 PST" duration-ms="14638" status="PASS">
          <reporter-output>
          </reporter-output>
        </test-method> <!-- TC36 -->
        <test-method is-config="true" signature="TearDownAfterMethod()[pri:0, instance:com.Salesforce.Automation.SalesforceRandomScenario@54c62d71]" started-at="2024-02-20T22:14:22 PST" name="TearDownAfterMethod" finished-at="2024-02-20T22:14:22 PST" duration-ms="192" status="PASS">
          <reporter-output>
          </reporter-output>
        </test-method> <!-- TearDownAfterMethod -->
        <test-method is-config="true" signature="SetupBeforeMethod(java.lang.String)[pri:0, instance:com.Salesforce.Automation.SalesforceRandomScenario@54c62d71]" started-at="2024-02-20T22:14:22 PST" name="SetupBeforeMethod" finished-at="2024-02-20T22:14:25 PST" duration-ms="2787" status="PASS">
          <params>
            <param index="0">
              <value>
                <![CDATA[chrome]]>
              </value>
            </param>
          </params>
          <reporter-output>
          </reporter-output>
        </test-method> <!-- SetupBeforeMethod -->
        <test-method signature="TC37()[pri:0, instance:com.Salesforce.Automation.SalesforceRandomScenario@54c62d71]" started-at="2024-02-20T22:14:25 PST" name="TC37" finished-at="2024-02-20T22:14:41 PST" duration-ms="15845" status="PASS">
          <reporter-output>
          </reporter-output>
        </test-method> <!-- TC37 -->
        <test-method is-config="true" signature="TearDownAfterMethod()[pri:0, instance:com.Salesforce.Automation.SalesforceRandomScenario@54c62d71]" started-at="2024-02-20T22:14:41 PST" name="TearDownAfterMethod" finished-at="2024-02-20T22:14:41 PST" duration-ms="191" status="PASS">
          <reporter-output>
          </reporter-output>
        </test-method> <!-- TearDownAfterMethod -->
      </class> <!-- com.Salesforce.Automation.SalesforceRandomScenario -->
      <class name="com.Salesforce.Automation.Salesforceleads">
        <test-method is-config="true" signature="SetupBeforeMethod(java.lang.String)[pri:0, instance:com.Salesforce.Automation.Salesforceleads@65045a87]" started-at="2024-02-20T22:14:41 PST" name="SetupBeforeMethod" finished-at="2024-02-20T22:14:44 PST" duration-ms="2723" status="PASS">
          <params>
            <param index="0">
              <value>
                <![CDATA[chrome]]>
              </value>
            </param>
          </params>
          <reporter-output>
          </reporter-output>
        </test-method> <!-- SetupBeforeMethod -->
        <test-method signature="TC20Leadtab()[pri:0, instance:com.Salesforce.Automation.Salesforceleads@65045a87]" started-at="2024-02-20T22:14:44 PST" name="TC20Leadtab" finished-at="2024-02-20T22:14:51 PST" duration-ms="6994" status="PASS">
          <reporter-output>
          </reporter-output>
        </test-method> <!-- TC20Leadtab -->
        <test-method is-config="true" signature="TearDownAfterMethod()[pri:0, instance:com.Salesforce.Automation.Salesforceleads@65045a87]" started-at="2024-02-20T22:14:51 PST" name="TearDownAfterMethod" finished-at="2024-02-20T22:14:51 PST" duration-ms="185" status="PASS">
          <reporter-output>
          </reporter-output>
        </test-method> <!-- TearDownAfterMethod -->
        <test-method is-config="true" signature="SetupBeforeMethod(java.lang.String)[pri:0, instance:com.Salesforce.Automation.Salesforceleads@65045a87]" started-at="2024-02-20T22:14:51 PST" name="SetupBeforeMethod" finished-at="2024-02-20T22:14:54 PST" duration-ms="2731" status="PASS">
          <params>
            <param index="0">
              <value>
                <![CDATA[chrome]]>
              </value>
            </param>
          </params>
          <reporter-output>
          </reporter-output>
        </test-method> <!-- SetupBeforeMethod -->
        <test-method signature="TC21Leadsselectview()[pri:0, instance:com.Salesforce.Automation.Salesforceleads@65045a87]" started-at="2024-02-20T22:14:54 PST" name="TC21Leadsselectview" finished-at="2024-02-20T22:15:01 PST" duration-ms="7617" status="PASS">
          <reporter-output>
          </reporter-output>
        </test-method> <!-- TC21Leadsselectview -->
        <test-method is-config="true" signature="TearDownAfterMethod()[pri:0, instance:com.Salesforce.Automation.Salesforceleads@65045a87]" started-at="2024-02-20T22:15:01 PST" name="TearDownAfterMethod" finished-at="2024-02-20T22:15:01 PST" duration-ms="179" status="PASS">
          <reporter-output>
          </reporter-output>
        </test-method> <!-- TearDownAfterMethod -->
        <test-method is-config="true" signature="SetupBeforeMethod(java.lang.String)[pri:0, instance:com.Salesforce.Automation.Salesforceleads@65045a87]" started-at="2024-02-20T22:15:01 PST" name="SetupBeforeMethod" finished-at="2024-02-20T22:15:04 PST" duration-ms="2768" status="PASS">
          <params>
            <param index="0">
              <value>
                <![CDATA[chrome]]>
              </value>
            </param>
          </params>
          <reporter-output>
          </reporter-output>
        </test-method> <!-- SetupBeforeMethod -->
        <test-method signature="TC22Defaultview()[pri:0, instance:com.Salesforce.Automation.Salesforceleads@65045a87]" started-at="2024-02-20T22:15:04 PST" name="TC22Defaultview" finished-at="2024-02-20T22:15:24 PST" duration-ms="19369" status="PASS">
          <reporter-output>
          </reporter-output>
        </test-method> <!-- TC22Defaultview -->
        <test-method is-config="true" signature="TearDownAfterMethod()[pri:0, instance:com.Salesforce.Automation.Salesforceleads@65045a87]" started-at="2024-02-20T22:15:24 PST" name="TearDownAfterMethod" finished-at="2024-02-20T22:15:24 PST" duration-ms="252" status="PASS">
          <reporter-output>
          </reporter-output>
        </test-method> <!-- TearDownAfterMethod -->
        <test-method is-config="true" signature="SetupBeforeMethod(java.lang.String)[pri:0, instance:com.Salesforce.Automation.Salesforceleads@65045a87]" started-at="2024-02-20T22:15:24 PST" name="SetupBeforeMethod" finished-at="2024-02-20T22:15:27 PST" duration-ms="2689" status="PASS">
          <params>
            <param index="0">
              <value>
                <![CDATA[chrome]]>
              </value>
            </param>
          </params>
          <reporter-output>
          </reporter-output>
        </test-method> <!-- SetupBeforeMethod -->
        <test-method signature="TC23()[pri:0, instance:com.Salesforce.Automation.Salesforceleads@65045a87]" started-at="2024-02-20T22:15:27 PST" name="TC23" finished-at="2024-02-20T22:16:07 PST" duration-ms="40225" status="FAIL">
          <exception class="org.openqa.selenium.NoSuchElementException">
            <message>
              <![CDATA[no such element: Unable to locate element: {"method":"xpath","selector":"//input[@value=" Go! "]"}
  (Session info: chrome=121.0.6167.184)
For documentation on this error, please visit: https://www.seleniumhq.org/exceptions/no_such_element.html
Build info: version: '3.141.59', revision: 'e82be7d358', time: '2018-11-14T08:17:03'
System info: host: 'Niwass-MBP.lan', ip: 'fd86:ed9:dae0:0:1450:d6a9:60c7:8262%en0', os.name: 'Mac OS X', os.arch: 'x86_64', os.version: '12.6.1', java.version: '17.0.9'
Driver info: org.openqa.selenium.chrome.ChromeDriver
Capabilities {acceptInsecureCerts: false, browserName: chrome, browserVersion: 121.0.6167.184, chrome: {chromedriverVersion: 121.0.6167.184 (057a8ae7deb..., userDataDir: /var/folders/1g/xfp6050j62l...}, fedcm:accounts: true, goog:chromeOptions: {debuggerAddress: localhost:54235}, javascriptEnabled: true, networkConnectionEnabled: false, pageLoadStrategy: normal, platform: MAC, platformName: MAC, proxy: Proxy(), setWindowRect: true, strictFileInteractability: false, timeouts: {implicit: 0, pageLoad: 300000, script: 30000}, unhandledPromptBehavior: dismiss and notify, webauthn:extension:credBlob: true, webauthn:extension:largeBlob: true, webauthn:extension:minPinLength: true, webauthn:extension:prf: true, webauthn:virtualAuthenticators: true}
Session ID: 2755ddf4a7ed2f28ee036c929af27c43
*** Element info: {Using=xpath, value=//input[@value=" Go! "]}]]>
            </message>
            <full-stacktrace>
              <![CDATA[org.openqa.selenium.NoSuchElementException: no such element: Unable to locate element: {"method":"xpath","selector":"//input[@value=" Go! "]"}
  (Session info: chrome=121.0.6167.184)
For documentation on this error, please visit: https://www.seleniumhq.org/exceptions/no_such_element.html
Build info: version: '3.141.59', revision: 'e82be7d358', time: '2018-11-14T08:17:03'
System info: host: 'Niwass-MBP.lan', ip: 'fd86:ed9:dae0:0:1450:d6a9:60c7:8262%en0', os.name: 'Mac OS X', os.arch: 'x86_64', os.version: '12.6.1', java.version: '17.0.9'
Driver info: org.openqa.selenium.chrome.ChromeDriver
Capabilities {acceptInsecureCerts: false, browserName: chrome, browserVersion: 121.0.6167.184, chrome: {chromedriverVersion: 121.0.6167.184 (057a8ae7deb..., userDataDir: /var/folders/1g/xfp6050j62l...}, fedcm:accounts: true, goog:chromeOptions: {debuggerAddress: localhost:54235}, javascriptEnabled: true, networkConnectionEnabled: false, pageLoadStrategy: normal, platform: MAC, platformName: MAC, proxy: Proxy(), setWindowRect: true, strictFileInteractability: false, timeouts: {implicit: 0, pageLoad: 300000, script: 30000}, unhandledPromptBehavior: dismiss and notify, webauthn:extension:credBlob: true, webauthn:extension:largeBlob: true, webauthn:extension:minPinLength: true, webauthn:extension:prf: true, webauthn:virtualAuthenticators: true}
Session ID: 2755ddf4a7ed2f28ee036c929af27c43
*** Element info: {Using=xpath, value=//input[@value=" Go! "]}
at java.base/jdk.internal.reflect.NativeConstructorAccessorImpl.newInstance0(Native Method)
at java.base/jdk.internal.reflect.NativeConstructorAccessorImpl.newInstance(NativeConstructorAccessorImpl.java:77)
at java.base/jdk.internal.reflect.DelegatingConstructorAccessorImpl.newInstance(DelegatingConstructorAccessorImpl.java:45)
at java.base/java.lang.reflect.Constructor.newInstanceWithCaller(Constructor.java:499)
at java.base/java.lang.reflect.Constructor.newInstance(Constructor.java:480)
at org.openqa.selenium.remote.http.W3CHttpResponseCodec.createException(W3CHttpResponseCodec.java:187)
at org.openqa.selenium.remote.http.W3CHttpResponseCodec.decode(W3CHttpResponseCodec.java:122)
at org.openqa.selenium.remote.http.W3CHttpResponseCodec.decode(W3CHttpResponseCodec.java:49)
at org.openqa.selenium.remote.HttpCommandExecutor.execute(HttpCommandExecutor.java:158)
at org.openqa.selenium.remote.service.DriverCommandExecutor.execute(DriverCommandExecutor.java:83)
at org.openqa.selenium.remote.RemoteWebDriver.execute(RemoteWebDriver.java:552)
at org.openqa.selenium.remote.RemoteWebDriver.findElement(RemoteWebDriver.java:323)
at org.openqa.selenium.remote.RemoteWebDriver.findElementByXPath(RemoteWebDriver.java:428)
at org.openqa.selenium.By$ByXPath.findElement(By.java:353)
at org.openqa.selenium.remote.RemoteWebDriver.findElement(RemoteWebDriver.java:315)
at com.Salesforce.Automation.Salesforceleads.TC23(Salesforceleads.java:130)
at java.base/jdk.internal.reflect.NativeMethodAccessorImpl.invoke0(Native Method)
at java.base/jdk.internal.reflect.NativeMethodAccessorImpl.invoke(NativeMethodAccessorImpl.java:77)
at java.base/jdk.internal.reflect.DelegatingMethodAccessorImpl.invoke(DelegatingMethodAccessorImpl.java:43)
at java.base/java.lang.reflect.Method.invoke(Method.java:568)
at org.testng.internal.invokers.MethodInvocationHelper.invokeMethod(MethodInvocationHelper.java:139)
at org.testng.internal.invokers.TestInvoker.invokeMethod(TestInvoker.java:677)
at org.testng.internal.invokers.TestInvoker.invokeTestMethod(TestInvoker.java:221)
at org.testng.internal.invokers.MethodRunner.runInSequence(MethodRunner.java:50)
at org.testng.internal.invokers.TestInvoker$MethodInvocationAgent.invoke(TestInvoker.java:969)
at org.testng.internal.invokers.TestInvoker.invokeTestMethods(TestInvoker.java:194)
at org.testng.internal.invokers.TestMethodWorker.invokeTestMethods(TestMethodWorker.java:148)
at org.testng.internal.invokers.TestMethodWorker.run(TestMethodWorker.java:128)
at java.base/java.util.ArrayList.forEach(ArrayList.java:1511)
at org.testng.TestRunner.privateRun(TestRunner.java:829)
at org.testng.TestRunner.run(TestRunner.java:602)
at org.testng.SuiteRunner.runTest(SuiteRunner.java:437)
at org.testng.SuiteRunner.runSequentially(SuiteRunner.java:431)
at org.testng.SuiteRunner.privateRun(SuiteRunner.java:391)
at org.testng.SuiteRunner.run(SuiteRunner.java:330)
at org.testng.SuiteRunnerWorker.runSuite(SuiteRunnerWorker.java:52)
at org.testng.SuiteRunnerWorker.run(SuiteRunnerWorker.java:95)
at org.testng.TestNG.runSuitesSequentially(TestNG.java:1256)
at org.testng.TestNG.runSuitesLocally(TestNG.java:1176)
at org.testng.TestNG.runSuites(TestNG.java:1099)
at org.testng.TestNG.run(TestNG.java:1067)
at org.testng.remote.AbstractRemoteTestNG.run(AbstractRemoteTestNG.java:115)
at org.testng.remote.RemoteTestNG.initAndRun(RemoteTestNG.java:251)
at org.testng.remote.RemoteTestNG.main(RemoteTestNG.java:77)
]]>
            </full-stacktrace>
          </exception> <!-- org.openqa.selenium.NoSuchElementException -->
          <reporter-output>
          </reporter-output>
        </test-method> <!-- TC23 -->
        <test-method is-config="true" signature="TearDownAfterMethod()[pri:0, instance:com.Salesforce.Automation.Salesforceleads@65045a87]" started-at="2024-02-20T22:16:07 PST" name="TearDownAfterMethod" finished-at="2024-02-20T22:16:07 PST" duration-ms="229" status="PASS">
          <reporter-output>
          </reporter-output>
        </test-method> <!-- TearDownAfterMethod -->
        <test-method is-config="true" signature="SetupBeforeMethod(java.lang.String)[pri:0, instance:com.Salesforce.Automation.Salesforceleads@65045a87]" started-at="2024-02-20T22:16:07 PST" name="SetupBeforeMethod" finished-at="2024-02-20T22:16:10 PST" duration-ms="2708" status="PASS">
          <params>
            <param index="0">
              <value>
                <![CDATA[chrome]]>
              </value>
            </param>
          </params>
          <reporter-output>
          </reporter-output>
        </test-method> <!-- SetupBeforeMethod -->
        <test-method signature="TC24()[pri:0, instance:com.Salesforce.Automation.Salesforceleads@65045a87]" started-at="2024-02-20T22:16:10 PST" name="TC24" finished-at="2024-02-20T22:16:23 PST" duration-ms="12731" status="PASS">
          <reporter-output>
          </reporter-output>
        </test-method> <!-- TC24 -->
        <test-method is-config="true" signature="TearDownAfterMethod()[pri:0, instance:com.Salesforce.Automation.Salesforceleads@65045a87]" started-at="2024-02-20T22:16:23 PST" name="TearDownAfterMethod" finished-at="2024-02-20T22:16:23 PST" duration-ms="210" status="PASS">
          <reporter-output>
          </reporter-output>
        </test-method> <!-- TearDownAfterMethod -->
      </class> <!-- com.Salesforce.Automation.Salesforceleads -->
      <class name="com.Salesforce.Automation.SalesforceUsrmenu">
        <test-method is-config="true" signature="SetupBeforeMethod(java.lang.String)[pri:0, instance:com.Salesforce.Automation.SalesforceUsrmenu@24d09c1]" started-at="2024-02-20T22:11:03 PST" name="SetupBeforeMethod" finished-at="2024-02-20T22:11:06 PST" duration-ms="2561" status="PASS">
          <params>
            <param index="0">
              <value>
                <![CDATA[chrome]]>
              </value>
            </param>
          </params>
          <reporter-output>
          </reporter-output>
        </test-method> <!-- SetupBeforeMethod -->
        <test-method signature="Delprcnslerrortxt()[pri:0, instance:com.Salesforce.Automation.SalesforceUsrmenu@24d09c1]" started-at="2024-02-20T22:11:06 PST" name="Delprcnslerrortxt" finished-at="2024-02-20T22:11:21 PST" duration-ms="14733" status="PASS">
          <reporter-output>
          </reporter-output>
        </test-method> <!-- Delprcnslerrortxt -->
        <test-method is-config="true" signature="TearDownAfterMethod()[pri:0, instance:com.Salesforce.Automation.SalesforceUsrmenu@24d09c1]" started-at="2024-02-20T22:11:21 PST" name="TearDownAfterMethod" finished-at="2024-02-20T22:11:21 PST" duration-ms="64" status="PASS">
          <reporter-output>
          </reporter-output>
        </test-method> <!-- TearDownAfterMethod -->
        <test-method is-config="true" signature="SetupBeforeMethod(java.lang.String)[pri:0, instance:com.Salesforce.Automation.SalesforceUsrmenu@24d09c1]" started-at="2024-02-20T22:11:21 PST" name="SetupBeforeMethod" finished-at="2024-02-20T22:11:23 PST" duration-ms="2660" status="PASS">
          <params>
            <param index="0">
              <value>
                <![CDATA[chrome]]>
              </value>
            </param>
          </params>
          <reporter-output>
          </reporter-output>
        </test-method> <!-- SetupBeforeMethod -->
        <test-method signature="TC05()[pri:0, instance:com.Salesforce.Automation.SalesforceUsrmenu@24d09c1]" started-at="2024-02-20T22:11:23 PST" name="TC05" finished-at="2024-02-20T22:11:30 PST" duration-ms="6842" status="PASS">
          <reporter-output>
          </reporter-output>
        </test-method> <!-- TC05 -->
        <test-method is-config="true" signature="TearDownAfterMethod()[pri:0, instance:com.Salesforce.Automation.SalesforceUsrmenu@24d09c1]" started-at="2024-02-20T22:11:30 PST" name="TearDownAfterMethod" finished-at="2024-02-20T22:11:30 PST" duration-ms="191" status="PASS">
          <reporter-output>
          </reporter-output>
        </test-method> <!-- TearDownAfterMethod -->
        <test-method is-config="true" signature="SetupBeforeMethod(java.lang.String)[pri:0, instance:com.Salesforce.Automation.SalesforceUsrmenu@24d09c1]" started-at="2024-02-20T22:11:30 PST" name="SetupBeforeMethod" finished-at="2024-02-20T22:11:33 PST" duration-ms="2733" status="PASS">
          <params>
            <param index="0">
              <value>
                <![CDATA[chrome]]>
              </value>
            </param>
          </params>
          <reporter-output>
          </reporter-output>
        </test-method> <!-- SetupBeforeMethod -->
        <test-method signature="TC06()[pri:0, instance:com.Salesforce.Automation.SalesforceUsrmenu@24d09c1]" started-at="2024-02-20T22:11:33 PST" name="TC06" finished-at="2024-02-20T22:12:42 PST" duration-ms="69070" status="FAIL">
          <exception class="org.openqa.selenium.NoSuchElementException">
            <message>
              <![CDATA[no such element: Unable to locate element: {"method":"xpath","selector":"//input[@id="j_id0:j_id7:save"]"}
  (Session info: chrome=121.0.6167.184)
For documentation on this error, please visit: https://www.seleniumhq.org/exceptions/no_such_element.html
Build info: version: '3.141.59', revision: 'e82be7d358', time: '2018-11-14T08:17:03'
System info: host: 'Niwass-MBP.lan', ip: 'fd86:ed9:dae0:0:1450:d6a9:60c7:8262%en0', os.name: 'Mac OS X', os.arch: 'x86_64', os.version: '12.6.1', java.version: '17.0.9'
Driver info: org.openqa.selenium.chrome.ChromeDriver
Capabilities {acceptInsecureCerts: false, browserName: chrome, browserVersion: 121.0.6167.184, chrome: {chromedriverVersion: 121.0.6167.184 (057a8ae7deb..., userDataDir: /var/folders/1g/xfp6050j62l...}, fedcm:accounts: true, goog:chromeOptions: {debuggerAddress: localhost:53768}, javascriptEnabled: true, networkConnectionEnabled: false, pageLoadStrategy: normal, platform: MAC, platformName: MAC, proxy: Proxy(), setWindowRect: true, strictFileInteractability: false, timeouts: {implicit: 0, pageLoad: 300000, script: 30000}, unhandledPromptBehavior: dismiss and notify, webauthn:extension:credBlob: true, webauthn:extension:largeBlob: true, webauthn:extension:minPinLength: true, webauthn:extension:prf: true, webauthn:virtualAuthenticators: true}
Session ID: c91d2134eb9a1311263ad0a4e8dccdec
*** Element info: {Using=xpath, value=//input[@id="j_id0:j_id7:save"]}]]>
            </message>
            <full-stacktrace>
              <![CDATA[org.openqa.selenium.NoSuchElementException: no such element: Unable to locate element: {"method":"xpath","selector":"//input[@id="j_id0:j_id7:save"]"}
  (Session info: chrome=121.0.6167.184)
For documentation on this error, please visit: https://www.seleniumhq.org/exceptions/no_such_element.html
Build info: version: '3.141.59', revision: 'e82be7d358', time: '2018-11-14T08:17:03'
System info: host: 'Niwass-MBP.lan', ip: 'fd86:ed9:dae0:0:1450:d6a9:60c7:8262%en0', os.name: 'Mac OS X', os.arch: 'x86_64', os.version: '12.6.1', java.version: '17.0.9'
Driver info: org.openqa.selenium.chrome.ChromeDriver
Capabilities {acceptInsecureCerts: false, browserName: chrome, browserVersion: 121.0.6167.184, chrome: {chromedriverVersion: 121.0.6167.184 (057a8ae7deb..., userDataDir: /var/folders/1g/xfp6050j62l...}, fedcm:accounts: true, goog:chromeOptions: {debuggerAddress: localhost:53768}, javascriptEnabled: true, networkConnectionEnabled: false, pageLoadStrategy: normal, platform: MAC, platformName: MAC, proxy: Proxy(), setWindowRect: true, strictFileInteractability: false, timeouts: {implicit: 0, pageLoad: 300000, script: 30000}, unhandledPromptBehavior: dismiss and notify, webauthn:extension:credBlob: true, webauthn:extension:largeBlob: true, webauthn:extension:minPinLength: true, webauthn:extension:prf: true, webauthn:virtualAuthenticators: true}
Session ID: c91d2134eb9a1311263ad0a4e8dccdec
*** Element info: {Using=xpath, value=//input[@id="j_id0:j_id7:save"]}
at java.base/jdk.internal.reflect.NativeConstructorAccessorImpl.newInstance0(Native Method)
at java.base/jdk.internal.reflect.NativeConstructorAccessorImpl.newInstance(NativeConstructorAccessorImpl.java:77)
at java.base/jdk.internal.reflect.DelegatingConstructorAccessorImpl.newInstance(DelegatingConstructorAccessorImpl.java:45)
at java.base/java.lang.reflect.Constructor.newInstanceWithCaller(Constructor.java:499)
at java.base/java.lang.reflect.Constructor.newInstance(Constructor.java:480)
at org.openqa.selenium.remote.http.W3CHttpResponseCodec.createException(W3CHttpResponseCodec.java:187)
at org.openqa.selenium.remote.http.W3CHttpResponseCodec.decode(W3CHttpResponseCodec.java:122)
at org.openqa.selenium.remote.http.W3CHttpResponseCodec.decode(W3CHttpResponseCodec.java:49)
at org.openqa.selenium.remote.HttpCommandExecutor.execute(HttpCommandExecutor.java:158)
at org.openqa.selenium.remote.service.DriverCommandExecutor.execute(DriverCommandExecutor.java:83)
at org.openqa.selenium.remote.RemoteWebDriver.execute(RemoteWebDriver.java:552)
at org.openqa.selenium.remote.RemoteWebDriver.findElement(RemoteWebDriver.java:323)
at org.openqa.selenium.remote.RemoteWebDriver.findElementByXPath(RemoteWebDriver.java:428)
at org.openqa.selenium.By$ByXPath.findElement(By.java:353)
at org.openqa.selenium.remote.RemoteWebDriver.findElement(RemoteWebDriver.java:315)
at com.Salesforce.Automation.SalesforceUsrmenu.TC06(SalesforceUsrmenu.java:162)
at java.base/jdk.internal.reflect.NativeMethodAccessorImpl.invoke0(Native Method)
at java.base/jdk.internal.reflect.NativeMethodAccessorImpl.invoke(NativeMethodAccessorImpl.java:77)
at java.base/jdk.internal.reflect.DelegatingMethodAccessorImpl.invoke(DelegatingMethodAccessorImpl.java:43)
at java.base/java.lang.reflect.Method.invoke(Method.java:568)
at org.testng.internal.invokers.MethodInvocationHelper.invokeMethod(MethodInvocationHelper.java:139)
at org.testng.internal.invokers.TestInvoker.invokeMethod(TestInvoker.java:677)
at org.testng.internal.invokers.TestInvoker.invokeTestMethod(TestInvoker.java:221)
at org.testng.internal.invokers.MethodRunner.runInSequence(MethodRunner.java:50)
at org.testng.internal.invokers.TestInvoker$MethodInvocationAgent.invoke(TestInvoker.java:969)
at org.testng.internal.invokers.TestInvoker.invokeTestMethods(TestInvoker.java:194)
at org.testng.internal.invokers.TestMethodWorker.invokeTestMethods(TestMethodWorker.java:148)
at org.testng.internal.invokers.TestMethodWorker.run(TestMethodWorker.java:128)
at java.base/java.util.ArrayList.forEach(ArrayList.java:1511)
at org.testng.TestRunner.privateRun(TestRunner.java:829)
at org.testng.TestRunner.run(TestRunner.java:602)
at org.testng.SuiteRunner.runTest(SuiteRunner.java:437)
at org.testng.SuiteRunner.runSequentially(SuiteRunner.java:431)
at org.testng.SuiteRunner.privateRun(SuiteRunner.java:391)
at org.testng.SuiteRunner.run(SuiteRunner.java:330)
at org.testng.SuiteRunnerWorker.runSuite(SuiteRunnerWorker.java:52)
at org.testng.SuiteRunnerWorker.run(SuiteRunnerWorker.java:95)
at org.testng.TestNG.runSuitesSequentially(TestNG.java:1256)
at org.testng.TestNG.runSuitesLocally(TestNG.java:1176)
at org.testng.TestNG.runSuites(TestNG.java:1099)
at org.testng.TestNG.run(TestNG.java:1067)
at org.testng.remote.AbstractRemoteTestNG.run(AbstractRemoteTestNG.java:115)
at org.testng.remote.RemoteTestNG.initAndRun(RemoteTestNG.java:251)
at org.testng.remote.RemoteTestNG.main(RemoteTestNG.java:77)
]]>
            </full-stacktrace>
          </exception> <!-- org.openqa.selenium.NoSuchElementException -->
          <reporter-output>
          </reporter-output>
        </test-method> <!-- TC06 -->
        <test-method is-config="true" signature="TearDownAfterMethod()[pri:0, instance:com.Salesforce.Automation.SalesforceUsrmenu@24d09c1]" started-at="2024-02-20T22:12:43 PST" name="TearDownAfterMethod" finished-at="2024-02-20T22:12:43 PST" duration-ms="203" status="PASS">
          <reporter-output>
          </reporter-output>
        </test-method> <!-- TearDownAfterMethod -->
        <test-method is-config="true" signature="SetupBeforeMethod(java.lang.String)[pri:0, instance:com.Salesforce.Automation.SalesforceUsrmenu@24d09c1]" started-at="2024-02-20T22:12:43 PST" name="SetupBeforeMethod" finished-at="2024-02-20T22:12:46 PST" duration-ms="2910" status="PASS">
          <params>
            <param index="0">
              <value>
                <![CDATA[chrome]]>
              </value>
            </param>
          </params>
          <reporter-output>
          </reporter-output>
        </test-method> <!-- SetupBeforeMethod -->
        <test-method signature="TC07()[pri:0, instance:com.Salesforce.Automation.SalesforceUsrmenu@24d09c1]" started-at="2024-02-20T22:12:46 PST" name="TC07" finished-at="2024-02-20T22:12:58 PST" duration-ms="12513" status="PASS">
          <reporter-output>
          </reporter-output>
        </test-method> <!-- TC07 -->
        <test-method is-config="true" signature="TearDownAfterMethod()[pri:0, instance:com.Salesforce.Automation.SalesforceUsrmenu@24d09c1]" started-at="2024-02-20T22:12:58 PST" name="TearDownAfterMethod" finished-at="2024-02-20T22:12:58 PST" duration-ms="172" status="PASS">
          <reporter-output>
          </reporter-output>
        </test-method> <!-- TearDownAfterMethod -->
        <test-method is-config="true" signature="SetupBeforeMethod(java.lang.String)[pri:0, instance:com.Salesforce.Automation.SalesforceUsrmenu@24d09c1]" started-at="2024-02-20T22:12:58 PST" name="SetupBeforeMethod" finished-at="2024-02-20T22:13:01 PST" duration-ms="2644" status="PASS">
          <params>
            <param index="0">
              <value>
                <![CDATA[chrome]]>
              </value>
            </param>
          </params>
          <reporter-output>
          </reporter-output>
        </test-method> <!-- SetupBeforeMethod -->
        <test-method signature="TC08()[pri:0, instance:com.Salesforce.Automation.SalesforceUsrmenu@24d09c1]" started-at="2024-02-20T22:13:01 PST" name="TC08" finished-at="2024-02-20T22:13:10 PST" duration-ms="8551" status="PASS">
          <reporter-output>
          </reporter-output>
        </test-method> <!-- TC08 -->
        <test-method is-config="true" signature="TearDownAfterMethod()[pri:0, instance:com.Salesforce.Automation.SalesforceUsrmenu@24d09c1]" started-at="2024-02-20T22:13:10 PST" name="TearDownAfterMethod" finished-at="2024-02-20T22:13:10 PST" duration-ms="244" status="PASS">
          <reporter-output>
          </reporter-output>
        </test-method> <!-- TearDownAfterMethod -->
        <test-method is-config="true" signature="SetupBeforeMethod(java.lang.String)[pri:0, instance:com.Salesforce.Automation.SalesforceUsrmenu@24d09c1]" started-at="2024-02-20T22:13:10 PST" name="SetupBeforeMethod" finished-at="2024-02-20T22:13:12 PST" duration-ms="2531" status="PASS">
          <params>
            <param index="0">
              <value>
                <![CDATA[chrome]]>
              </value>
            </param>
          </params>
          <reporter-output>
          </reporter-output>
        </test-method> <!-- SetupBeforeMethod -->
        <test-method signature="TC09()[pri:0, instance:com.Salesforce.Automation.SalesforceUsrmenu@24d09c1]" started-at="2024-02-20T22:13:12 PST" name="TC09" finished-at="2024-02-20T22:13:22 PST" duration-ms="9875" status="PASS">
          <reporter-output>
          </reporter-output>
        </test-method> <!-- TC09 -->
        <test-method is-config="true" signature="TearDownAfterMethod()[pri:0, instance:com.Salesforce.Automation.SalesforceUsrmenu@24d09c1]" started-at="2024-02-20T22:13:22 PST" name="TearDownAfterMethod" finished-at="2024-02-20T22:13:22 PST" duration-ms="243" status="PASS">
          <reporter-output>
          </reporter-output>
        </test-method> <!-- TearDownAfterMethod -->
      </class> <!-- com.Salesforce.Automation.SalesforceUsrmenu -->
      <class name="com.Salesforce.Automation.SalesforceContacts">
        <test-method is-config="true" signature="SetupBeforeMethod(java.lang.String)[pri:0, instance:com.Salesforce.Automation.SalesforceContacts@5911e990]" started-at="2024-02-20T22:08:45 PST" name="SetupBeforeMethod" finished-at="2024-02-20T22:08:48 PST" duration-ms="2696" status="PASS">
          <params>
            <param index="0">
              <value>
                <![CDATA[chrome]]>
              </value>
            </param>
          </params>
          <reporter-output>
          </reporter-output>
        </test-method> <!-- SetupBeforeMethod -->
        <test-method signature="TC25()[pri:0, instance:com.Salesforce.Automation.SalesforceContacts@5911e990]" started-at="2024-02-20T22:08:48 PST" name="TC25" finished-at="2024-02-20T22:09:00 PST" duration-ms="12070" status="PASS">
          <reporter-output>
          </reporter-output>
        </test-method> <!-- TC25 -->
        <test-method is-config="true" signature="TearDownAfterMethod()[pri:0, instance:com.Salesforce.Automation.SalesforceContacts@5911e990]" started-at="2024-02-20T22:09:00 PST" name="TearDownAfterMethod" finished-at="2024-02-20T22:09:00 PST" duration-ms="191" status="PASS">
          <reporter-output>
          </reporter-output>
        </test-method> <!-- TearDownAfterMethod -->
        <test-method is-config="true" signature="SetupBeforeMethod(java.lang.String)[pri:0, instance:com.Salesforce.Automation.SalesforceContacts@5911e990]" started-at="2024-02-20T22:09:00 PST" name="SetupBeforeMethod" finished-at="2024-02-20T22:09:03 PST" duration-ms="2572" status="PASS">
          <params>
            <param index="0">
              <value>
                <![CDATA[chrome]]>
              </value>
            </param>
          </params>
          <reporter-output>
          </reporter-output>
        </test-method> <!-- SetupBeforeMethod -->
        <test-method signature="TC26()[pri:0, instance:com.Salesforce.Automation.SalesforceContacts@5911e990]" started-at="2024-02-20T22:09:03 PST" name="TC26" finished-at="2024-02-20T22:09:23 PST" duration-ms="20516" status="PASS">
          <reporter-output>
          </reporter-output>
        </test-method> <!-- TC26 -->
        <test-method is-config="true" signature="TearDownAfterMethod()[pri:0, instance:com.Salesforce.Automation.SalesforceContacts@5911e990]" started-at="2024-02-20T22:09:23 PST" name="TearDownAfterMethod" finished-at="2024-02-20T22:09:23 PST" duration-ms="64" status="PASS">
          <reporter-output>
          </reporter-output>
        </test-method> <!-- TearDownAfterMethod -->
        <test-method is-config="true" signature="SetupBeforeMethod(java.lang.String)[pri:0, instance:com.Salesforce.Automation.SalesforceContacts@5911e990]" started-at="2024-02-20T22:09:23 PST" name="SetupBeforeMethod" finished-at="2024-02-20T22:09:26 PST" duration-ms="3043" status="PASS">
          <params>
            <param index="0">
              <value>
                <![CDATA[chrome]]>
              </value>
            </param>
          </params>
          <reporter-output>
          </reporter-output>
        </test-method> <!-- SetupBeforeMethod -->
        <test-method signature="TC27()[pri:0, instance:com.Salesforce.Automation.SalesforceContacts@5911e990]" started-at="2024-02-20T22:09:26 PST" name="TC27" finished-at="2024-02-20T22:09:34 PST" duration-ms="7368" status="PASS">
          <reporter-output>
          </reporter-output>
        </test-method> <!-- TC27 -->
        <test-method is-config="true" signature="TearDownAfterMethod()[pri:0, instance:com.Salesforce.Automation.SalesforceContacts@5911e990]" started-at="2024-02-20T22:09:34 PST" name="TearDownAfterMethod" finished-at="2024-02-20T22:09:34 PST" duration-ms="154" status="PASS">
          <reporter-output>
          </reporter-output>
        </test-method> <!-- TearDownAfterMethod -->
        <test-method is-config="true" signature="SetupBeforeMethod(java.lang.String)[pri:0, instance:com.Salesforce.Automation.SalesforceContacts@5911e990]" started-at="2024-02-20T22:09:34 PST" name="SetupBeforeMethod" finished-at="2024-02-20T22:09:37 PST" duration-ms="2612" status="PASS">
          <params>
            <param index="0">
              <value>
                <![CDATA[chrome]]>
              </value>
            </param>
          </params>
          <reporter-output>
          </reporter-output>
        </test-method> <!-- SetupBeforeMethod -->
        <test-method signature="TC28()[pri:0, instance:com.Salesforce.Automation.SalesforceContacts@5911e990]" started-at="2024-02-20T22:09:37 PST" name="TC28" finished-at="2024-02-20T22:09:50 PST" duration-ms="13141" status="PASS">
          <reporter-output>
          </reporter-output>
        </test-method> <!-- TC28 -->
        <test-method is-config="true" signature="TearDownAfterMethod()[pri:0, instance:com.Salesforce.Automation.SalesforceContacts@5911e990]" started-at="2024-02-20T22:09:50 PST" name="TearDownAfterMethod" finished-at="2024-02-20T22:09:50 PST" duration-ms="204" status="PASS">
          <reporter-output>
          </reporter-output>
        </test-method> <!-- TearDownAfterMethod -->
        <test-method is-config="true" signature="SetupBeforeMethod(java.lang.String)[pri:0, instance:com.Salesforce.Automation.SalesforceContacts@5911e990]" started-at="2024-02-20T22:09:50 PST" name="SetupBeforeMethod" finished-at="2024-02-20T22:09:53 PST" duration-ms="2611" status="PASS">
          <params>
            <param index="0">
              <value>
                <![CDATA[chrome]]>
              </value>
            </param>
          </params>
          <reporter-output>
          </reporter-output>
        </test-method> <!-- SetupBeforeMethod -->
        <test-method signature="TC29()[pri:0, instance:com.Salesforce.Automation.SalesforceContacts@5911e990]" started-at="2024-02-20T22:09:53 PST" name="TC29" finished-at="2024-02-20T22:10:06 PST" duration-ms="13563" status="PASS">
          <reporter-output>
          </reporter-output>
        </test-method> <!-- TC29 -->
        <test-method is-config="true" signature="TearDownAfterMethod()[pri:0, instance:com.Salesforce.Automation.SalesforceContacts@5911e990]" started-at="2024-02-20T22:10:06 PST" name="TearDownAfterMethod" finished-at="2024-02-20T22:10:06 PST" duration-ms="194" status="PASS">
          <reporter-output>
          </reporter-output>
        </test-method> <!-- TearDownAfterMethod -->
        <test-method is-config="true" signature="SetupBeforeMethod(java.lang.String)[pri:0, instance:com.Salesforce.Automation.SalesforceContacts@5911e990]" started-at="2024-02-20T22:10:06 PST" name="SetupBeforeMethod" finished-at="2024-02-20T22:10:09 PST" duration-ms="2651" status="PASS">
          <params>
            <param index="0">
              <value>
                <![CDATA[chrome]]>
              </value>
            </param>
          </params>
          <reporter-output>
          </reporter-output>
        </test-method> <!-- SetupBeforeMethod -->
        <test-method signature="TC30()[pri:0, instance:com.Salesforce.Automation.SalesforceContacts@5911e990]" started-at="2024-02-20T22:10:09 PST" name="TC30" finished-at="2024-02-20T22:10:23 PST" duration-ms="14036" status="PASS">
          <reporter-output>
          </reporter-output>
        </test-method> <!-- TC30 -->
        <test-method is-config="true" signature="TearDownAfterMethod()[pri:0, instance:com.Salesforce.Automation.SalesforceContacts@5911e990]" started-at="2024-02-20T22:10:23 PST" name="TearDownAfterMethod" finished-at="2024-02-20T22:10:23 PST" duration-ms="207" status="PASS">
          <reporter-output>
          </reporter-output>
        </test-method> <!-- TearDownAfterMethod -->
        <test-method is-config="true" signature="SetupBeforeMethod(java.lang.String)[pri:0, instance:com.Salesforce.Automation.SalesforceContacts@5911e990]" started-at="2024-02-20T22:10:23 PST" name="SetupBeforeMethod" finished-at="2024-02-20T22:10:26 PST" duration-ms="2605" status="PASS">
          <params>
            <param index="0">
              <value>
                <![CDATA[chrome]]>
              </value>
            </param>
          </params>
          <reporter-output>
          </reporter-output>
        </test-method> <!-- SetupBeforeMethod -->
        <test-method signature="TC31()[pri:0, instance:com.Salesforce.Automation.SalesforceContacts@5911e990]" started-at="2024-02-20T22:10:26 PST" name="TC31" finished-at="2024-02-20T22:10:50 PST" duration-ms="24161" status="PASS">
          <reporter-output>
          </reporter-output>
        </test-method> <!-- TC31 -->
        <test-method is-config="true" signature="TearDownAfterMethod()[pri:0, instance:com.Salesforce.Automation.SalesforceContacts@5911e990]" started-at="2024-02-20T22:10:50 PST" name="TearDownAfterMethod" finished-at="2024-02-20T22:10:50 PST" duration-ms="73" status="PASS">
          <reporter-output>
          </reporter-output>
        </test-method> <!-- TearDownAfterMethod -->
        <test-method is-config="true" signature="SetupBeforeMethod(java.lang.String)[pri:0, instance:com.Salesforce.Automation.SalesforceContacts@5911e990]" started-at="2024-02-20T22:10:50 PST" name="SetupBeforeMethod" finished-at="2024-02-20T22:10:53 PST" duration-ms="3114" status="PASS">
          <params>
            <param index="0">
              <value>
                <![CDATA[chrome]]>
              </value>
            </param>
          </params>
          <reporter-output>
          </reporter-output>
        </test-method> <!-- SetupBeforeMethod -->
        <test-method signature="TC32()[pri:0, instance:com.Salesforce.Automation.SalesforceContacts@5911e990]" started-at="2024-02-20T22:10:53 PST" name="TC32" finished-at="2024-02-20T22:11:03 PST" duration-ms="10001" status="PASS">
          <reporter-output>
          </reporter-output>
        </test-method> <!-- TC32 -->
        <test-method is-config="true" signature="TearDownAfterMethod()[pri:0, instance:com.Salesforce.Automation.SalesforceContacts@5911e990]" started-at="2024-02-20T22:11:03 PST" name="TearDownAfterMethod" finished-at="2024-02-20T22:11:03 PST" duration-ms="199" status="PASS">
          <reporter-output>
          </reporter-output>
        </test-method> <!-- TearDownAfterMethod -->
      </class> <!-- com.Salesforce.Automation.SalesforceContacts -->
      <class name="com.Salesforce.Automation.SalesforceCreateAcc">
        <test-method is-config="true" signature="SetupBeforeMethod(java.lang.String)[pri:0, instance:com.Salesforce.Automation.SalesforceCreateAcc@47f4e407]" started-at="2024-02-20T22:16:23 PST" name="SetupBeforeMethod" finished-at="2024-02-20T22:16:26 PST" duration-ms="2693" status="PASS">
          <params>
            <param index="0">
              <value>
                <![CDATA[chrome]]>
              </value>
            </param>
          </params>
          <reporter-output>
          </reporter-output>
        </test-method> <!-- SetupBeforeMethod -->
        <test-method signature="Createanacc()[pri:0, instance:com.Salesforce.Automation.SalesforceCreateAcc@47f4e407]" started-at="2024-02-20T22:16:26 PST" name="Createanacc" finished-at="2024-02-20T22:16:37 PST" duration-ms="11297" status="PASS">
          <reporter-output>
          </reporter-output>
        </test-method> <!-- Createanacc -->
        <test-method is-config="true" signature="TearDownAfterMethod()[pri:0, instance:com.Salesforce.Automation.SalesforceCreateAcc@47f4e407]" started-at="2024-02-20T22:16:37 PST" name="TearDownAfterMethod" finished-at="2024-02-20T22:16:37 PST" duration-ms="204" status="PASS">
          <reporter-output>
          </reporter-output>
        </test-method> <!-- TearDownAfterMethod -->
        <test-method is-config="true" signature="SetupBeforeMethod(java.lang.String)[pri:0, instance:com.Salesforce.Automation.SalesforceCreateAcc@47f4e407]" started-at="2024-02-20T22:16:37 PST" name="SetupBeforeMethod" finished-at="2024-02-20T22:16:40 PST" duration-ms="2583" status="PASS">
          <params>
            <param index="0">
              <value>
                <![CDATA[chrome]]>
              </value>
            </param>
          </params>
          <reporter-output>
          </reporter-output>
        </test-method> <!-- SetupBeforeMethod -->
        <test-method signature="TC10a()[pri:0, instance:com.Salesforce.Automation.SalesforceCreateAcc@47f4e407]" started-at="2024-02-20T22:16:40 PST" name="TC10a" finished-at="2024-02-20T22:17:28 PST" duration-ms="48482" status="PASS">
          <reporter-output>
          </reporter-output>
        </test-method> <!-- TC10a -->
        <test-method is-config="true" signature="TearDownAfterMethod()[pri:0, instance:com.Salesforce.Automation.SalesforceCreateAcc@47f4e407]" started-at="2024-02-20T22:17:28 PST" name="TearDownAfterMethod" finished-at="2024-02-20T22:17:28 PST" duration-ms="207" status="PASS">
          <reporter-output>
          </reporter-output>
        </test-method> <!-- TearDownAfterMethod -->
        <test-method is-config="true" signature="SetupBeforeMethod(java.lang.String)[pri:0, instance:com.Salesforce.Automation.SalesforceCreateAcc@47f4e407]" started-at="2024-02-20T22:17:28 PST" name="SetupBeforeMethod" finished-at="2024-02-20T22:17:31 PST" duration-ms="3005" status="PASS">
          <params>
            <param index="0">
              <value>
                <![CDATA[chrome]]>
              </value>
            </param>
          </params>
          <reporter-output>
          </reporter-output>
        </test-method> <!-- SetupBeforeMethod -->
        <test-method signature="TC11Createnewview()[pri:0, instance:com.Salesforce.Automation.SalesforceCreateAcc@47f4e407]" started-at="2024-02-20T22:17:31 PST" name="TC11Createnewview" finished-at="2024-02-20T22:17:43 PST" duration-ms="11356" status="PASS">
          <reporter-output>
          </reporter-output>
        </test-method> <!-- TC11Createnewview -->
        <test-method is-config="true" signature="TearDownAfterMethod()[pri:0, instance:com.Salesforce.Automation.SalesforceCreateAcc@47f4e407]" started-at="2024-02-20T22:17:43 PST" name="TearDownAfterMethod" finished-at="2024-02-20T22:17:43 PST" duration-ms="210" status="PASS">
          <reporter-output>
          </reporter-output>
        </test-method> <!-- TearDownAfterMethod -->
        <test-method is-config="true" signature="SetupBeforeMethod(java.lang.String)[pri:0, instance:com.Salesforce.Automation.SalesforceCreateAcc@47f4e407]" started-at="2024-02-20T22:17:43 PST" name="SetupBeforeMethod" finished-at="2024-02-20T22:17:46 PST" duration-ms="2758" status="PASS">
          <params>
            <param index="0">
              <value>
                <![CDATA[chrome]]>
              </value>
            </param>
          </params>
          <reporter-output>
          </reporter-output>
        </test-method> <!-- SetupBeforeMethod -->
        <test-method signature="TC12Editview()[pri:0, instance:com.Salesforce.Automation.SalesforceCreateAcc@47f4e407]" started-at="2024-02-20T22:17:46 PST" name="TC12Editview" finished-at="2024-02-20T22:17:57 PST" duration-ms="10997" status="PASS">
          <reporter-output>
          </reporter-output>
        </test-method> <!-- TC12Editview -->
        <test-method is-config="true" signature="TearDownAfterMethod()[pri:0, instance:com.Salesforce.Automation.SalesforceCreateAcc@47f4e407]" started-at="2024-02-20T22:17:57 PST" name="TearDownAfterMethod" finished-at="2024-02-20T22:17:57 PST" duration-ms="215" status="PASS">
          <reporter-output>
          </reporter-output>
        </test-method> <!-- TearDownAfterMethod -->
        <test-method is-config="true" signature="SetupBeforeMethod(java.lang.String)[pri:0, instance:com.Salesforce.Automation.SalesforceCreateAcc@47f4e407]" started-at="2024-02-20T22:17:57 PST" name="SetupBeforeMethod" finished-at="2024-02-20T22:18:00 PST" duration-ms="2715" status="PASS">
          <params>
            <param index="0">
              <value>
                <![CDATA[chrome]]>
              </value>
            </param>
          </params>
          <reporter-output>
          </reporter-output>
        </test-method> <!-- SetupBeforeMethod -->
        <test-method signature="TC13()[pri:0, instance:com.Salesforce.Automation.SalesforceCreateAcc@47f4e407]" started-at="2024-02-20T22:18:00 PST" name="TC13" finished-at="2024-02-20T22:18:15 PST" duration-ms="14780" status="PASS">
          <reporter-output>
          </reporter-output>
        </test-method> <!-- TC13 -->
        <test-method is-config="true" signature="TearDownAfterMethod()[pri:0, instance:com.Salesforce.Automation.SalesforceCreateAcc@47f4e407]" started-at="2024-02-20T22:18:15 PST" name="TearDownAfterMethod" finished-at="2024-02-20T22:18:15 PST" duration-ms="253" status="PASS">
          <reporter-output>
          </reporter-output>
        </test-method> <!-- TearDownAfterMethod -->
        <test-method is-config="true" signature="SetupBeforeMethod(java.lang.String)[pri:0, instance:com.Salesforce.Automation.SalesforceCreateAcc@47f4e407]" started-at="2024-02-20T22:18:15 PST" name="SetupBeforeMethod" finished-at="2024-02-20T22:18:17 PST" duration-ms="2604" status="PASS">
          <params>
            <param index="0">
              <value>
                <![CDATA[chrome]]>
              </value>
            </param>
          </params>
          <reporter-output>
          </reporter-output>
        </test-method> <!-- SetupBeforeMethod -->
        <test-method signature="TC14()[pri:0, instance:com.Salesforce.Automation.SalesforceCreateAcc@47f4e407]" started-at="2024-02-20T22:18:17 PST" name="TC14" finished-at="2024-02-20T22:18:58 PST" duration-ms="40190" status="FAIL">
          <exception class="org.openqa.selenium.NoSuchElementException">
            <message>
              <![CDATA[no such element: Unable to locate element: {"method":"xpath","selector":"//*[@id="noTableContainer"]/div/div[1]/div[1]/div[1]/h1"}
  (Session info: chrome=121.0.6167.184)
For documentation on this error, please visit: https://www.seleniumhq.org/exceptions/no_such_element.html
Build info: version: '3.141.59', revision: 'e82be7d358', time: '2018-11-14T08:17:03'
System info: host: 'Niwass-MBP.lan', ip: 'fd86:ed9:dae0:0:1450:d6a9:60c7:8262%en0', os.name: 'Mac OS X', os.arch: 'x86_64', os.version: '12.6.1', java.version: '17.0.9'
Driver info: org.openqa.selenium.chrome.ChromeDriver
Capabilities {acceptInsecureCerts: false, browserName: chrome, browserVersion: 121.0.6167.184, chrome: {chromedriverVersion: 121.0.6167.184 (057a8ae7deb..., userDataDir: /var/folders/1g/xfp6050j62l...}, fedcm:accounts: true, goog:chromeOptions: {debuggerAddress: localhost:54502}, javascriptEnabled: true, networkConnectionEnabled: false, pageLoadStrategy: normal, platform: MAC, platformName: MAC, proxy: Proxy(), setWindowRect: true, strictFileInteractability: false, timeouts: {implicit: 0, pageLoad: 300000, script: 30000}, unhandledPromptBehavior: dismiss and notify, webauthn:extension:credBlob: true, webauthn:extension:largeBlob: true, webauthn:extension:minPinLength: true, webauthn:extension:prf: true, webauthn:virtualAuthenticators: true}
Session ID: 2e1d0a1a63ba50f504ac5c783803e1a1
*** Element info: {Using=xpath, value=//*[@id="noTableContainer"]/div/div[1]/div[1]/div[1]/h1}]]>
            </message>
            <full-stacktrace>
              <![CDATA[org.openqa.selenium.NoSuchElementException: no such element: Unable to locate element: {"method":"xpath","selector":"//*[@id="noTableContainer"]/div/div[1]/div[1]/div[1]/h1"}
  (Session info: chrome=121.0.6167.184)
For documentation on this error, please visit: https://www.seleniumhq.org/exceptions/no_such_element.html
Build info: version: '3.141.59', revision: 'e82be7d358', time: '2018-11-14T08:17:03'
System info: host: 'Niwass-MBP.lan', ip: 'fd86:ed9:dae0:0:1450:d6a9:60c7:8262%en0', os.name: 'Mac OS X', os.arch: 'x86_64', os.version: '12.6.1', java.version: '17.0.9'
Driver info: org.openqa.selenium.chrome.ChromeDriver
Capabilities {acceptInsecureCerts: false, browserName: chrome, browserVersion: 121.0.6167.184, chrome: {chromedriverVersion: 121.0.6167.184 (057a8ae7deb..., userDataDir: /var/folders/1g/xfp6050j62l...}, fedcm:accounts: true, goog:chromeOptions: {debuggerAddress: localhost:54502}, javascriptEnabled: true, networkConnectionEnabled: false, pageLoadStrategy: normal, platform: MAC, platformName: MAC, proxy: Proxy(), setWindowRect: true, strictFileInteractability: false, timeouts: {implicit: 0, pageLoad: 300000, script: 30000}, unhandledPromptBehavior: dismiss and notify, webauthn:extension:credBlob: true, webauthn:extension:largeBlob: true, webauthn:extension:minPinLength: true, webauthn:extension:prf: true, webauthn:virtualAuthenticators: true}
Session ID: 2e1d0a1a63ba50f504ac5c783803e1a1
*** Element info: {Using=xpath, value=//*[@id="noTableContainer"]/div/div[1]/div[1]/div[1]/h1}
at java.base/jdk.internal.reflect.NativeConstructorAccessorImpl.newInstance0(Native Method)
at java.base/jdk.internal.reflect.NativeConstructorAccessorImpl.newInstance(NativeConstructorAccessorImpl.java:77)
at java.base/jdk.internal.reflect.DelegatingConstructorAccessorImpl.newInstance(DelegatingConstructorAccessorImpl.java:45)
at java.base/java.lang.reflect.Constructor.newInstanceWithCaller(Constructor.java:499)
at java.base/java.lang.reflect.Constructor.newInstance(Constructor.java:480)
at org.openqa.selenium.remote.http.W3CHttpResponseCodec.createException(W3CHttpResponseCodec.java:187)
at org.openqa.selenium.remote.http.W3CHttpResponseCodec.decode(W3CHttpResponseCodec.java:122)
at org.openqa.selenium.remote.http.W3CHttpResponseCodec.decode(W3CHttpResponseCodec.java:49)
at org.openqa.selenium.remote.HttpCommandExecutor.execute(HttpCommandExecutor.java:158)
at org.openqa.selenium.remote.service.DriverCommandExecutor.execute(DriverCommandExecutor.java:83)
at org.openqa.selenium.remote.RemoteWebDriver.execute(RemoteWebDriver.java:552)
at org.openqa.selenium.remote.RemoteWebDriver.findElement(RemoteWebDriver.java:323)
at org.openqa.selenium.remote.RemoteWebDriver.findElementByXPath(RemoteWebDriver.java:428)
at org.openqa.selenium.By$ByXPath.findElement(By.java:353)
at org.openqa.selenium.remote.RemoteWebDriver.findElement(RemoteWebDriver.java:315)
at com.Salesforce.Automation.SalesforceCreateAcc.TC14(SalesforceCreateAcc.java:278)
at java.base/jdk.internal.reflect.NativeMethodAccessorImpl.invoke0(Native Method)
at java.base/jdk.internal.reflect.NativeMethodAccessorImpl.invoke(NativeMethodAccessorImpl.java:77)
at java.base/jdk.internal.reflect.DelegatingMethodAccessorImpl.invoke(DelegatingMethodAccessorImpl.java:43)
at java.base/java.lang.reflect.Method.invoke(Method.java:568)
at org.testng.internal.invokers.MethodInvocationHelper.invokeMethod(MethodInvocationHelper.java:139)
at org.testng.internal.invokers.TestInvoker.invokeMethod(TestInvoker.java:677)
at org.testng.internal.invokers.TestInvoker.invokeTestMethod(TestInvoker.java:221)
at org.testng.internal.invokers.MethodRunner.runInSequence(MethodRunner.java:50)
at org.testng.internal.invokers.TestInvoker$MethodInvocationAgent.invoke(TestInvoker.java:969)
at org.testng.internal.invokers.TestInvoker.invokeTestMethods(TestInvoker.java:194)
at org.testng.internal.invokers.TestMethodWorker.invokeTestMethods(TestMethodWorker.java:148)
at org.testng.internal.invokers.TestMethodWorker.run(TestMethodWorker.java:128)
at java.base/java.util.ArrayList.forEach(ArrayList.java:1511)
at org.testng.TestRunner.privateRun(TestRunner.java:829)
at org.testng.TestRunner.run(TestRunner.java:602)
at org.testng.SuiteRunner.runTest(SuiteRunner.java:437)
at org.testng.SuiteRunner.runSequentially(SuiteRunner.java:431)
at org.testng.SuiteRunner.privateRun(SuiteRunner.java:391)
at org.testng.SuiteRunner.run(SuiteRunner.java:330)
at org.testng.SuiteRunnerWorker.runSuite(SuiteRunnerWorker.java:52)
at org.testng.SuiteRunnerWorker.run(SuiteRunnerWorker.java:95)
at org.testng.TestNG.runSuitesSequentially(TestNG.java:1256)
at org.testng.TestNG.runSuitesLocally(TestNG.java:1176)
at org.testng.TestNG.runSuites(TestNG.java:1099)
at org.testng.TestNG.run(TestNG.java:1067)
at org.testng.remote.AbstractRemoteTestNG.run(AbstractRemoteTestNG.java:115)
at org.testng.remote.RemoteTestNG.initAndRun(RemoteTestNG.java:251)
at org.testng.remote.RemoteTestNG.main(RemoteTestNG.java:77)
]]>
            </full-stacktrace>
          </exception> <!-- org.openqa.selenium.NoSuchElementException -->
          <reporter-output>
          </reporter-output>
        </test-method> <!-- TC14 -->
        <test-method is-config="true" signature="TearDownAfterMethod()[pri:0, instance:com.Salesforce.Automation.SalesforceCreateAcc@47f4e407]" started-at="2024-02-20T22:18:58 PST" name="TearDownAfterMethod" finished-at="2024-02-20T22:18:58 PST" duration-ms="187" status="PASS">
          <reporter-output>
          </reporter-output>
        </test-method> <!-- TearDownAfterMethod -->
      </class> <!-- com.Salesforce.Automation.SalesforceCreateAcc -->
    </test> <!-- SFDCTest -->
  </suite> <!-- SFDCSuite -->
</testng-results>
