<?xml version="1.0" encoding="UTF-8"?>
<!-- Generated by org.testng.reporters.JUnitXMLReporter -->
<testsuite ignored="0" hostname="Niwass-MBP.lan" failures="1" tests="8" name="SalesforceContacts" time="56.011" errors="0" timestamp="2024-02-19T23:05:54 PST">
  <testcase classname="com.Salesforce.base.SFDCBasecase" name="@AfterMethod TearDownAfterMethod" time="0.859">
    <failure type="org.openqa.selenium.NoSuchSessionException" message="invalid session id
Build info: version: &amp;apos;3.141.59&amp;apos;, revision: &amp;apos;e82be7d358&amp;apos;, time: &amp;apos;2018-11-14T08:17:03&amp;apos;
System info: host: &amp;apos;Niwass-MBP.lan&amp;apos;, ip: &amp;apos;fd86:ed9:dae0:0:1450:d6a9:60c7:8262%en0&amp;apos;, os.name: &amp;apos;Mac OS X&amp;apos;, os.arch: &amp;apos;x86_64&amp;apos;, os.version: &amp;apos;12.6.1&amp;apos;, java.version: &amp;apos;17.0.9&amp;apos;
Driver info: org.openqa.selenium.chrome.ChromeDriver
Capabilities {acceptInsecureCerts: false, browserName: chrome, browserVersion: 121.0.6167.184, chrome: {chromedriverVersion: 121.0.6167.184 (057a8ae7deb..., userDataDir: /var/folders/1g/xfp6050j62l...}, fedcm:accounts: true, goog:chromeOptions: {debuggerAddress: localhost:64270}, javascriptEnabled: true, networkConnectionEnabled: false, pageLoadStrategy: normal, platform: MAC, platformName: MAC, proxy: Proxy(), setWindowRect: true, strictFileInteractability: false, timeouts: {implicit: 0, pageLoad: 300000, script: 30000}, unhandledPromptBehavior: dismiss and notify, webauthn:extension:credBlob: true, webauthn:extension:largeBlob: true, webauthn:extension:minPinLength: true, webauthn:extension:prf: true, webauthn:virtualAuthenticators: true}
Session ID: 714cbd4281c9b1fea3fc9db900d5ee1d">
      <![CDATA[org.openqa.selenium.NoSuchSessionException: invalid session id
Build info: version: '3.141.59', revision: 'e82be7d358', time: '2018-11-14T08:17:03'
System info: host: 'Niwass-MBP.lan', ip: 'fd86:ed9:dae0:0:1450:d6a9:60c7:8262%en0', os.name: 'Mac OS X', os.arch: 'x86_64', os.version: '12.6.1', java.version: '17.0.9'
Driver info: org.openqa.selenium.chrome.ChromeDriver
Capabilities {acceptInsecureCerts: false, browserName: chrome, browserVersion: 121.0.6167.184, chrome: {chromedriverVersion: 121.0.6167.184 (057a8ae7deb..., userDataDir: /var/folders/1g/xfp6050j62l...}, fedcm:accounts: true, goog:chromeOptions: {debuggerAddress: localhost:64270}, javascriptEnabled: true, networkConnectionEnabled: false, pageLoadStrategy: normal, platform: MAC, platformName: MAC, proxy: Proxy(), setWindowRect: true, strictFileInteractability: false, timeouts: {implicit: 0, pageLoad: 300000, script: 30000}, unhandledPromptBehavior: dismiss and notify, webauthn:extension:credBlob: true, webauthn:extension:largeBlob: true, webauthn:extension:minPinLength: true, webauthn:extension:prf: true, webauthn:virtualAuthenticators: true}
Session ID: 714cbd4281c9b1fea3fc9db900d5ee1d
at org.openqa.selenium.remote.http.W3CHttpResponseCodec.createException(W3CHttpResponseCodec.java:187)
at org.openqa.selenium.remote.http.W3CHttpResponseCodec.decode(W3CHttpResponseCodec.java:122)
at org.openqa.selenium.remote.http.W3CHttpResponseCodec.decode(W3CHttpResponseCodec.java:49)
at org.openqa.selenium.remote.HttpCommandExecutor.execute(HttpCommandExecutor.java:158)
at org.openqa.selenium.remote.service.DriverCommandExecutor.execute(DriverCommandExecutor.java:83)
at org.openqa.selenium.remote.RemoteWebDriver.execute(RemoteWebDriver.java:552)
at org.openqa.selenium.remote.RemoteWebDriver.execute(RemoteWebDriver.java:609)
at org.openqa.selenium.remote.RemoteWebDriver.close(RemoteWebDriver.java:442)
at com.Salesforce.base.BaseTest.closeBrowser(BaseTest.java:106)
at com.Salesforce.base.SFDCBasecase.TearDownAfterMethod(SFDCBasecase.java:45)
at java.base/java.util.ArrayList.forEach(ArrayList.java:1511)
at java.base/java.util.concurrent.FutureTask.run(FutureTask.java:264)
at java.base/java.util.concurrent.ThreadPoolExecutor.runWorker(ThreadPoolExecutor.java:1136)
at java.base/java.util.concurrent.ThreadPoolExecutor$Worker.run(ThreadPoolExecutor.java:635)
at java.base/java.lang.Thread.run(Thread.java:842)
... Removed 27 stack frames]]>
    </failure>
  </testcase> <!-- @AfterMethod TearDownAfterMethod -->
  <testcase classname="com.Salesforce.base.SFDCBasecase" name="@BeforeMethod SetupBeforeMethod" time="0.0">
    <skipped/>
  </testcase> <!-- @BeforeMethod SetupBeforeMethod -->
  <testcase classname="com.Salesforce.base.SFDCBasecase" name="@AfterMethod TearDownAfterMethod" time="0.0">
    <skipped/>
  </testcase> <!-- @AfterMethod TearDownAfterMethod -->
  <testcase classname="com.Salesforce.base.SFDCBasecase" name="@AfterMethod TearDownAfterMethod" time="0.344">
    <failure type="org.openqa.selenium.NoSuchSessionException" message="invalid session id
Build info: version: &amp;apos;3.141.59&amp;apos;, revision: &amp;apos;e82be7d358&amp;apos;, time: &amp;apos;2018-11-14T08:17:03&amp;apos;
System info: host: &amp;apos;Niwass-MBP.lan&amp;apos;, ip: &amp;apos;fd86:ed9:dae0:0:1450:d6a9:60c7:8262%en0&amp;apos;, os.name: &amp;apos;Mac OS X&amp;apos;, os.arch: &amp;apos;x86_64&amp;apos;, os.version: &amp;apos;12.6.1&amp;apos;, java.version: &amp;apos;17.0.9&amp;apos;
Driver info: org.openqa.selenium.chrome.ChromeDriver
Capabilities {acceptInsecureCerts: false, browserName: chrome, browserVersion: 121.0.6167.184, chrome: {chromedriverVersion: 121.0.6167.184 (057a8ae7deb..., userDataDir: /var/folders/1g/xfp6050j62l...}, fedcm:accounts: true, goog:chromeOptions: {debuggerAddress: localhost:64270}, javascriptEnabled: true, networkConnectionEnabled: false, pageLoadStrategy: normal, platform: MAC, platformName: MAC, proxy: Proxy(), setWindowRect: true, strictFileInteractability: false, timeouts: {implicit: 0, pageLoad: 300000, script: 30000}, unhandledPromptBehavior: dismiss and notify, webauthn:extension:credBlob: true, webauthn:extension:largeBlob: true, webauthn:extension:minPinLength: true, webauthn:extension:prf: true, webauthn:virtualAuthenticators: true}
Session ID: 714cbd4281c9b1fea3fc9db900d5ee1d">
      <![CDATA[org.openqa.selenium.NoSuchSessionException: invalid session id
Build info: version: '3.141.59', revision: 'e82be7d358', time: '2018-11-14T08:17:03'
System info: host: 'Niwass-MBP.lan', ip: 'fd86:ed9:dae0:0:1450:d6a9:60c7:8262%en0', os.name: 'Mac OS X', os.arch: 'x86_64', os.version: '12.6.1', java.version: '17.0.9'
Driver info: org.openqa.selenium.chrome.ChromeDriver
Capabilities {acceptInsecureCerts: false, browserName: chrome, browserVersion: 121.0.6167.184, chrome: {chromedriverVersion: 121.0.6167.184 (057a8ae7deb..., userDataDir: /var/folders/1g/xfp6050j62l...}, fedcm:accounts: true, goog:chromeOptions: {debuggerAddress: localhost:64270}, javascriptEnabled: true, networkConnectionEnabled: false, pageLoadStrategy: normal, platform: MAC, platformName: MAC, proxy: Proxy(), setWindowRect: true, strictFileInteractability: false, timeouts: {implicit: 0, pageLoad: 300000, script: 30000}, unhandledPromptBehavior: dismiss and notify, webauthn:extension:credBlob: true, webauthn:extension:largeBlob: true, webauthn:extension:minPinLength: true, webauthn:extension:prf: true, webauthn:virtualAuthenticators: true}
Session ID: 714cbd4281c9b1fea3fc9db900d5ee1d
at org.openqa.selenium.remote.http.W3CHttpResponseCodec.createException(W3CHttpResponseCodec.java:187)
at org.openqa.selenium.remote.http.W3CHttpResponseCodec.decode(W3CHttpResponseCodec.java:122)
at org.openqa.selenium.remote.http.W3CHttpResponseCodec.decode(W3CHttpResponseCodec.java:49)
at org.openqa.selenium.remote.HttpCommandExecutor.execute(HttpCommandExecutor.java:158)
at org.openqa.selenium.remote.service.DriverCommandExecutor.execute(DriverCommandExecutor.java:83)
at org.openqa.selenium.remote.RemoteWebDriver.execute(RemoteWebDriver.java:552)
at org.openqa.selenium.remote.RemoteWebDriver.execute(RemoteWebDriver.java:609)
at org.openqa.selenium.remote.RemoteWebDriver.close(RemoteWebDriver.java:442)
at com.Salesforce.base.BaseTest.closeBrowser(BaseTest.java:106)
at com.Salesforce.base.SFDCBasecase.TearDownAfterMethod(SFDCBasecase.java:45)
at java.base/java.util.ArrayList.forEach(ArrayList.java:1511)
at java.base/java.util.concurrent.FutureTask.run(FutureTask.java:264)
at java.base/java.util.concurrent.ThreadPoolExecutor.runWorker(ThreadPoolExecutor.java:1136)
at java.base/java.util.concurrent.ThreadPoolExecutor$Worker.run(ThreadPoolExecutor.java:635)
at java.base/java.lang.Thread.run(Thread.java:842)
... Removed 27 stack frames]]>
    </failure>
  </testcase> <!-- @AfterMethod TearDownAfterMethod -->
  <testcase classname="com.Salesforce.base.SFDCBasecase" name="@BeforeMethod SetupBeforeMethod" time="0.0">
    <skipped/>
  </testcase> <!-- @BeforeMethod SetupBeforeMethod -->
  <testcase classname="com.Salesforce.base.SFDCBasecase" name="@BeforeMethod SetupBeforeMethod" time="0.0">
    <skipped/>
  </testcase> <!-- @BeforeMethod SetupBeforeMethod -->
  <testcase classname="com.Salesforce.base.SFDCBasecase" name="@AfterMethod TearDownAfterMethod" time="0.0">
    <skipped/>
  </testcase> <!-- @AfterMethod TearDownAfterMethod -->
  <testcase classname="com.Salesforce.base.SFDCBasecase" name="@BeforeMethod SetupBeforeMethod" time="0.0">
    <skipped/>
  </testcase> <!-- @BeforeMethod SetupBeforeMethod -->
  <testcase classname="com.Salesforce.base.SFDCBasecase" name="@AfterMethod TearDownAfterMethod" time="0.0">
    <skipped/>
  </testcase> <!-- @AfterMethod TearDownAfterMethod -->
  <testcase classname="com.Salesforce.base.SFDCBasecase" name="@BeforeMethod SetupBeforeMethod" time="0.0">
    <skipped/>
  </testcase> <!-- @BeforeMethod SetupBeforeMethod -->
  <testcase classname="com.Salesforce.base.SFDCBasecase" name="@AfterMethod TearDownAfterMethod" time="0.0">
    <skipped/>
  </testcase> <!-- @AfterMethod TearDownAfterMethod -->
  <testcase classname="com.Salesforce.base.SFDCBasecase" name="@BeforeMethod SetupBeforeMethod" time="0.0">
    <skipped/>
  </testcase> <!-- @BeforeMethod SetupBeforeMethod -->
  <testcase classname="com.Salesforce.base.SFDCBasecase" name="@AfterMethod TearDownAfterMethod" time="0.0">
    <skipped/>
  </testcase> <!-- @AfterMethod TearDownAfterMethod -->
  <testcase classname="com.Salesforce.base.SFDCBasecase" name="@AfterMethod TearDownAfterMethod" time="0.0">
    <skipped/>
  </testcase> <!-- @AfterMethod TearDownAfterMethod -->
  <testcase classname="com.Salesforce.base.SFDCBasecase" name="@BeforeMethod SetupBeforeMethod" time="0.0">
    <skipped/>
  </testcase> <!-- @BeforeMethod SetupBeforeMethod -->
  <testcase classname="com.Salesforce.base.SFDCBasecase" name="@BeforeMethod SetupBeforeMethod" time="0.0">
    <skipped/>
  </testcase> <!-- @BeforeMethod SetupBeforeMethod -->
  <testcase classname="com.Salesforce.base.SFDCBasecase" name="@AfterMethod TearDownAfterMethod" time="0.0">
    <skipped/>
  </testcase> <!-- @AfterMethod TearDownAfterMethod -->
  <testcase classname="com.Salesforce.base.SFDCBasecase" name="@BeforeMethod SetupBeforeMethod" time="0.0">
    <skipped/>
  </testcase> <!-- @BeforeMethod SetupBeforeMethod -->
  <testcase classname="com.Salesforce.base.SFDCBasecase" name="@AfterMethod TearDownAfterMethod" time="0.0">
    <skipped/>
  </testcase> <!-- @AfterMethod TearDownAfterMethod -->
  <testcase classname="com.Salesforce.base.SFDCBasecase" name="@BeforeMethod SetupBeforeMethod" time="0.0">
    <skipped/>
  </testcase> <!-- @BeforeMethod SetupBeforeMethod -->
  <testcase classname="com.Salesforce.base.SFDCBasecase" name="@AfterMethod TearDownAfterMethod" time="0.0">
    <skipped/>
  </testcase> <!-- @AfterMethod TearDownAfterMethod -->
  <testcase classname="com.Salesforce.base.SFDCBasecase" name="@BeforeMethod SetupBeforeMethod" time="0.0">
    <skipped/>
  </testcase> <!-- @BeforeMethod SetupBeforeMethod -->
  <testcase classname="com.Salesforce.base.SFDCBasecase" name="@AfterMethod TearDownAfterMethod" time="0.0">
    <skipped/>
  </testcase> <!-- @AfterMethod TearDownAfterMethod -->
  <testcase classname="com.Salesforce.base.SFDCBasecase" name="@BeforeMethod SetupBeforeMethod" time="0.0">
    <skipped/>
  </testcase> <!-- @BeforeMethod SetupBeforeMethod -->
  <testcase classname="com.Salesforce.base.SFDCBasecase" name="@AfterMethod TearDownAfterMethod" time="0.0">
    <skipped/>
  </testcase> <!-- @AfterMethod TearDownAfterMethod -->
  <testcase classname="com.Salesforce.base.SFDCBasecase" name="@AfterMethod TearDownAfterMethod" time="0.0">
    <skipped/>
  </testcase> <!-- @AfterMethod TearDownAfterMethod -->
  <testcase classname="com.Salesforce.Automation.SalesforceContacts" name="TC25" time="14.719">
    <failure type="org.openqa.selenium.StaleElementReferenceException" message="stale element reference: stale element not found
  (Session info: chrome=121.0.6167.184)
For documentation on this error, please visit: https://www.seleniumhq.org/exceptions/stale_element_reference.html
Build info: version: &amp;apos;3.141.59&amp;apos;, revision: &amp;apos;e82be7d358&amp;apos;, time: &amp;apos;2018-11-14T08:17:03&amp;apos;
System info: host: &amp;apos;Niwass-MBP.lan&amp;apos;, ip: &amp;apos;fd86:ed9:dae0:0:1450:d6a9:60c7:8262%en0&amp;apos;, os.name: &amp;apos;Mac OS X&amp;apos;, os.arch: &amp;apos;x86_64&amp;apos;, os.version: &amp;apos;12.6.1&amp;apos;, java.version: &amp;apos;17.0.9&amp;apos;
Driver info: org.openqa.selenium.chrome.ChromeDriver
Capabilities {acceptInsecureCerts: false, browserName: chrome, browserVersion: 121.0.6167.184, chrome: {chromedriverVersion: 121.0.6167.184 (057a8ae7deb..., userDataDir: /var/folders/1g/xfp6050j62l...}, fedcm:accounts: true, goog:chromeOptions: {debuggerAddress: localhost:64270}, javascriptEnabled: true, networkConnectionEnabled: false, pageLoadStrategy: normal, platform: MAC, platformName: MAC, proxy: Proxy(), setWindowRect: true, strictFileInteractability: false, timeouts: {implicit: 0, pageLoad: 300000, script: 30000}, unhandledPromptBehavior: dismiss and notify, webauthn:extension:credBlob: true, webauthn:extension:largeBlob: true, webauthn:extension:minPinLength: true, webauthn:extension:prf: true, webauthn:virtualAuthenticators: true}
Session ID: 714cbd4281c9b1fea3fc9db900d5ee1d">
      <![CDATA[org.openqa.selenium.StaleElementReferenceException: stale element reference: stale element not found
  (Session info: chrome=121.0.6167.184)
For documentation on this error, please visit: https://www.seleniumhq.org/exceptions/stale_element_reference.html
Build info: version: '3.141.59', revision: 'e82be7d358', time: '2018-11-14T08:17:03'
System info: host: 'Niwass-MBP.lan', ip: 'fd86:ed9:dae0:0:1450:d6a9:60c7:8262%en0', os.name: 'Mac OS X', os.arch: 'x86_64', os.version: '12.6.1', java.version: '17.0.9'
Driver info: org.openqa.selenium.chrome.ChromeDriver
Capabilities {acceptInsecureCerts: false, browserName: chrome, browserVersion: 121.0.6167.184, chrome: {chromedriverVersion: 121.0.6167.184 (057a8ae7deb..., userDataDir: /var/folders/1g/xfp6050j62l...}, fedcm:accounts: true, goog:chromeOptions: {debuggerAddress: localhost:64270}, javascriptEnabled: true, networkConnectionEnabled: false, pageLoadStrategy: normal, platform: MAC, platformName: MAC, proxy: Proxy(), setWindowRect: true, strictFileInteractability: false, timeouts: {implicit: 0, pageLoad: 300000, script: 30000}, unhandledPromptBehavior: dismiss and notify, webauthn:extension:credBlob: true, webauthn:extension:largeBlob: true, webauthn:extension:minPinLength: true, webauthn:extension:prf: true, webauthn:virtualAuthenticators: true}
Session ID: 714cbd4281c9b1fea3fc9db900d5ee1d
at org.openqa.selenium.remote.http.W3CHttpResponseCodec.createException(W3CHttpResponseCodec.java:187)
at org.openqa.selenium.remote.http.W3CHttpResponseCodec.decode(W3CHttpResponseCodec.java:122)
at org.openqa.selenium.remote.http.W3CHttpResponseCodec.decode(W3CHttpResponseCodec.java:49)
at org.openqa.selenium.remote.HttpCommandExecutor.execute(HttpCommandExecutor.java:158)
at org.openqa.selenium.remote.service.DriverCommandExecutor.execute(DriverCommandExecutor.java:83)
at org.openqa.selenium.remote.RemoteWebDriver.execute(RemoteWebDriver.java:552)
at org.openqa.selenium.remote.RemoteWebElement.execute(RemoteWebElement.java:285)
at org.openqa.selenium.remote.RemoteWebElement.click(RemoteWebElement.java:84)
at com.Salesforce.base.BaseTest.clickElement(BaseTest.java:88)
at com.Salesforce.base.SFDCBasecase.LogintoSFDC(SFDCBasecase.java:63)
at com.Salesforce.Automation.SalesforceContacts.TC25(SalesforceContacts.java:22)
at java.base/java.util.ArrayList.forEach(ArrayList.java:1511)
at java.base/java.util.concurrent.FutureTask.run(FutureTask.java:264)
at java.base/java.util.concurrent.ThreadPoolExecutor.runWorker(ThreadPoolExecutor.java:1136)
at java.base/java.util.concurrent.ThreadPoolExecutor$Worker.run(ThreadPoolExecutor.java:635)
at java.base/java.lang.Thread.run(Thread.java:842)
... Removed 22 stack frames]]>
    </failure>
  </testcase> <!-- TC25 -->
  <testcase classname="com.Salesforce.Automation.SalesforceContacts" name="TC26" time="0.0">
    <skipped/>
  </testcase> <!-- TC26 -->
  <testcase classname="com.Salesforce.Automation.SalesforceContacts" name="TC27" time="0.0">
    <skipped/>
  </testcase> <!-- TC27 -->
  <testcase classname="com.Salesforce.Automation.SalesforceContacts" name="TC28" time="0.0">
    <skipped/>
  </testcase> <!-- TC28 -->
  <testcase classname="com.Salesforce.Automation.SalesforceContacts" name="TC29" time="0.0">
    <skipped/>
  </testcase> <!-- TC29 -->
  <testcase classname="com.Salesforce.Automation.SalesforceContacts" name="TC30" time="0.0">
    <skipped/>
  </testcase> <!-- TC30 -->
  <testcase classname="com.Salesforce.Automation.SalesforceContacts" name="TC31" time="0.0">
    <skipped/>
  </testcase> <!-- TC31 -->
  <testcase classname="com.Salesforce.Automation.SalesforceContacts" name="TC32" time="0.0">
    <skipped/>
  </testcase> <!-- TC32 -->
</testsuite> <!-- SalesforceContacts -->
