<?xml version="1.0" encoding="UTF-8"?>
<!-- Generated by org.testng.reporters.JUnitXMLReporter -->
<testsuite ignored="0" hostname="Niwass-MBP.lan" failures="5" tests="40" name="SFDCTestCases" time="742.748" errors="0" timestamp="2024-02-18T19:16:06 PST">
  <testcase classname="com.Salesforce.Automation.SalesforceContacts" name="TC25" time="13.502"/>
  <testcase classname="com.Salesforce.Automation.SalesforceContacts" name="TC26" time="20.485"/>
  <testcase classname="com.Salesforce.Automation.SalesforceContacts" name="TC27" time="6.781"/>
  <testcase classname="com.Salesforce.Automation.SalesforceContacts" name="TC28" time="14.463"/>
  <testcase classname="com.Salesforce.Automation.SalesforceContacts" name="TC29" time="15.638"/>
  <testcase classname="com.Salesforce.Automation.SalesforceContacts" name="TC30" time="14.327"/>
  <testcase classname="com.Salesforce.Automation.SalesforceContacts" name="TC31" time="25.267"/>
  <testcase classname="com.Salesforce.Automation.SalesforceContacts" name="TC32" time="9.301"/>
  <testcase classname="com.Salesforce.Automation.SalesforceCreateAcc" name="Createanacc" time="11.49"/>
  <testcase classname="com.Salesforce.Automation.SalesforceCreateAcc" name="TC10a" time="46.081"/>
  <testcase classname="com.Salesforce.Automation.SalesforceCreateAcc" name="TC11Createnewview" time="11.061"/>
  <testcase classname="com.Salesforce.Automation.SalesforceCreateAcc" name="TC12Editview" time="37.446">
    <failure type="org.openqa.selenium.NoSuchElementException" message="Cannot locate element with text: Mount
For documentation on this error, please visit: https://www.seleniumhq.org/exceptions/no_such_element.html
Build info: version: &amp;apos;3.141.59&amp;apos;, revision: &amp;apos;e82be7d358&amp;apos;, time: &amp;apos;2018-11-14T08:17:03&amp;apos;
System info: host: &amp;apos;Niwass-MBP.lan&amp;apos;, ip: &amp;apos;fd86:ed9:dae0:0:1450:d6a9:60c7:8262%en0&amp;apos;, os.name: &amp;apos;Mac OS X&amp;apos;, os.arch: &amp;apos;x86_64&amp;apos;, os.version: &amp;apos;12.6.1&amp;apos;, java.version: &amp;apos;17.0.9&amp;apos;
Driver info: driver.version: unknown">
      <![CDATA[org.openqa.selenium.NoSuchElementException: Cannot locate element with text: Mount
For documentation on this error, please visit: https://www.seleniumhq.org/exceptions/no_such_element.html
Build info: version: '3.141.59', revision: 'e82be7d358', time: '2018-11-14T08:17:03'
System info: host: 'Niwass-MBP.lan', ip: 'fd86:ed9:dae0:0:1450:d6a9:60c7:8262%en0', os.name: 'Mac OS X', os.arch: 'x86_64', os.version: '12.6.1', java.version: '17.0.9'
Driver info: driver.version: unknown
at org.openqa.selenium.support.ui.Select.selectByVisibleText(Select.java:147)
at com.Salesforce.Automation.SalesforceCreateAcc.TC12Editview(SalesforceCreateAcc.java:145)
at java.base/java.util.ArrayList.forEach(ArrayList.java:1511)
... Removed 27 stack frames]]>
    </failure>
  </testcase> <!-- TC12Editview -->
  <testcase classname="com.Salesforce.Automation.SalesforceCreateAcc" name="TC13" time="9.71"/>
  <testcase classname="com.Salesforce.Automation.SalesforceCreateAcc" name="TC14" time="40.918">
    <failure type="org.openqa.selenium.NoSuchElementException" message="no such element: Unable to locate element: {&amp;quot;method&amp;quot;:&amp;quot;xpath&amp;quot;,&amp;quot;selector&amp;quot;:&amp;quot;//*[@id=&amp;quot;noTableContainer&amp;quot;]/div/div[1]/div[1]/div[1]/h1&amp;quot;}
  (Session info: chrome=121.0.6167.184)
For documentation on this error, please visit: https://www.seleniumhq.org/exceptions/no_such_element.html
Build info: version: &amp;apos;3.141.59&amp;apos;, revision: &amp;apos;e82be7d358&amp;apos;, time: &amp;apos;2018-11-14T08:17:03&amp;apos;
System info: host: &amp;apos;Niwass-MBP.lan&amp;apos;, ip: &amp;apos;fd86:ed9:dae0:0:1450:d6a9:60c7:8262%en0&amp;apos;, os.name: &amp;apos;Mac OS X&amp;apos;, os.arch: &amp;apos;x86_64&amp;apos;, os.version: &amp;apos;12.6.1&amp;apos;, java.version: &amp;apos;17.0.9&amp;apos;
Driver info: org.openqa.selenium.chrome.ChromeDriver
Capabilities {acceptInsecureCerts: false, browserName: chrome, browserVersion: 121.0.6167.184, chrome: {chromedriverVersion: 121.0.6167.184 (057a8ae7deb..., userDataDir: /var/folders/1g/xfp6050j62l...}, fedcm:accounts: true, goog:chromeOptions: {debuggerAddress: localhost:61776}, javascriptEnabled: true, networkConnectionEnabled: false, pageLoadStrategy: normal, platform: MAC, platformName: MAC, proxy: Proxy(), setWindowRect: true, strictFileInteractability: false, timeouts: {implicit: 0, pageLoad: 300000, script: 30000}, unhandledPromptBehavior: dismiss and notify, webauthn:extension:credBlob: true, webauthn:extension:largeBlob: true, webauthn:extension:minPinLength: true, webauthn:extension:prf: true, webauthn:virtualAuthenticators: true}
Session ID: f5e6598e0036282c2e71ab26bf2f7279
*** Element info: {Using=xpath, value=//*[@id=&amp;quot;noTableContainer&amp;quot;]/div/div[1]/div[1]/div[1]/h1}">
      <![CDATA[org.openqa.selenium.NoSuchElementException: no such element: Unable to locate element: {"method":"xpath","selector":"//*[@id="noTableContainer"]/div/div[1]/div[1]/div[1]/h1"}
  (Session info: chrome=121.0.6167.184)
For documentation on this error, please visit: https://www.seleniumhq.org/exceptions/no_such_element.html
Build info: version: '3.141.59', revision: 'e82be7d358', time: '2018-11-14T08:17:03'
System info: host: 'Niwass-MBP.lan', ip: 'fd86:ed9:dae0:0:1450:d6a9:60c7:8262%en0', os.name: 'Mac OS X', os.arch: 'x86_64', os.version: '12.6.1', java.version: '17.0.9'
Driver info: org.openqa.selenium.chrome.ChromeDriver
Capabilities {acceptInsecureCerts: false, browserName: chrome, browserVersion: 121.0.6167.184, chrome: {chromedriverVersion: 121.0.6167.184 (057a8ae7deb..., userDataDir: /var/folders/1g/xfp6050j62l...}, fedcm:accounts: true, goog:chromeOptions: {debuggerAddress: localhost:61776}, javascriptEnabled: true, networkConnectionEnabled: false, pageLoadStrategy: normal, platform: MAC, platformName: MAC, proxy: Proxy(), setWindowRect: true, strictFileInteractability: false, timeouts: {implicit: 0, pageLoad: 300000, script: 30000}, unhandledPromptBehavior: dismiss and notify, webauthn:extension:credBlob: true, webauthn:extension:largeBlob: true, webauthn:extension:minPinLength: true, webauthn:extension:prf: true, webauthn:virtualAuthenticators: true}
Session ID: f5e6598e0036282c2e71ab26bf2f7279
*** Element info: {Using=xpath, value=//*[@id="noTableContainer"]/div/div[1]/div[1]/div[1]/h1}
at org.openqa.selenium.remote.http.W3CHttpResponseCodec.createException(W3CHttpResponseCodec.java:187)
at org.openqa.selenium.remote.http.W3CHttpResponseCodec.decode(W3CHttpResponseCodec.java:122)
at org.openqa.selenium.remote.http.W3CHttpResponseCodec.decode(W3CHttpResponseCodec.java:49)
at org.openqa.selenium.remote.HttpCommandExecutor.execute(HttpCommandExecutor.java:158)
at org.openqa.selenium.remote.service.DriverCommandExecutor.execute(DriverCommandExecutor.java:83)
at org.openqa.selenium.remote.RemoteWebDriver.execute(RemoteWebDriver.java:552)
at org.openqa.selenium.remote.RemoteWebDriver.findElement(RemoteWebDriver.java:323)
at org.openqa.selenium.remote.RemoteWebDriver.findElementByXPath(RemoteWebDriver.java:428)
at org.openqa.selenium.By$ByXPath.findElement(By.java:353)
at org.openqa.selenium.remote.RemoteWebDriver.findElement(RemoteWebDriver.java:315)
at com.Salesforce.Automation.SalesforceCreateAcc.TC14(SalesforceCreateAcc.java:279)
at java.base/java.util.ArrayList.forEach(ArrayList.java:1511)
... Removed 32 stack frames]]>
    </failure>
  </testcase> <!-- TC14 -->
  <testcase classname="com.Salesforce.Automation.Salesforceleads" name="TC20Leadtab" time="6.908"/>
  <testcase classname="com.Salesforce.Automation.Salesforceleads" name="TC21Leadsselectview" time="6.834"/>
  <testcase classname="com.Salesforce.Automation.Salesforceleads" name="TC22Defaultview" time="15.568"/>
  <testcase classname="com.Salesforce.Automation.Salesforceleads" name="TC23" time="40.402">
    <failure type="org.openqa.selenium.NoSuchElementException" message="no such element: Unable to locate element: {&amp;quot;method&amp;quot;:&amp;quot;xpath&amp;quot;,&amp;quot;selector&amp;quot;:&amp;quot;//input[@value=&amp;quot; Go! &amp;quot;]&amp;quot;}
  (Session info: chrome=121.0.6167.184)
For documentation on this error, please visit: https://www.seleniumhq.org/exceptions/no_such_element.html
Build info: version: &amp;apos;3.141.59&amp;apos;, revision: &amp;apos;e82be7d358&amp;apos;, time: &amp;apos;2018-11-14T08:17:03&amp;apos;
System info: host: &amp;apos;Niwass-MBP.lan&amp;apos;, ip: &amp;apos;fd86:ed9:dae0:0:1450:d6a9:60c7:8262%en0&amp;apos;, os.name: &amp;apos;Mac OS X&amp;apos;, os.arch: &amp;apos;x86_64&amp;apos;, os.version: &amp;apos;12.6.1&amp;apos;, java.version: &amp;apos;17.0.9&amp;apos;
Driver info: org.openqa.selenium.chrome.ChromeDriver
Capabilities {acceptInsecureCerts: false, browserName: chrome, browserVersion: 121.0.6167.184, chrome: {chromedriverVersion: 121.0.6167.184 (057a8ae7deb..., userDataDir: /var/folders/1g/xfp6050j62l...}, fedcm:accounts: true, goog:chromeOptions: {debuggerAddress: localhost:61930}, javascriptEnabled: true, networkConnectionEnabled: false, pageLoadStrategy: normal, platform: MAC, platformName: MAC, proxy: Proxy(), setWindowRect: true, strictFileInteractability: false, timeouts: {implicit: 0, pageLoad: 300000, script: 30000}, unhandledPromptBehavior: dismiss and notify, webauthn:extension:credBlob: true, webauthn:extension:largeBlob: true, webauthn:extension:minPinLength: true, webauthn:extension:prf: true, webauthn:virtualAuthenticators: true}
Session ID: 3e4174cff0db3ed96806d9be162bffff
*** Element info: {Using=xpath, value=//input[@value=&amp;quot; Go! &amp;quot;]}">
      <![CDATA[org.openqa.selenium.NoSuchElementException: no such element: Unable to locate element: {"method":"xpath","selector":"//input[@value=" Go! "]"}
  (Session info: chrome=121.0.6167.184)
For documentation on this error, please visit: https://www.seleniumhq.org/exceptions/no_such_element.html
Build info: version: '3.141.59', revision: 'e82be7d358', time: '2018-11-14T08:17:03'
System info: host: 'Niwass-MBP.lan', ip: 'fd86:ed9:dae0:0:1450:d6a9:60c7:8262%en0', os.name: 'Mac OS X', os.arch: 'x86_64', os.version: '12.6.1', java.version: '17.0.9'
Driver info: org.openqa.selenium.chrome.ChromeDriver
Capabilities {acceptInsecureCerts: false, browserName: chrome, browserVersion: 121.0.6167.184, chrome: {chromedriverVersion: 121.0.6167.184 (057a8ae7deb..., userDataDir: /var/folders/1g/xfp6050j62l...}, fedcm:accounts: true, goog:chromeOptions: {debuggerAddress: localhost:61930}, javascriptEnabled: true, networkConnectionEnabled: false, pageLoadStrategy: normal, platform: MAC, platformName: MAC, proxy: Proxy(), setWindowRect: true, strictFileInteractability: false, timeouts: {implicit: 0, pageLoad: 300000, script: 30000}, unhandledPromptBehavior: dismiss and notify, webauthn:extension:credBlob: true, webauthn:extension:largeBlob: true, webauthn:extension:minPinLength: true, webauthn:extension:prf: true, webauthn:virtualAuthenticators: true}
Session ID: 3e4174cff0db3ed96806d9be162bffff
*** Element info: {Using=xpath, value=//input[@value=" Go! "]}
at org.openqa.selenium.remote.http.W3CHttpResponseCodec.createException(W3CHttpResponseCodec.java:187)
at org.openqa.selenium.remote.http.W3CHttpResponseCodec.decode(W3CHttpResponseCodec.java:122)
at org.openqa.selenium.remote.http.W3CHttpResponseCodec.decode(W3CHttpResponseCodec.java:49)
at org.openqa.selenium.remote.HttpCommandExecutor.execute(HttpCommandExecutor.java:158)
at org.openqa.selenium.remote.service.DriverCommandExecutor.execute(DriverCommandExecutor.java:83)
at org.openqa.selenium.remote.RemoteWebDriver.execute(RemoteWebDriver.java:552)
at org.openqa.selenium.remote.RemoteWebDriver.findElement(RemoteWebDriver.java:323)
at org.openqa.selenium.remote.RemoteWebDriver.findElementByXPath(RemoteWebDriver.java:428)
at org.openqa.selenium.By$ByXPath.findElement(By.java:353)
at org.openqa.selenium.remote.RemoteWebDriver.findElement(RemoteWebDriver.java:315)
at com.Salesforce.Automation.Salesforceleads.TC23(Salesforceleads.java:128)
at java.base/java.util.ArrayList.forEach(ArrayList.java:1511)
... Removed 32 stack frames]]>
    </failure>
  </testcase> <!-- TC23 -->
  <testcase classname="com.Salesforce.Automation.Salesforceleads" name="TC24" time="10.771"/>
  <testcase classname="com.Salesforce.Automation.Salesforcelogin" name="CheckRememberme3" time="8.523"/>
  <testcase classname="com.Salesforce.Automation.Salesforcelogin" name="Forgotpassword4A" time="1.648"/>
  <testcase classname="com.Salesforce.Automation.Salesforcelogin" name="Forgotpassword4B" time="1.6"/>
  <testcase classname="com.Salesforce.Automation.Salesforcelogin" name="LoginError1" time="1.577"/>
  <testcase classname="com.Salesforce.Automation.Salesforcelogin" name="LogintoSalesforce2" time="4.925"/>
  <testcase classname="com.Salesforce.Automation.Salesforceopty" name="TC15" time="11.88"/>
  <testcase classname="com.Salesforce.Automation.Salesforceopty" name="TC16" time="18.486"/>
  <testcase classname="com.Salesforce.Automation.Salesforceopty" name="TC17" time="13.714"/>
  <testcase classname="com.Salesforce.Automation.Salesforceopty" name="TC18" time="13.36"/>
  <testcase classname="com.Salesforce.Automation.Salesforceopty" name="TC19" time="13.714"/>
  <testcase classname="com.Salesforce.Automation.SalesforceRandomScenario" name="TC33" time="9.995">
    <failure type="java.lang.AssertionError" message="expected [User: Rain Abcd ~ Salesforce - Developer Edition] but found [User: Rain Sing ~ Salesforce - Developer Edition]">
      <![CDATA[java.lang.AssertionError: expected [User: Rain Abcd ~ Salesforce - Developer Edition] but found [User: Rain Sing ~ Salesforce - Developer Edition]
at com.Salesforce.Automation.SalesforceRandomScenario.TC33(SalesforceRandomScenario.java:34)
at java.base/java.util.ArrayList.forEach(ArrayList.java:1511)
... Removed 33 stack frames]]>
    </failure>
  </testcase> <!-- TC33 -->
  <testcase classname="com.Salesforce.Automation.SalesforceRandomScenario" name="TC34" time="13.56"/>
  <testcase classname="com.Salesforce.Automation.SalesforceRandomScenario" name="TC35" time="8.744"/>
  <testcase classname="com.Salesforce.Automation.SalesforceRandomScenario" name="TC36" time="12.655"/>
  <testcase classname="com.Salesforce.Automation.SalesforceRandomScenario" name="TC37" time="16.026"/>
  <testcase classname="com.Salesforce.Automation.SalesforceUsrmenu" name="Delprcnslerrortxt" time="14.772"/>
  <testcase classname="com.Salesforce.Automation.SalesforceUsrmenu" name="TC05" time="5.416"/>
  <testcase classname="com.Salesforce.Automation.SalesforceUsrmenu" name="TC06" time="68.144">
    <failure type="org.openqa.selenium.NoSuchElementException" message="no such element: Unable to locate element: {&amp;quot;method&amp;quot;:&amp;quot;xpath&amp;quot;,&amp;quot;selector&amp;quot;:&amp;quot;//*[@id=&amp;quot;0D5am000001Ewbb&amp;quot;]/div/div[1]/div[1]/div[1]/span/span&amp;quot;}
  (Session info: chrome=121.0.6167.184)
For documentation on this error, please visit: https://www.seleniumhq.org/exceptions/no_such_element.html
Build info: version: &amp;apos;3.141.59&amp;apos;, revision: &amp;apos;e82be7d358&amp;apos;, time: &amp;apos;2018-11-14T08:17:03&amp;apos;
System info: host: &amp;apos;Niwass-MBP.lan&amp;apos;, ip: &amp;apos;fd86:ed9:dae0:0:1450:d6a9:60c7:8262%en0&amp;apos;, os.name: &amp;apos;Mac OS X&amp;apos;, os.arch: &amp;apos;x86_64&amp;apos;, os.version: &amp;apos;12.6.1&amp;apos;, java.version: &amp;apos;17.0.9&amp;apos;
Driver info: org.openqa.selenium.chrome.ChromeDriver
Capabilities {acceptInsecureCerts: false, browserName: chrome, browserVersion: 121.0.6167.184, chrome: {chromedriverVersion: 121.0.6167.184 (057a8ae7deb..., userDataDir: /var/folders/1g/xfp6050j62l...}, fedcm:accounts: true, goog:chromeOptions: {debuggerAddress: localhost:62607}, javascriptEnabled: true, networkConnectionEnabled: false, pageLoadStrategy: normal, platform: MAC, platformName: MAC, proxy: Proxy(), setWindowRect: true, strictFileInteractability: false, timeouts: {implicit: 0, pageLoad: 300000, script: 30000}, unhandledPromptBehavior: dismiss and notify, webauthn:extension:credBlob: true, webauthn:extension:largeBlob: true, webauthn:extension:minPinLength: true, webauthn:extension:prf: true, webauthn:virtualAuthenticators: true}
Session ID: f543c602d3aa85739a8340c142f7c7bc
*** Element info: {Using=xpath, value=//*[@id=&amp;quot;0D5am000001Ewbb&amp;quot;]/div/div[1]/div[1]/div[1]/span/span}">
      <![CDATA[org.openqa.selenium.NoSuchElementException: no such element: Unable to locate element: {"method":"xpath","selector":"//*[@id="0D5am000001Ewbb"]/div/div[1]/div[1]/div[1]/span/span"}
  (Session info: chrome=121.0.6167.184)
For documentation on this error, please visit: https://www.seleniumhq.org/exceptions/no_such_element.html
Build info: version: '3.141.59', revision: 'e82be7d358', time: '2018-11-14T08:17:03'
System info: host: 'Niwass-MBP.lan', ip: 'fd86:ed9:dae0:0:1450:d6a9:60c7:8262%en0', os.name: 'Mac OS X', os.arch: 'x86_64', os.version: '12.6.1', java.version: '17.0.9'
Driver info: org.openqa.selenium.chrome.ChromeDriver
Capabilities {acceptInsecureCerts: false, browserName: chrome, browserVersion: 121.0.6167.184, chrome: {chromedriverVersion: 121.0.6167.184 (057a8ae7deb..., userDataDir: /var/folders/1g/xfp6050j62l...}, fedcm:accounts: true, goog:chromeOptions: {debuggerAddress: localhost:62607}, javascriptEnabled: true, networkConnectionEnabled: false, pageLoadStrategy: normal, platform: MAC, platformName: MAC, proxy: Proxy(), setWindowRect: true, strictFileInteractability: false, timeouts: {implicit: 0, pageLoad: 300000, script: 30000}, unhandledPromptBehavior: dismiss and notify, webauthn:extension:credBlob: true, webauthn:extension:largeBlob: true, webauthn:extension:minPinLength: true, webauthn:extension:prf: true, webauthn:virtualAuthenticators: true}
Session ID: f543c602d3aa85739a8340c142f7c7bc
*** Element info: {Using=xpath, value=//*[@id="0D5am000001Ewbb"]/div/div[1]/div[1]/div[1]/span/span}
at org.openqa.selenium.remote.http.W3CHttpResponseCodec.createException(W3CHttpResponseCodec.java:187)
at org.openqa.selenium.remote.http.W3CHttpResponseCodec.decode(W3CHttpResponseCodec.java:122)
at org.openqa.selenium.remote.http.W3CHttpResponseCodec.decode(W3CHttpResponseCodec.java:49)
at org.openqa.selenium.remote.HttpCommandExecutor.execute(HttpCommandExecutor.java:158)
at org.openqa.selenium.remote.service.DriverCommandExecutor.execute(DriverCommandExecutor.java:83)
at org.openqa.selenium.remote.RemoteWebDriver.execute(RemoteWebDriver.java:552)
at org.openqa.selenium.remote.RemoteWebDriver.findElement(RemoteWebDriver.java:323)
at org.openqa.selenium.remote.RemoteWebDriver.findElementByXPath(RemoteWebDriver.java:428)
at org.openqa.selenium.By$ByXPath.findElement(By.java:353)
at org.openqa.selenium.remote.RemoteWebDriver.findElement(RemoteWebDriver.java:315)
at com.Salesforce.Automation.SalesforceUsrmenu.TC06(SalesforceUsrmenu.java:125)
at java.base/java.util.ArrayList.forEach(ArrayList.java:1511)
... Removed 32 stack frames]]>
    </failure>
  </testcase> <!-- TC06 -->
  <testcase classname="com.Salesforce.Automation.SalesforceUsrmenu" name="TC07" time="11.855"/>
  <testcase classname="com.Salesforce.Automation.SalesforceUsrmenu" name="TC08" time="7.381"/>
  <testcase classname="com.Salesforce.Automation.SalesforceUsrmenu" name="TC09" time="9.756"/>
</testsuite> <!-- SFDCTestCases -->
