<html>
<head>
<title>TestNG:  SFDCTestCases</title>
<link href="../testng.css" rel="stylesheet" type="text/css" />
<link href="../my-testng.css" rel="stylesheet" type="text/css" />

<style type="text/css">
.log { display: none;} 
.stack-trace { display: none;} 
</style>
<script type="text/javascript">
<!--
function flip(e) {
  current = e.style.display;
  if (current == 'block') {
    e.style.display = 'none';
    return 0;
  }
  else {
    e.style.display = 'block';
    return 1;
  }
}

function toggleBox(szDivId, elem, msg1, msg2)
{
  var res = -1;  if (document.getElementById) {
    res = flip(document.getElementById(szDivId));
  }
  else if (document.all) {
    // this is the way old msie versions work
    res = flip(document.all[szDivId]);
  }
  if(elem) {
    if(res == 0) elem.innerHTML = msg1; else elem.innerHTML = msg2;
  }

}

function toggleAllBoxes() {
  if (document.getElementsByTagName) {
    d = document.getElementsByTagName('div');
    for (i = 0; i < d.length; i++) {
      if (d[i].className == 'log') {
        flip(d[i]);
      }
    }
  }
}

// -->
</script>

</head>
<body>
<h2 align='center'>SFDCTestCases</h2><table border='1' align="center">
<tr>
<td>Tests passed/Failed/Skipped:</td><td>35/5/0</td>
</tr><tr>
<td>Started on:</td><td>Sun Feb 18 19:03:43 PST 2024</td>
</tr>
<tr><td>Total time:</td><td>742 seconds (742748 ms)</td>
</tr><tr>
<td>Included groups:</td><td></td>
</tr><tr>
<td>Excluded groups:</td><td></td>
</tr>
</table><p/>
<small><i>(Hover the method name to see the test class name)</i></small><p/>
<table width='100%' border='1' class='invocation-failed'>
<tr><td colspan='4' align='center'><b>FAILED TESTS</b></td></tr>
<tr><td><b>Test method</b></td>
<td><b>Attribute(s)</b></td>
<td width="30%"><b>Exception</b></td>
<td width="10%"><b>Time (seconds)</b></td>
<td><b>Instance</b></td>
</tr>
<tr>
<td title='com.Salesforce.Automation.Salesforceleads.TC23()'><b>TC23</b><br>Test class: com.Salesforce.Automation.Salesforceleads</td>
<td><div><pre>org.openqa.selenium.NoSuchElementException: no such element: Unable to locate element: {&quot;method&quot;:&quot;xpath&quot;,&quot;selector&quot;:&quot;//input[@value=&quot; Go! &quot;]&quot;}
  (Session info: chrome=121.0.6167.184)
For documentation on this error, please visit: https://www.seleniumhq.org/exceptions/no_such_element.html
Build info: version: &apos;3.141.59&apos;, revision: &apos;e82be7d358&apos;, time: &apos;2018-11-14T08:17:03&apos;
System info: host: &apos;Niwass-MBP.lan&apos;, ip: &apos;fd86:ed9:dae0:0:1450:d6a9:60c7:8262%en0&apos;, os.name: &apos;Mac OS X&apos;, os.arch: &apos;x86_64&apos;, os.version: &apos;12.6.1&apos;, java.version: &apos;17.0.9&apos;
Driver info: org.openqa.selenium.chrome.ChromeDriver
Capabilities {acceptInsecureCerts: false, browserName: chrome, browserVersion: 121.0.6167.184, chrome: {chromedriverVersion: 121.0.6167.184 (057a8ae7deb..., userDataDir: /var/folders/1g/xfp6050j62l...}, fedcm:accounts: true, goog:chromeOptions: {debuggerAddress: localhost:61930}, javascriptEnabled: true, networkConnectionEnabled: false, pageLoadStrategy: normal, platform: MAC, platformName: MAC, proxy: Proxy(), setWindowRect: true, strictFileInteractability: false, timeouts: {implicit: 0, pageLoad: 300000, script: 30000}, unhandledPromptBehavior: dismiss and notify, webauthn:extension:credBlob: true, webauthn:extension:largeBlob: true, webauthn:extension:minPinLength: true, webauthn:extension:prf: true, webauthn:virtualAuthenticators: true}
Session ID: 3e4174cff0db3ed96806d9be162bffff
*** Element info: {Using=xpath, value=//input[@value=&quot; Go! &quot;]}
	at org.openqa.selenium.remote.http.W3CHttpResponseCodec.createException(W3CHttpResponseCodec.java:187)
	at org.openqa.selenium.remote.http.W3CHttpResponseCodec.decode(W3CHttpResponseCodec.java:122)
	at org.openqa.selenium.remote.http.W3CHttpResponseCodec.decode(W3CHttpResponseCodec.java:49)
	at org.openqa.selenium.remote.HttpCommandExecutor.execute(HttpCommandExecutor.java:158)
	at org.openqa.selenium.remote.service.DriverCommandExecutor.execute(DriverCommandExecutor.java:83)
	at org.openqa.selenium.remote.RemoteWebDriver.execute(RemoteWebDriver.java:552)
	at org.openqa.selenium.remote.RemoteWebDriver.findElement(RemoteWebDriver.java:323)
	at org.openqa.selenium.remote.RemoteWebDriver.findElementByXPath(RemoteWebDriver.java:428)
	at org.openqa.selenium.By$ByXPath.findElement(By.java:353)
	at org.openqa.selenium.remote.RemoteWebDriver.findElement(RemoteWebDriver.java:315)
	at com.Salesforce.Automation.Salesforceleads.TC23(Salesforceleads.java:128)
	at java.base/java.util.ArrayList.forEach(ArrayList.java:1511)
... Removed 32 stack frames</pre></div><a href='#' onClick='toggleBox("stack-trace1487391298", this, "Click to show all stack frames", "Click to hide stack frames")'>Click to show all stack frames</a>
<div class='stack-trace' id='stack-trace1487391298'><pre>org.openqa.selenium.NoSuchElementException: no such element: Unable to locate element: {&quot;method&quot;:&quot;xpath&quot;,&quot;selector&quot;:&quot;//input[@value=&quot; Go! &quot;]&quot;}
  (Session info: chrome=121.0.6167.184)
For documentation on this error, please visit: https://www.seleniumhq.org/exceptions/no_such_element.html
Build info: version: &apos;3.141.59&apos;, revision: &apos;e82be7d358&apos;, time: &apos;2018-11-14T08:17:03&apos;
System info: host: &apos;Niwass-MBP.lan&apos;, ip: &apos;fd86:ed9:dae0:0:1450:d6a9:60c7:8262%en0&apos;, os.name: &apos;Mac OS X&apos;, os.arch: &apos;x86_64&apos;, os.version: &apos;12.6.1&apos;, java.version: &apos;17.0.9&apos;
Driver info: org.openqa.selenium.chrome.ChromeDriver
Capabilities {acceptInsecureCerts: false, browserName: chrome, browserVersion: 121.0.6167.184, chrome: {chromedriverVersion: 121.0.6167.184 (057a8ae7deb..., userDataDir: /var/folders/1g/xfp6050j62l...}, fedcm:accounts: true, goog:chromeOptions: {debuggerAddress: localhost:61930}, javascriptEnabled: true, networkConnectionEnabled: false, pageLoadStrategy: normal, platform: MAC, platformName: MAC, proxy: Proxy(), setWindowRect: true, strictFileInteractability: false, timeouts: {implicit: 0, pageLoad: 300000, script: 30000}, unhandledPromptBehavior: dismiss and notify, webauthn:extension:credBlob: true, webauthn:extension:largeBlob: true, webauthn:extension:minPinLength: true, webauthn:extension:prf: true, webauthn:virtualAuthenticators: true}
Session ID: 3e4174cff0db3ed96806d9be162bffff
*** Element info: {Using=xpath, value=//input[@value=&quot; Go! &quot;]}
	at java.base/jdk.internal.reflect.NativeConstructorAccessorImpl.newInstance0(Native Method)
	at java.base/jdk.internal.reflect.NativeConstructorAccessorImpl.newInstance(NativeConstructorAccessorImpl.java:77)
	at java.base/jdk.internal.reflect.DelegatingConstructorAccessorImpl.newInstance(DelegatingConstructorAccessorImpl.java:45)
	at java.base/java.lang.reflect.Constructor.newInstanceWithCaller(Constructor.java:499)
	at java.base/java.lang.reflect.Constructor.newInstance(Constructor.java:480)
	at org.openqa.selenium.remote.http.W3CHttpResponseCodec.createException(W3CHttpResponseCodec.java:187)
	at org.openqa.selenium.remote.http.W3CHttpResponseCodec.decode(W3CHttpResponseCodec.java:122)
	at org.openqa.selenium.remote.http.W3CHttpResponseCodec.decode(W3CHttpResponseCodec.java:49)
	at org.openqa.selenium.remote.HttpCommandExecutor.execute(HttpCommandExecutor.java:158)
	at org.openqa.selenium.remote.service.DriverCommandExecutor.execute(DriverCommandExecutor.java:83)
	at org.openqa.selenium.remote.RemoteWebDriver.execute(RemoteWebDriver.java:552)
	at org.openqa.selenium.remote.RemoteWebDriver.findElement(RemoteWebDriver.java:323)
	at org.openqa.selenium.remote.RemoteWebDriver.findElementByXPath(RemoteWebDriver.java:428)
	at org.openqa.selenium.By$ByXPath.findElement(By.java:353)
	at org.openqa.selenium.remote.RemoteWebDriver.findElement(RemoteWebDriver.java:315)
	at com.Salesforce.Automation.Salesforceleads.TC23(Salesforceleads.java:128)
	at java.base/jdk.internal.reflect.NativeMethodAccessorImpl.invoke0(Native Method)
	at java.base/jdk.internal.reflect.NativeMethodAccessorImpl.invoke(NativeMethodAccessorImpl.java:77)
	at java.base/jdk.internal.reflect.DelegatingMethodAccessorImpl.invoke(DelegatingMethodAccessorImpl.java:43)
	at java.base/java.lang.reflect.Method.invoke(Method.java:568)
	at org.testng.internal.invokers.MethodInvocationHelper.invokeMethod(MethodInvocationHelper.java:139)
	at org.testng.internal.invokers.TestInvoker.invokeMethod(TestInvoker.java:677)
	at org.testng.internal.invokers.TestInvoker.invokeTestMethod(TestInvoker.java:221)
	at org.testng.internal.invokers.MethodRunner.runInSequence(MethodRunner.java:50)
	at org.testng.internal.invokers.TestInvoker$MethodInvocationAgent.invoke(TestInvoker.java:969)
	at org.testng.internal.invokers.TestInvoker.invokeTestMethods(TestInvoker.java:194)
	at org.testng.internal.invokers.TestMethodWorker.invokeTestMethods(TestMethodWorker.java:148)
	at org.testng.internal.invokers.TestMethodWorker.run(TestMethodWorker.java:128)
	at java.base/java.util.ArrayList.forEach(ArrayList.java:1511)
	at org.testng.TestRunner.privateRun(TestRunner.java:829)
	at org.testng.TestRunner.run(TestRunner.java:602)
	at org.testng.SuiteRunner.runTest(SuiteRunner.java:437)
	at org.testng.SuiteRunner.runSequentially(SuiteRunner.java:431)
	at org.testng.SuiteRunner.privateRun(SuiteRunner.java:391)
	at org.testng.SuiteRunner.run(SuiteRunner.java:330)
	at org.testng.SuiteRunnerWorker.runSuite(SuiteRunnerWorker.java:52)
	at org.testng.SuiteRunnerWorker.run(SuiteRunnerWorker.java:95)
	at org.testng.TestNG.runSuitesSequentially(TestNG.java:1256)
	at org.testng.TestNG.runSuitesLocally(TestNG.java:1176)
	at org.testng.TestNG.runSuites(TestNG.java:1099)
	at org.testng.TestNG.run(TestNG.java:1067)
	at org.testng.remote.AbstractRemoteTestNG.run(AbstractRemoteTestNG.java:115)
	at org.testng.remote.RemoteTestNG.initAndRun(RemoteTestNG.java:251)
	at org.testng.remote.RemoteTestNG.main(RemoteTestNG.java:77)
</pre></div></td>
<td>40</td>
<td>com.Salesforce.Automation.Salesforceleads@24d09c1</td></tr>
<tr>
<td title='com.Salesforce.Automation.SalesforceCreateAcc.TC12Editview()'><b>TC12Editview</b><br>Test class: com.Salesforce.Automation.SalesforceCreateAcc</td>
<td><div><pre>org.openqa.selenium.NoSuchElementException: Cannot locate element with text: Mount
For documentation on this error, please visit: https://www.seleniumhq.org/exceptions/no_such_element.html
Build info: version: &apos;3.141.59&apos;, revision: &apos;e82be7d358&apos;, time: &apos;2018-11-14T08:17:03&apos;
System info: host: &apos;Niwass-MBP.lan&apos;, ip: &apos;fd86:ed9:dae0:0:1450:d6a9:60c7:8262%en0&apos;, os.name: &apos;Mac OS X&apos;, os.arch: &apos;x86_64&apos;, os.version: &apos;12.6.1&apos;, java.version: &apos;17.0.9&apos;
Driver info: driver.version: unknown
	at org.openqa.selenium.support.ui.Select.selectByVisibleText(Select.java:147)
	at com.Salesforce.Automation.SalesforceCreateAcc.TC12Editview(SalesforceCreateAcc.java:145)
	at java.base/java.util.ArrayList.forEach(ArrayList.java:1511)
... Removed 27 stack frames</pre></div><a href='#' onClick='toggleBox("stack-trace1343145833", this, "Click to show all stack frames", "Click to hide stack frames")'>Click to show all stack frames</a>
<div class='stack-trace' id='stack-trace1343145833'><pre>org.openqa.selenium.NoSuchElementException: Cannot locate element with text: Mount
For documentation on this error, please visit: https://www.seleniumhq.org/exceptions/no_such_element.html
Build info: version: &apos;3.141.59&apos;, revision: &apos;e82be7d358&apos;, time: &apos;2018-11-14T08:17:03&apos;
System info: host: &apos;Niwass-MBP.lan&apos;, ip: &apos;fd86:ed9:dae0:0:1450:d6a9:60c7:8262%en0&apos;, os.name: &apos;Mac OS X&apos;, os.arch: &apos;x86_64&apos;, os.version: &apos;12.6.1&apos;, java.version: &apos;17.0.9&apos;
Driver info: driver.version: unknown
	at org.openqa.selenium.support.ui.Select.selectByVisibleText(Select.java:147)
	at com.Salesforce.Automation.SalesforceCreateAcc.TC12Editview(SalesforceCreateAcc.java:145)
	at java.base/jdk.internal.reflect.NativeMethodAccessorImpl.invoke0(Native Method)
	at java.base/jdk.internal.reflect.NativeMethodAccessorImpl.invoke(NativeMethodAccessorImpl.java:77)
	at java.base/jdk.internal.reflect.DelegatingMethodAccessorImpl.invoke(DelegatingMethodAccessorImpl.java:43)
	at java.base/java.lang.reflect.Method.invoke(Method.java:568)
	at org.testng.internal.invokers.MethodInvocationHelper.invokeMethod(MethodInvocationHelper.java:139)
	at org.testng.internal.invokers.TestInvoker.invokeMethod(TestInvoker.java:677)
	at org.testng.internal.invokers.TestInvoker.invokeTestMethod(TestInvoker.java:221)
	at org.testng.internal.invokers.MethodRunner.runInSequence(MethodRunner.java:50)
	at org.testng.internal.invokers.TestInvoker$MethodInvocationAgent.invoke(TestInvoker.java:969)
	at org.testng.internal.invokers.TestInvoker.invokeTestMethods(TestInvoker.java:194)
	at org.testng.internal.invokers.TestMethodWorker.invokeTestMethods(TestMethodWorker.java:148)
	at org.testng.internal.invokers.TestMethodWorker.run(TestMethodWorker.java:128)
	at java.base/java.util.ArrayList.forEach(ArrayList.java:1511)
	at org.testng.TestRunner.privateRun(TestRunner.java:829)
	at org.testng.TestRunner.run(TestRunner.java:602)
	at org.testng.SuiteRunner.runTest(SuiteRunner.java:437)
	at org.testng.SuiteRunner.runSequentially(SuiteRunner.java:431)
	at org.testng.SuiteRunner.privateRun(SuiteRunner.java:391)
	at org.testng.SuiteRunner.run(SuiteRunner.java:330)
	at org.testng.SuiteRunnerWorker.runSuite(SuiteRunnerWorker.java:52)
	at org.testng.SuiteRunnerWorker.run(SuiteRunnerWorker.java:95)
	at org.testng.TestNG.runSuitesSequentially(TestNG.java:1256)
	at org.testng.TestNG.runSuitesLocally(TestNG.java:1176)
	at org.testng.TestNG.runSuites(TestNG.java:1099)
	at org.testng.TestNG.run(TestNG.java:1067)
	at org.testng.remote.AbstractRemoteTestNG.run(AbstractRemoteTestNG.java:115)
	at org.testng.remote.RemoteTestNG.initAndRun(RemoteTestNG.java:251)
	at org.testng.remote.RemoteTestNG.main(RemoteTestNG.java:77)
</pre></div></td>
<td>37</td>
<td>com.Salesforce.Automation.SalesforceCreateAcc@1d470d0</td></tr>
<tr>
<td title='com.Salesforce.Automation.SalesforceRandomScenario.TC33()'><b>TC33</b><br>Test class: com.Salesforce.Automation.SalesforceRandomScenario</td>
<td><div><pre>java.lang.AssertionError: expected [User: Rain Abcd ~ Salesforce - Developer Edition] but found [User: Rain Sing ~ Salesforce - Developer Edition]
	at com.Salesforce.Automation.SalesforceRandomScenario.TC33(SalesforceRandomScenario.java:34)
	at java.base/java.util.ArrayList.forEach(ArrayList.java:1511)
... Removed 33 stack frames</pre></div><a href='#' onClick='toggleBox("stack-trace127681620", this, "Click to show all stack frames", "Click to hide stack frames")'>Click to show all stack frames</a>
<div class='stack-trace' id='stack-trace127681620'><pre>java.lang.AssertionError: expected [User: Rain Abcd ~ Salesforce - Developer Edition] but found [User: Rain Sing ~ Salesforce - Developer Edition]
	at org.testng.Assert.fail(Assert.java:110)
	at org.testng.Assert.failNotEquals(Assert.java:1577)
	at org.testng.Assert.assertEqualsImpl(Assert.java:149)
	at org.testng.Assert.assertEquals(Assert.java:131)
	at org.testng.Assert.assertEquals(Assert.java:655)
	at org.testng.Assert.assertEquals(Assert.java:665)
	at com.Salesforce.Automation.SalesforceRandomScenario.TC33(SalesforceRandomScenario.java:34)
	at java.base/jdk.internal.reflect.NativeMethodAccessorImpl.invoke0(Native Method)
	at java.base/jdk.internal.reflect.NativeMethodAccessorImpl.invoke(NativeMethodAccessorImpl.java:77)
	at java.base/jdk.internal.reflect.DelegatingMethodAccessorImpl.invoke(DelegatingMethodAccessorImpl.java:43)
	at java.base/java.lang.reflect.Method.invoke(Method.java:568)
	at org.testng.internal.invokers.MethodInvocationHelper.invokeMethod(MethodInvocationHelper.java:139)
	at org.testng.internal.invokers.TestInvoker.invokeMethod(TestInvoker.java:677)
	at org.testng.internal.invokers.TestInvoker.invokeTestMethod(TestInvoker.java:221)
	at org.testng.internal.invokers.MethodRunner.runInSequence(MethodRunner.java:50)
	at org.testng.internal.invokers.TestInvoker$MethodInvocationAgent.invoke(TestInvoker.java:969)
	at org.testng.internal.invokers.TestInvoker.invokeTestMethods(TestInvoker.java:194)
	at org.testng.internal.invokers.TestMethodWorker.invokeTestMethods(TestMethodWorker.java:148)
	at org.testng.internal.invokers.TestMethodWorker.run(TestMethodWorker.java:128)
	at java.base/java.util.ArrayList.forEach(ArrayList.java:1511)
	at org.testng.TestRunner.privateRun(TestRunner.java:829)
	at org.testng.TestRunner.run(TestRunner.java:602)
	at org.testng.SuiteRunner.runTest(SuiteRunner.java:437)
	at org.testng.SuiteRunner.runSequentially(SuiteRunner.java:431)
	at org.testng.SuiteRunner.privateRun(SuiteRunner.java:391)
	at org.testng.SuiteRunner.run(SuiteRunner.java:330)
	at org.testng.SuiteRunnerWorker.runSuite(SuiteRunnerWorker.java:52)
	at org.testng.SuiteRunnerWorker.run(SuiteRunnerWorker.java:95)
	at org.testng.TestNG.runSuitesSequentially(TestNG.java:1256)
	at org.testng.TestNG.runSuitesLocally(TestNG.java:1176)
	at org.testng.TestNG.runSuites(TestNG.java:1099)
	at org.testng.TestNG.run(TestNG.java:1067)
	at org.testng.remote.AbstractRemoteTestNG.run(AbstractRemoteTestNG.java:115)
	at org.testng.remote.RemoteTestNG.initAndRun(RemoteTestNG.java:251)
	at org.testng.remote.RemoteTestNG.main(RemoteTestNG.java:77)
</pre></div></td>
<td>9</td>
<td>com.Salesforce.Automation.SalesforceRandomScenario@48d5f34e</td></tr>
<tr>
<td title='com.Salesforce.Automation.SalesforceUsrmenu.TC06()'><b>TC06</b><br>Test class: com.Salesforce.Automation.SalesforceUsrmenu</td>
<td><div><pre>org.openqa.selenium.NoSuchElementException: no such element: Unable to locate element: {&quot;method&quot;:&quot;xpath&quot;,&quot;selector&quot;:&quot;//*[@id=&quot;0D5am000001Ewbb&quot;]/div/div[1]/div[1]/div[1]/span/span&quot;}
  (Session info: chrome=121.0.6167.184)
For documentation on this error, please visit: https://www.seleniumhq.org/exceptions/no_such_element.html
Build info: version: &apos;3.141.59&apos;, revision: &apos;e82be7d358&apos;, time: &apos;2018-11-14T08:17:03&apos;
System info: host: &apos;Niwass-MBP.lan&apos;, ip: &apos;fd86:ed9:dae0:0:1450:d6a9:60c7:8262%en0&apos;, os.name: &apos;Mac OS X&apos;, os.arch: &apos;x86_64&apos;, os.version: &apos;12.6.1&apos;, java.version: &apos;17.0.9&apos;
Driver info: org.openqa.selenium.chrome.ChromeDriver
Capabilities {acceptInsecureCerts: false, browserName: chrome, browserVersion: 121.0.6167.184, chrome: {chromedriverVersion: 121.0.6167.184 (057a8ae7deb..., userDataDir: /var/folders/1g/xfp6050j62l...}, fedcm:accounts: true, goog:chromeOptions: {debuggerAddress: localhost:62607}, javascriptEnabled: true, networkConnectionEnabled: false, pageLoadStrategy: normal, platform: MAC, platformName: MAC, proxy: Proxy(), setWindowRect: true, strictFileInteractability: false, timeouts: {implicit: 0, pageLoad: 300000, script: 30000}, unhandledPromptBehavior: dismiss and notify, webauthn:extension:credBlob: true, webauthn:extension:largeBlob: true, webauthn:extension:minPinLength: true, webauthn:extension:prf: true, webauthn:virtualAuthenticators: true}
Session ID: f543c602d3aa85739a8340c142f7c7bc
*** Element info: {Using=xpath, value=//*[@id=&quot;0D5am000001Ewbb&quot;]/div/div[1]/div[1]/div[1]/span/span}
	at org.openqa.selenium.remote.http.W3CHttpResponseCodec.createException(W3CHttpResponseCodec.java:187)
	at org.openqa.selenium.remote.http.W3CHttpResponseCodec.decode(W3CHttpResponseCodec.java:122)
	at org.openqa.selenium.remote.http.W3CHttpResponseCodec.decode(W3CHttpResponseCodec.java:49)
	at org.openqa.selenium.remote.HttpCommandExecutor.execute(HttpCommandExecutor.java:158)
	at org.openqa.selenium.remote.service.DriverCommandExecutor.execute(DriverCommandExecutor.java:83)
	at org.openqa.selenium.remote.RemoteWebDriver.execute(RemoteWebDriver.java:552)
	at org.openqa.selenium.remote.RemoteWebDriver.findElement(RemoteWebDriver.java:323)
	at org.openqa.selenium.remote.RemoteWebDriver.findElementByXPath(RemoteWebDriver.java:428)
	at org.openqa.selenium.By$ByXPath.findElement(By.java:353)
	at org.openqa.selenium.remote.RemoteWebDriver.findElement(RemoteWebDriver.java:315)
	at com.Salesforce.Automation.SalesforceUsrmenu.TC06(SalesforceUsrmenu.java:125)
	at java.base/java.util.ArrayList.forEach(ArrayList.java:1511)
... Removed 32 stack frames</pre></div><a href='#' onClick='toggleBox("stack-trace1352551364", this, "Click to show all stack frames", "Click to hide stack frames")'>Click to show all stack frames</a>
<div class='stack-trace' id='stack-trace1352551364'><pre>org.openqa.selenium.NoSuchElementException: no such element: Unable to locate element: {&quot;method&quot;:&quot;xpath&quot;,&quot;selector&quot;:&quot;//*[@id=&quot;0D5am000001Ewbb&quot;]/div/div[1]/div[1]/div[1]/span/span&quot;}
  (Session info: chrome=121.0.6167.184)
For documentation on this error, please visit: https://www.seleniumhq.org/exceptions/no_such_element.html
Build info: version: &apos;3.141.59&apos;, revision: &apos;e82be7d358&apos;, time: &apos;2018-11-14T08:17:03&apos;
System info: host: &apos;Niwass-MBP.lan&apos;, ip: &apos;fd86:ed9:dae0:0:1450:d6a9:60c7:8262%en0&apos;, os.name: &apos;Mac OS X&apos;, os.arch: &apos;x86_64&apos;, os.version: &apos;12.6.1&apos;, java.version: &apos;17.0.9&apos;
Driver info: org.openqa.selenium.chrome.ChromeDriver
Capabilities {acceptInsecureCerts: false, browserName: chrome, browserVersion: 121.0.6167.184, chrome: {chromedriverVersion: 121.0.6167.184 (057a8ae7deb..., userDataDir: /var/folders/1g/xfp6050j62l...}, fedcm:accounts: true, goog:chromeOptions: {debuggerAddress: localhost:62607}, javascriptEnabled: true, networkConnectionEnabled: false, pageLoadStrategy: normal, platform: MAC, platformName: MAC, proxy: Proxy(), setWindowRect: true, strictFileInteractability: false, timeouts: {implicit: 0, pageLoad: 300000, script: 30000}, unhandledPromptBehavior: dismiss and notify, webauthn:extension:credBlob: true, webauthn:extension:largeBlob: true, webauthn:extension:minPinLength: true, webauthn:extension:prf: true, webauthn:virtualAuthenticators: true}
Session ID: f543c602d3aa85739a8340c142f7c7bc
*** Element info: {Using=xpath, value=//*[@id=&quot;0D5am000001Ewbb&quot;]/div/div[1]/div[1]/div[1]/span/span}
	at java.base/jdk.internal.reflect.NativeConstructorAccessorImpl.newInstance0(Native Method)
	at java.base/jdk.internal.reflect.NativeConstructorAccessorImpl.newInstance(NativeConstructorAccessorImpl.java:77)
	at java.base/jdk.internal.reflect.DelegatingConstructorAccessorImpl.newInstance(DelegatingConstructorAccessorImpl.java:45)
	at java.base/java.lang.reflect.Constructor.newInstanceWithCaller(Constructor.java:499)
	at java.base/java.lang.reflect.Constructor.newInstance(Constructor.java:480)
	at org.openqa.selenium.remote.http.W3CHttpResponseCodec.createException(W3CHttpResponseCodec.java:187)
	at org.openqa.selenium.remote.http.W3CHttpResponseCodec.decode(W3CHttpResponseCodec.java:122)
	at org.openqa.selenium.remote.http.W3CHttpResponseCodec.decode(W3CHttpResponseCodec.java:49)
	at org.openqa.selenium.remote.HttpCommandExecutor.execute(HttpCommandExecutor.java:158)
	at org.openqa.selenium.remote.service.DriverCommandExecutor.execute(DriverCommandExecutor.java:83)
	at org.openqa.selenium.remote.RemoteWebDriver.execute(RemoteWebDriver.java:552)
	at org.openqa.selenium.remote.RemoteWebDriver.findElement(RemoteWebDriver.java:323)
	at org.openqa.selenium.remote.RemoteWebDriver.findElementByXPath(RemoteWebDriver.java:428)
	at org.openqa.selenium.By$ByXPath.findElement(By.java:353)
	at org.openqa.selenium.remote.RemoteWebDriver.findElement(RemoteWebDriver.java:315)
	at com.Salesforce.Automation.SalesforceUsrmenu.TC06(SalesforceUsrmenu.java:125)
	at java.base/jdk.internal.reflect.NativeMethodAccessorImpl.invoke0(Native Method)
	at java.base/jdk.internal.reflect.NativeMethodAccessorImpl.invoke(NativeMethodAccessorImpl.java:77)
	at java.base/jdk.internal.reflect.DelegatingMethodAccessorImpl.invoke(DelegatingMethodAccessorImpl.java:43)
	at java.base/java.lang.reflect.Method.invoke(Method.java:568)
	at org.testng.internal.invokers.MethodInvocationHelper.invokeMethod(MethodInvocationHelper.java:139)
	at org.testng.internal.invokers.TestInvoker.invokeMethod(TestInvoker.java:677)
	at org.testng.internal.invokers.TestInvoker.invokeTestMethod(TestInvoker.java:221)
	at org.testng.internal.invokers.MethodRunner.runInSequence(MethodRunner.java:50)
	at org.testng.internal.invokers.TestInvoker$MethodInvocationAgent.invoke(TestInvoker.java:969)
	at org.testng.internal.invokers.TestInvoker.invokeTestMethods(TestInvoker.java:194)
	at org.testng.internal.invokers.TestMethodWorker.invokeTestMethods(TestMethodWorker.java:148)
	at org.testng.internal.invokers.TestMethodWorker.run(TestMethodWorker.java:128)
	at java.base/java.util.ArrayList.forEach(ArrayList.java:1511)
	at org.testng.TestRunner.privateRun(TestRunner.java:829)
	at org.testng.TestRunner.run(TestRunner.java:602)
	at org.testng.SuiteRunner.runTest(SuiteRunner.java:437)
	at org.testng.SuiteRunner.runSequentially(SuiteRunner.java:431)
	at org.testng.SuiteRunner.privateRun(SuiteRunner.java:391)
	at org.testng.SuiteRunner.run(SuiteRunner.java:330)
	at org.testng.SuiteRunnerWorker.runSuite(SuiteRunnerWorker.java:52)
	at org.testng.SuiteRunnerWorker.run(SuiteRunnerWorker.java:95)
	at org.testng.TestNG.runSuitesSequentially(TestNG.java:1256)
	at org.testng.TestNG.runSuitesLocally(TestNG.java:1176)
	at org.testng.TestNG.runSuites(TestNG.java:1099)
	at org.testng.TestNG.run(TestNG.java:1067)
	at org.testng.remote.AbstractRemoteTestNG.run(AbstractRemoteTestNG.java:115)
	at org.testng.remote.RemoteTestNG.initAndRun(RemoteTestNG.java:251)
	at org.testng.remote.RemoteTestNG.main(RemoteTestNG.java:77)
</pre></div></td>
<td>68</td>
<td>com.Salesforce.Automation.SalesforceUsrmenu@fc258b1</td></tr>
<tr>
<td title='com.Salesforce.Automation.SalesforceCreateAcc.TC14()'><b>TC14</b><br>Test class: com.Salesforce.Automation.SalesforceCreateAcc</td>
<td><div><pre>org.openqa.selenium.NoSuchElementException: no such element: Unable to locate element: {&quot;method&quot;:&quot;xpath&quot;,&quot;selector&quot;:&quot;//*[@id=&quot;noTableContainer&quot;]/div/div[1]/div[1]/div[1]/h1&quot;}
  (Session info: chrome=121.0.6167.184)
For documentation on this error, please visit: https://www.seleniumhq.org/exceptions/no_such_element.html
Build info: version: &apos;3.141.59&apos;, revision: &apos;e82be7d358&apos;, time: &apos;2018-11-14T08:17:03&apos;
System info: host: &apos;Niwass-MBP.lan&apos;, ip: &apos;fd86:ed9:dae0:0:1450:d6a9:60c7:8262%en0&apos;, os.name: &apos;Mac OS X&apos;, os.arch: &apos;x86_64&apos;, os.version: &apos;12.6.1&apos;, java.version: &apos;17.0.9&apos;
Driver info: org.openqa.selenium.chrome.ChromeDriver
Capabilities {acceptInsecureCerts: false, browserName: chrome, browserVersion: 121.0.6167.184, chrome: {chromedriverVersion: 121.0.6167.184 (057a8ae7deb..., userDataDir: /var/folders/1g/xfp6050j62l...}, fedcm:accounts: true, goog:chromeOptions: {debuggerAddress: localhost:61776}, javascriptEnabled: true, networkConnectionEnabled: false, pageLoadStrategy: normal, platform: MAC, platformName: MAC, proxy: Proxy(), setWindowRect: true, strictFileInteractability: false, timeouts: {implicit: 0, pageLoad: 300000, script: 30000}, unhandledPromptBehavior: dismiss and notify, webauthn:extension:credBlob: true, webauthn:extension:largeBlob: true, webauthn:extension:minPinLength: true, webauthn:extension:prf: true, webauthn:virtualAuthenticators: true}
Session ID: f5e6598e0036282c2e71ab26bf2f7279
*** Element info: {Using=xpath, value=//*[@id=&quot;noTableContainer&quot;]/div/div[1]/div[1]/div[1]/h1}
	at org.openqa.selenium.remote.http.W3CHttpResponseCodec.createException(W3CHttpResponseCodec.java:187)
	at org.openqa.selenium.remote.http.W3CHttpResponseCodec.decode(W3CHttpResponseCodec.java:122)
	at org.openqa.selenium.remote.http.W3CHttpResponseCodec.decode(W3CHttpResponseCodec.java:49)
	at org.openqa.selenium.remote.HttpCommandExecutor.execute(HttpCommandExecutor.java:158)
	at org.openqa.selenium.remote.service.DriverCommandExecutor.execute(DriverCommandExecutor.java:83)
	at org.openqa.selenium.remote.RemoteWebDriver.execute(RemoteWebDriver.java:552)
	at org.openqa.selenium.remote.RemoteWebDriver.findElement(RemoteWebDriver.java:323)
	at org.openqa.selenium.remote.RemoteWebDriver.findElementByXPath(RemoteWebDriver.java:428)
	at org.openqa.selenium.By$ByXPath.findElement(By.java:353)
	at org.openqa.selenium.remote.RemoteWebDriver.findElement(RemoteWebDriver.java:315)
	at com.Salesforce.Automation.SalesforceCreateAcc.TC14(SalesforceCreateAcc.java:279)
	at java.base/java.util.ArrayList.forEach(ArrayList.java:1511)
... Removed 32 stack frames</pre></div><a href='#' onClick='toggleBox("stack-trace1102948993", this, "Click to show all stack frames", "Click to hide stack frames")'>Click to show all stack frames</a>
<div class='stack-trace' id='stack-trace1102948993'><pre>org.openqa.selenium.NoSuchElementException: no such element: Unable to locate element: {&quot;method&quot;:&quot;xpath&quot;,&quot;selector&quot;:&quot;//*[@id=&quot;noTableContainer&quot;]/div/div[1]/div[1]/div[1]/h1&quot;}
  (Session info: chrome=121.0.6167.184)
For documentation on this error, please visit: https://www.seleniumhq.org/exceptions/no_such_element.html
Build info: version: &apos;3.141.59&apos;, revision: &apos;e82be7d358&apos;, time: &apos;2018-11-14T08:17:03&apos;
System info: host: &apos;Niwass-MBP.lan&apos;, ip: &apos;fd86:ed9:dae0:0:1450:d6a9:60c7:8262%en0&apos;, os.name: &apos;Mac OS X&apos;, os.arch: &apos;x86_64&apos;, os.version: &apos;12.6.1&apos;, java.version: &apos;17.0.9&apos;
Driver info: org.openqa.selenium.chrome.ChromeDriver
Capabilities {acceptInsecureCerts: false, browserName: chrome, browserVersion: 121.0.6167.184, chrome: {chromedriverVersion: 121.0.6167.184 (057a8ae7deb..., userDataDir: /var/folders/1g/xfp6050j62l...}, fedcm:accounts: true, goog:chromeOptions: {debuggerAddress: localhost:61776}, javascriptEnabled: true, networkConnectionEnabled: false, pageLoadStrategy: normal, platform: MAC, platformName: MAC, proxy: Proxy(), setWindowRect: true, strictFileInteractability: false, timeouts: {implicit: 0, pageLoad: 300000, script: 30000}, unhandledPromptBehavior: dismiss and notify, webauthn:extension:credBlob: true, webauthn:extension:largeBlob: true, webauthn:extension:minPinLength: true, webauthn:extension:prf: true, webauthn:virtualAuthenticators: true}
Session ID: f5e6598e0036282c2e71ab26bf2f7279
*** Element info: {Using=xpath, value=//*[@id=&quot;noTableContainer&quot;]/div/div[1]/div[1]/div[1]/h1}
	at java.base/jdk.internal.reflect.NativeConstructorAccessorImpl.newInstance0(Native Method)
	at java.base/jdk.internal.reflect.NativeConstructorAccessorImpl.newInstance(NativeConstructorAccessorImpl.java:77)
	at java.base/jdk.internal.reflect.DelegatingConstructorAccessorImpl.newInstance(DelegatingConstructorAccessorImpl.java:45)
	at java.base/java.lang.reflect.Constructor.newInstanceWithCaller(Constructor.java:499)
	at java.base/java.lang.reflect.Constructor.newInstance(Constructor.java:480)
	at org.openqa.selenium.remote.http.W3CHttpResponseCodec.createException(W3CHttpResponseCodec.java:187)
	at org.openqa.selenium.remote.http.W3CHttpResponseCodec.decode(W3CHttpResponseCodec.java:122)
	at org.openqa.selenium.remote.http.W3CHttpResponseCodec.decode(W3CHttpResponseCodec.java:49)
	at org.openqa.selenium.remote.HttpCommandExecutor.execute(HttpCommandExecutor.java:158)
	at org.openqa.selenium.remote.service.DriverCommandExecutor.execute(DriverCommandExecutor.java:83)
	at org.openqa.selenium.remote.RemoteWebDriver.execute(RemoteWebDriver.java:552)
	at org.openqa.selenium.remote.RemoteWebDriver.findElement(RemoteWebDriver.java:323)
	at org.openqa.selenium.remote.RemoteWebDriver.findElementByXPath(RemoteWebDriver.java:428)
	at org.openqa.selenium.By$ByXPath.findElement(By.java:353)
	at org.openqa.selenium.remote.RemoteWebDriver.findElement(RemoteWebDriver.java:315)
	at com.Salesforce.Automation.SalesforceCreateAcc.TC14(SalesforceCreateAcc.java:279)
	at java.base/jdk.internal.reflect.NativeMethodAccessorImpl.invoke0(Native Method)
	at java.base/jdk.internal.reflect.NativeMethodAccessorImpl.invoke(NativeMethodAccessorImpl.java:77)
	at java.base/jdk.internal.reflect.DelegatingMethodAccessorImpl.invoke(DelegatingMethodAccessorImpl.java:43)
	at java.base/java.lang.reflect.Method.invoke(Method.java:568)
	at org.testng.internal.invokers.MethodInvocationHelper.invokeMethod(MethodInvocationHelper.java:139)
	at org.testng.internal.invokers.TestInvoker.invokeMethod(TestInvoker.java:677)
	at org.testng.internal.invokers.TestInvoker.invokeTestMethod(TestInvoker.java:221)
	at org.testng.internal.invokers.MethodRunner.runInSequence(MethodRunner.java:50)
	at org.testng.internal.invokers.TestInvoker$MethodInvocationAgent.invoke(TestInvoker.java:969)
	at org.testng.internal.invokers.TestInvoker.invokeTestMethods(TestInvoker.java:194)
	at org.testng.internal.invokers.TestMethodWorker.invokeTestMethods(TestMethodWorker.java:148)
	at org.testng.internal.invokers.TestMethodWorker.run(TestMethodWorker.java:128)
	at java.base/java.util.ArrayList.forEach(ArrayList.java:1511)
	at org.testng.TestRunner.privateRun(TestRunner.java:829)
	at org.testng.TestRunner.run(TestRunner.java:602)
	at org.testng.SuiteRunner.runTest(SuiteRunner.java:437)
	at org.testng.SuiteRunner.runSequentially(SuiteRunner.java:431)
	at org.testng.SuiteRunner.privateRun(SuiteRunner.java:391)
	at org.testng.SuiteRunner.run(SuiteRunner.java:330)
	at org.testng.SuiteRunnerWorker.runSuite(SuiteRunnerWorker.java:52)
	at org.testng.SuiteRunnerWorker.run(SuiteRunnerWorker.java:95)
	at org.testng.TestNG.runSuitesSequentially(TestNG.java:1256)
	at org.testng.TestNG.runSuitesLocally(TestNG.java:1176)
	at org.testng.TestNG.runSuites(TestNG.java:1099)
	at org.testng.TestNG.run(TestNG.java:1067)
	at org.testng.remote.AbstractRemoteTestNG.run(AbstractRemoteTestNG.java:115)
	at org.testng.remote.RemoteTestNG.initAndRun(RemoteTestNG.java:251)
	at org.testng.remote.RemoteTestNG.main(RemoteTestNG.java:77)
</pre></div></td>
<td>40</td>
<td>com.Salesforce.Automation.SalesforceCreateAcc@1d470d0</td></tr>
</table><p>
<table width='100%' border='1' class='invocation-passed'>
<tr><td colspan='4' align='center'><b>PASSED TESTS</b></td></tr>
<tr><td><b>Test method</b></td>
<td><b>Attribute(s)</b></td>
<td width="30%"><b>Exception</b></td>
<td width="10%"><b>Time (seconds)</b></td>
<td><b>Instance</b></td>
</tr>
<tr>
<td title='com.Salesforce.Automation.Salesforceopty.TC17()'><b>TC17</b><br>Test class: com.Salesforce.Automation.Salesforceopty</td>
<td></td>
<td>13</td>
<td>com.Salesforce.Automation.Salesforceopty@2d1dee39</td></tr>
<tr>
<td title='com.Salesforce.Automation.SalesforceContacts.TC27()'><b>TC27</b><br>Test class: com.Salesforce.Automation.SalesforceContacts</td>
<td></td>
<td>6</td>
<td>com.Salesforce.Automation.SalesforceContacts@5ccbeb64</td></tr>
<tr>
<td title='com.Salesforce.Automation.SalesforceCreateAcc.Createanacc()'><b>Createanacc</b><br>Test class: com.Salesforce.Automation.SalesforceCreateAcc</td>
<td></td>
<td>11</td>
<td>com.Salesforce.Automation.SalesforceCreateAcc@1d470d0</td></tr>
<tr>
<td title='com.Salesforce.Automation.SalesforceRandomScenario.TC37()'><b>TC37</b><br>Test class: com.Salesforce.Automation.SalesforceRandomScenario</td>
<td></td>
<td>16</td>
<td>com.Salesforce.Automation.SalesforceRandomScenario@48d5f34e</td></tr>
<tr>
<td title='com.Salesforce.Automation.SalesforceUsrmenu.TC07()'><b>TC07</b><br>Test class: com.Salesforce.Automation.SalesforceUsrmenu</td>
<td></td>
<td>11</td>
<td>com.Salesforce.Automation.SalesforceUsrmenu@fc258b1</td></tr>
<tr>
<td title='com.Salesforce.Automation.SalesforceContacts.TC29()'><b>TC29</b><br>Test class: com.Salesforce.Automation.SalesforceContacts</td>
<td></td>
<td>15</td>
<td>com.Salesforce.Automation.SalesforceContacts@5ccbeb64</td></tr>
<tr>
<td title='com.Salesforce.Automation.SalesforceRandomScenario.TC34()'><b>TC34</b><br>Test class: com.Salesforce.Automation.SalesforceRandomScenario</td>
<td></td>
<td>13</td>
<td>com.Salesforce.Automation.SalesforceRandomScenario@48d5f34e</td></tr>
<tr>
<td title='com.Salesforce.Automation.Salesforceopty.TC16()'><b>TC16</b><br>Test class: com.Salesforce.Automation.Salesforceopty</td>
<td></td>
<td>18</td>
<td>com.Salesforce.Automation.Salesforceopty@2d1dee39</td></tr>
<tr>
<td title='com.Salesforce.Automation.Salesforceleads.TC21Leadsselectview()'><b>TC21Leadsselectview</b><br>Test class: com.Salesforce.Automation.Salesforceleads</td>
<td></td>
<td>6</td>
<td>com.Salesforce.Automation.Salesforceleads@24d09c1</td></tr>
<tr>
<td title='com.Salesforce.Automation.SalesforceCreateAcc.TC11Createnewview()'><b>TC11Createnewview</b><br>Test class: com.Salesforce.Automation.SalesforceCreateAcc</td>
<td></td>
<td>11</td>
<td>com.Salesforce.Automation.SalesforceCreateAcc@1d470d0</td></tr>
<tr>
<td title='com.Salesforce.Automation.SalesforceCreateAcc.TC10a()'><b>TC10a</b><br>Test class: com.Salesforce.Automation.SalesforceCreateAcc</td>
<td></td>
<td>46</td>
<td>com.Salesforce.Automation.SalesforceCreateAcc@1d470d0</td></tr>
<tr>
<td title='com.Salesforce.Automation.Salesforceopty.TC19()'><b>TC19</b><br>Test class: com.Salesforce.Automation.Salesforceopty</td>
<td></td>
<td>13</td>
<td>com.Salesforce.Automation.Salesforceopty@2d1dee39</td></tr>
<tr>
<td title='com.Salesforce.Automation.SalesforceUsrmenu.TC05()'><b>TC05</b><br>Test class: com.Salesforce.Automation.SalesforceUsrmenu</td>
<td></td>
<td>5</td>
<td>com.Salesforce.Automation.SalesforceUsrmenu@fc258b1</td></tr>
<tr>
<td title='com.Salesforce.Automation.SalesforceCreateAcc.TC13()'><b>TC13</b><br>Test class: com.Salesforce.Automation.SalesforceCreateAcc</td>
<td></td>
<td>9</td>
<td>com.Salesforce.Automation.SalesforceCreateAcc@1d470d0</td></tr>
<tr>
<td title='com.Salesforce.Automation.Salesforceleads.TC24()'><b>TC24</b><br>Test class: com.Salesforce.Automation.Salesforceleads</td>
<td></td>
<td>10</td>
<td>com.Salesforce.Automation.Salesforceleads@24d09c1</td></tr>
<tr>
<td title='com.Salesforce.Automation.SalesforceUsrmenu.TC09()'><b>TC09</b><br>Test class: com.Salesforce.Automation.SalesforceUsrmenu</td>
<td></td>
<td>9</td>
<td>com.Salesforce.Automation.SalesforceUsrmenu@fc258b1</td></tr>
<tr>
<td title='com.Salesforce.Automation.SalesforceUsrmenu.TC08()'><b>TC08</b><br>Test class: com.Salesforce.Automation.SalesforceUsrmenu</td>
<td></td>
<td>7</td>
<td>com.Salesforce.Automation.SalesforceUsrmenu@fc258b1</td></tr>
<tr>
<td title='com.Salesforce.Automation.Salesforceleads.TC22Defaultview()'><b>TC22Defaultview</b><br>Test class: com.Salesforce.Automation.Salesforceleads</td>
<td></td>
<td>15</td>
<td>com.Salesforce.Automation.Salesforceleads@24d09c1</td></tr>
<tr>
<td title='com.Salesforce.Automation.Salesforcelogin.LoginError1()'><b>LoginError1</b><br>Test class: com.Salesforce.Automation.Salesforcelogin</td>
<td></td>
<td>1</td>
<td>com.Salesforce.Automation.Salesforcelogin@47f4e407</td></tr>
<tr>
<td title='com.Salesforce.Automation.SalesforceContacts.TC26()'><b>TC26</b><br>Test class: com.Salesforce.Automation.SalesforceContacts</td>
<td></td>
<td>20</td>
<td>com.Salesforce.Automation.SalesforceContacts@5ccbeb64</td></tr>
<tr>
<td title='com.Salesforce.Automation.SalesforceContacts.TC28()'><b>TC28</b><br>Test class: com.Salesforce.Automation.SalesforceContacts</td>
<td></td>
<td>14</td>
<td>com.Salesforce.Automation.SalesforceContacts@5ccbeb64</td></tr>
<tr>
<td title='com.Salesforce.Automation.SalesforceRandomScenario.TC35()'><b>TC35</b><br>Test class: com.Salesforce.Automation.SalesforceRandomScenario</td>
<td></td>
<td>8</td>
<td>com.Salesforce.Automation.SalesforceRandomScenario@48d5f34e</td></tr>
<tr>
<td title='com.Salesforce.Automation.SalesforceContacts.TC31()'><b>TC31</b><br>Test class: com.Salesforce.Automation.SalesforceContacts</td>
<td></td>
<td>25</td>
<td>com.Salesforce.Automation.SalesforceContacts@5ccbeb64</td></tr>
<tr>
<td title='com.Salesforce.Automation.SalesforceRandomScenario.TC36()'><b>TC36</b><br>Test class: com.Salesforce.Automation.SalesforceRandomScenario</td>
<td></td>
<td>12</td>
<td>com.Salesforce.Automation.SalesforceRandomScenario@48d5f34e</td></tr>
<tr>
<td title='com.Salesforce.Automation.Salesforcelogin.CheckRememberme3()'><b>CheckRememberme3</b><br>Test class: com.Salesforce.Automation.Salesforcelogin</td>
<td></td>
<td>8</td>
<td>com.Salesforce.Automation.Salesforcelogin@47f4e407</td></tr>
<tr>
<td title='com.Salesforce.Automation.Salesforcelogin.Forgotpassword4B()'><b>Forgotpassword4B</b><br>Test class: com.Salesforce.Automation.Salesforcelogin</td>
<td></td>
<td>1</td>
<td>com.Salesforce.Automation.Salesforcelogin@47f4e407</td></tr>
<tr>
<td title='com.Salesforce.Automation.SalesforceUsrmenu.Delprcnslerrortxt()'><b>Delprcnslerrortxt</b><br>Test class: com.Salesforce.Automation.SalesforceUsrmenu</td>
<td></td>
<td>14</td>
<td>com.Salesforce.Automation.SalesforceUsrmenu@fc258b1</td></tr>
<tr>
<td title='com.Salesforce.Automation.Salesforceopty.TC15()'><b>TC15</b><br>Test class: com.Salesforce.Automation.Salesforceopty</td>
<td></td>
<td>11</td>
<td>com.Salesforce.Automation.Salesforceopty@2d1dee39</td></tr>
<tr>
<td title='com.Salesforce.Automation.SalesforceContacts.TC25()'><b>TC25</b><br>Test class: com.Salesforce.Automation.SalesforceContacts</td>
<td></td>
<td>13</td>
<td>com.Salesforce.Automation.SalesforceContacts@5ccbeb64</td></tr>
<tr>
<td title='com.Salesforce.Automation.Salesforcelogin.LogintoSalesforce2()'><b>LogintoSalesforce2</b><br>Test class: com.Salesforce.Automation.Salesforcelogin</td>
<td></td>
<td>4</td>
<td>com.Salesforce.Automation.Salesforcelogin@47f4e407</td></tr>
<tr>
<td title='com.Salesforce.Automation.Salesforceopty.TC18()'><b>TC18</b><br>Test class: com.Salesforce.Automation.Salesforceopty</td>
<td></td>
<td>13</td>
<td>com.Salesforce.Automation.Salesforceopty@2d1dee39</td></tr>
<tr>
<td title='com.Salesforce.Automation.SalesforceContacts.TC32()'><b>TC32</b><br>Test class: com.Salesforce.Automation.SalesforceContacts</td>
<td></td>
<td>9</td>
<td>com.Salesforce.Automation.SalesforceContacts@5ccbeb64</td></tr>
<tr>
<td title='com.Salesforce.Automation.Salesforcelogin.Forgotpassword4A()'><b>Forgotpassword4A</b><br>Test class: com.Salesforce.Automation.Salesforcelogin</td>
<td></td>
<td>1</td>
<td>com.Salesforce.Automation.Salesforcelogin@47f4e407</td></tr>
<tr>
<td title='com.Salesforce.Automation.Salesforceleads.TC20Leadtab()'><b>TC20Leadtab</b><br>Test class: com.Salesforce.Automation.Salesforceleads</td>
<td></td>
<td>6</td>
<td>com.Salesforce.Automation.Salesforceleads@24d09c1</td></tr>
<tr>
<td title='com.Salesforce.Automation.SalesforceContacts.TC30()'><b>TC30</b><br>Test class: com.Salesforce.Automation.SalesforceContacts</td>
<td></td>
<td>14</td>
<td>com.Salesforce.Automation.SalesforceContacts@5ccbeb64</td></tr>
</table><p>
</body>
</html>