<?xml version="1.0" encoding="UTF-8"?>
<!-- Generated by org.testng.reporters.JUnitXMLReporter -->
<testsuite ignored="2" hostname="Niwass-MacBook-Pro.local" failures="2" tests="2" name="LoginTest" time="0.409" errors="0" timestamp="2024-07-12T19:17:59 IST">
  <testcase classname="com.Salesforce.Automation.SalesforceloginGroupTesting" name="Forgotpassword4A" time="0.02">
    <failure type="java.lang.NullPointerException" message="Cannot invoke &amp;quot;org.openqa.selenium.WebDriver.manage()&amp;quot; because &amp;quot;com.Salesforce.Automation.SalesforceloginGroupTesting.driver&amp;quot; is null">
      <![CDATA[java.lang.NullPointerException: Cannot invoke "org.openqa.selenium.WebDriver.manage()" because "com.Salesforce.Automation.SalesforceloginGroupTesting.driver" is null
at com.Salesforce.Automation.SalesforceloginGroupTesting.Forgotpassword4A(SalesforceloginGroupTesting.java:118)
at java.base/java.util.ArrayList.forEach(ArrayList.java:1511)
... Removed 27 stack frames]]>
    </failure>
  </testcase> <!-- Forgotpassword4A -->
  <testcase classname="com.Salesforce.Automation.SalesforceloginGroupTesting" name="Forgotpassword4A" time="0.053">
    <failure type="java.lang.NullPointerException" message="Cannot invoke &amp;quot;org.openqa.selenium.TakesScreenshot.getScreenshotAs(org.openqa.selenium.OutputType)&amp;quot; because &amp;quot;screencapture&amp;quot; is null">
      <![CDATA[java.lang.NullPointerException: Cannot invoke "org.openqa.selenium.TakesScreenshot.getScreenshotAs(org.openqa.selenium.OutputType)" because "screencapture" is null
at com.Salesforce.base.BaseTest.takescreenshot(BaseTest.java:115)
at com.Salesforce.utilities.SFDCListenerUtilities.onTestFailure(SFDCListenerUtilities.java:44)
at java.base/java.util.ArrayList.forEach(ArrayList.java:1511)
... Removed 24 stack frames]]>
    </failure>
  </testcase> <!-- Forgotpassword4A -->
  <testcase classname="com.Salesforce.Automation.SalesforceloginGroupTesting" name="Forgotpassword4B" time="0.0">
    <ignored/>
  </testcase> <!-- Forgotpassword4B -->
  <testcase classname="com.Salesforce.Automation.SalesforceloginGroupTesting" name="CheckRememberme3" time="0.0">
    <ignored/>
  </testcase> <!-- CheckRememberme3 -->
</testsuite> <!-- LoginTest -->
