<?xml version="1.0" encoding="UTF-8"?>
<!-- Generated by org.testng.reporters.JUnitXMLReporter -->
<testsuite ignored="17" hostname="Niwass-MBP.lan" failures="1" tests="5" name="SFDCTest(failed)" time="124.847" errors="0" timestamp="2024-02-20T08:43:34 PST">
  <testcase classname="com.Salesforce.Automation.Salesforceleads" name="TC23" time="12.499"/>
  <testcase classname="com.Salesforce.Automation.SalesforceUsrmenu" name="TC06" time="58.299">
    <failure type="org.openqa.selenium.TimeoutException" message="Expected condition failed: waiting for visibility of [[ChromeDriver: chrome on MAC (1b2a58d036278b5271c1c0d734d2f333)] -&amp;gt; xpath: //input[@id=&amp;quot;chatterFile&amp;quot;]] (tried for 30 second(s) with 500 milliseconds interval)
Build info: version: &amp;apos;3.141.59&amp;apos;, revision: &amp;apos;e82be7d358&amp;apos;, time: &amp;apos;2018-11-14T08:17:03&amp;apos;
System info: host: &amp;apos;Niwass-MBP.lan&amp;apos;, ip: &amp;apos;fd86:ed9:dae0:0:1450:d6a9:60c7:8262%en0&amp;apos;, os.name: &amp;apos;Mac OS X&amp;apos;, os.arch: &amp;apos;x86_64&amp;apos;, os.version: &amp;apos;12.6.1&amp;apos;, java.version: &amp;apos;17.0.9&amp;apos;
Driver info: org.openqa.selenium.chrome.ChromeDriver
Capabilities {acceptInsecureCerts: false, browserName: chrome, browserVersion: 121.0.6167.184, chrome: {chromedriverVersion: 121.0.6167.184 (057a8ae7deb..., userDataDir: /var/folders/1g/xfp6050j62l...}, fedcm:accounts: true, goog:chromeOptions: {debuggerAddress: localhost:49861}, javascriptEnabled: true, networkConnectionEnabled: false, pageLoadStrategy: normal, platform: MAC, platformName: MAC, proxy: Proxy(), setWindowRect: true, strictFileInteractability: false, timeouts: {implicit: 0, pageLoad: 300000, script: 30000}, unhandledPromptBehavior: dismiss and notify, webauthn:extension:credBlob: true, webauthn:extension:largeBlob: true, webauthn:extension:minPinLength: true, webauthn:extension:prf: true, webauthn:virtualAuthenticators: true}
Session ID: 1b2a58d036278b5271c1c0d734d2f333">
      <![CDATA[org.openqa.selenium.TimeoutException: Expected condition failed: waiting for visibility of [[ChromeDriver: chrome on MAC (1b2a58d036278b5271c1c0d734d2f333)] -> xpath: //input[@id="chatterFile"]] (tried for 30 second(s) with 500 milliseconds interval)
Build info: version: '3.141.59', revision: 'e82be7d358', time: '2018-11-14T08:17:03'
System info: host: 'Niwass-MBP.lan', ip: 'fd86:ed9:dae0:0:1450:d6a9:60c7:8262%en0', os.name: 'Mac OS X', os.arch: 'x86_64', os.version: '12.6.1', java.version: '17.0.9'
Driver info: org.openqa.selenium.chrome.ChromeDriver
Capabilities {acceptInsecureCerts: false, browserName: chrome, browserVersion: 121.0.6167.184, chrome: {chromedriverVersion: 121.0.6167.184 (057a8ae7deb..., userDataDir: /var/folders/1g/xfp6050j62l...}, fedcm:accounts: true, goog:chromeOptions: {debuggerAddress: localhost:49861}, javascriptEnabled: true, networkConnectionEnabled: false, pageLoadStrategy: normal, platform: MAC, platformName: MAC, proxy: Proxy(), setWindowRect: true, strictFileInteractability: false, timeouts: {implicit: 0, pageLoad: 300000, script: 30000}, unhandledPromptBehavior: dismiss and notify, webauthn:extension:credBlob: true, webauthn:extension:largeBlob: true, webauthn:extension:minPinLength: true, webauthn:extension:prf: true, webauthn:virtualAuthenticators: true}
Session ID: 1b2a58d036278b5271c1c0d734d2f333
at org.openqa.selenium.support.ui.WebDriverWait.timeoutException(WebDriverWait.java:95)
at org.openqa.selenium.support.ui.FluentWait.until(FluentWait.java:272)
at com.Salesforce.base.BaseTest.waitforvisibility(BaseTest.java:135)
at com.Salesforce.Automation.SalesforceUsrmenu.TC06(SalesforceUsrmenu.java:123)
at java.base/java.util.ArrayList.forEach(ArrayList.java:1511)
... Removed 27 stack frames]]>
    </failure>
  </testcase> <!-- TC06 -->
  <testcase classname="com.Salesforce.Automation.SalesforceRandomScenario" name="TC33" time="11.694"/>
  <testcase classname="com.Salesforce.Automation.SalesforceCreateAcc" name="TC14" time="13.943"/>
  <testcase classname="com.Salesforce.Automation.SalesforceCreateAcc" name="TC12Editview" time="11.271"/>
  <testcase classname="com.Salesforce.Automation.SalesforceRandomScenario" name="TC37" time="0.0">
    <ignored/>
  </testcase> <!-- TC37 -->
  <testcase classname="com.Salesforce.Automation.SalesforceCreateAcc" name="TC13" time="0.0">
    <ignored/>
  </testcase> <!-- TC13 -->
  <testcase classname="com.Salesforce.Automation.SalesforceCreateAcc" name="TC10a" time="0.0">
    <ignored/>
  </testcase> <!-- TC10a -->
  <testcase classname="com.Salesforce.Automation.SalesforceRandomScenario" name="TC35" time="0.0">
    <ignored/>
  </testcase> <!-- TC35 -->
  <testcase classname="com.Salesforce.Automation.SalesforceRandomScenario" name="TC36" time="0.0">
    <ignored/>
  </testcase> <!-- TC36 -->
  <testcase classname="com.Salesforce.Automation.SalesforceUsrmenu" name="Delprcnslerrortxt" time="0.0">
    <ignored/>
  </testcase> <!-- Delprcnslerrortxt -->
  <testcase classname="com.Salesforce.Automation.SalesforceRandomScenario" name="TC34" time="0.0">
    <ignored/>
  </testcase> <!-- TC34 -->
  <testcase classname="com.Salesforce.Automation.SalesforceUsrmenu" name="TC05" time="0.0">
    <ignored/>
  </testcase> <!-- TC05 -->
  <testcase classname="com.Salesforce.Automation.Salesforceleads" name="TC20Leadtab" time="0.0">
    <ignored/>
  </testcase> <!-- TC20Leadtab -->
  <testcase classname="com.Salesforce.Automation.Salesforceleads" name="TC22Defaultview" time="0.0">
    <ignored/>
  </testcase> <!-- TC22Defaultview -->
  <testcase classname="com.Salesforce.Automation.SalesforceCreateAcc" name="TC11Createnewview" time="0.0">
    <ignored/>
  </testcase> <!-- TC11Createnewview -->
  <testcase classname="com.Salesforce.Automation.SalesforceCreateAcc" name="Createanacc" time="0.0">
    <ignored/>
  </testcase> <!-- Createanacc -->
  <testcase classname="com.Salesforce.Automation.Salesforceleads" name="TC21Leadsselectview" time="0.0">
    <ignored/>
  </testcase> <!-- TC21Leadsselectview -->
  <testcase classname="com.Salesforce.Automation.SalesforceUsrmenu" name="TC09" time="0.0">
    <ignored/>
  </testcase> <!-- TC09 -->
  <testcase classname="com.Salesforce.Automation.SalesforceUsrmenu" name="TC08" time="0.0">
    <ignored/>
  </testcase> <!-- TC08 -->
  <testcase classname="com.Salesforce.Automation.Salesforceleads" name="TC24" time="0.0">
    <ignored/>
  </testcase> <!-- TC24 -->
  <testcase classname="com.Salesforce.Automation.SalesforceUsrmenu" name="TC07" time="0.0">
    <ignored/>
  </testcase> <!-- TC07 -->
</testsuite> <!-- SFDCTest(failed) -->
