<?xml version="1.0" encoding="UTF-8"?>
<!-- Generated by org.testng.reporters.JUnitXMLReporter -->
<testsuite ignored="1" hostname="Niwass-MacBook-Pro.local" failures="2" tests="2" name="LoginTest" time="0.42" errors="0" timestamp="2024-07-17T19:58:23 IST">
  <testcase classname="com.Salesforce.Automation.SalesforceloginGroupTesting" name="CheckRememberme3" time="0.048">
    <failure type="java.lang.NullPointerException" message="Cannot invoke &amp;quot;org.openqa.selenium.SearchContext.findElement(org.openqa.selenium.By)&amp;quot; because &amp;quot;this.searchContext&amp;quot; is null">
      <![CDATA[java.lang.NullPointerException: Cannot invoke "org.openqa.selenium.SearchContext.findElement(org.openqa.selenium.By)" because "this.searchContext" is null
at org.openqa.selenium.support.pagefactory.DefaultElementLocator.findElement(DefaultElementLocator.java:69)
at org.openqa.selenium.support.pagefactory.internal.LocatingElementHandler.invoke(LocatingElementHandler.java:38)
at jdk.proxy2/jdk.proxy2.$Proxy29.isDisplayed(Unknown Source)
at com.Salesforce.pages.base.SFDCBasePage.enterText(SFDCBasePage.java:42)
at com.Salesforce.pages.login.LoginPage.enterUserName(LoginPage.java:48)
at com.Salesforce.Automation.SalesforceloginGroupTesting.CheckRememberme3(SalesforceloginGroupTesting.java:88)
at java.base/java.util.ArrayList.forEach(ArrayList.java:1511)
... Removed 27 stack frames]]>
    </failure>
  </testcase> <!-- CheckRememberme3 -->
  <testcase classname="com.Salesforce.Automation.SalesforceloginGroupTesting" name="CheckRememberme3" time="0.084">
    <failure type="java.lang.NullPointerException" message="Cannot invoke &amp;quot;org.openqa.selenium.TakesScreenshot.getScreenshotAs(org.openqa.selenium.OutputType)&amp;quot; because &amp;quot;screencapture&amp;quot; is null">
      <![CDATA[java.lang.NullPointerException: Cannot invoke "org.openqa.selenium.TakesScreenshot.getScreenshotAs(org.openqa.selenium.OutputType)" because "screencapture" is null
at com.Salesforce.base.BaseTest.takescreenshot(BaseTest.java:115)
at com.Salesforce.utilities.SFDCListenerUtilities.onTestFailure(SFDCListenerUtilities.java:44)
at java.base/java.util.ArrayList.forEach(ArrayList.java:1511)
... Removed 24 stack frames]]>
    </failure>
  </testcase> <!-- CheckRememberme3 -->
  <testcase classname="com.Salesforce.Automation.SalesforceloginGroupTesting" name="LoginError1" time="0.0">
    <ignored/>
  </testcase> <!-- LoginError1 -->
</testsuite> <!-- LoginTest -->
