<?xml version="1.0" encoding="UTF-8"?>
<!-- Generated by org.testng.reporters.JUnitXMLReporter -->
<testsuite ignored="0" hostname="Niwass-MBP.lan" failures="3" tests="40" name="SFDCTest" time="738.736" errors="0" timestamp="2024-02-20T22:18:58 PST">
  <testcase classname="com.Salesforce.Automation.Salesforcelogin" name="CheckRememberme3" time="9.531"/>
  <testcase classname="com.Salesforce.Automation.Salesforcelogin" name="Forgotpassword4A" time="1.668"/>
  <testcase classname="com.Salesforce.Automation.Salesforcelogin" name="Forgotpassword4B" time="2.155"/>
  <testcase classname="com.Salesforce.Automation.Salesforcelogin" name="LoginError1" time="1.687"/>
  <testcase classname="com.Salesforce.Automation.Salesforcelogin" name="LogintoSalesforce2" time="6.947"/>
  <testcase classname="com.Salesforce.Automation.Salesforceopty" name="TC15" time="13.176"/>
  <testcase classname="com.Salesforce.Automation.Salesforceopty" name="TC16" time="17.971"/>
  <testcase classname="com.Salesforce.Automation.Salesforceopty" name="TC17" time="13.97"/>
  <testcase classname="com.Salesforce.Automation.Salesforceopty" name="TC18" time="13.292"/>
  <testcase classname="com.Salesforce.Automation.Salesforceopty" name="TC19" time="14.159"/>
  <testcase classname="com.Salesforce.Automation.SalesforceContacts" name="TC25" time="12.07"/>
  <testcase classname="com.Salesforce.Automation.SalesforceContacts" name="TC26" time="20.516"/>
  <testcase classname="com.Salesforce.Automation.SalesforceContacts" name="TC27" time="7.368"/>
  <testcase classname="com.Salesforce.Automation.SalesforceContacts" name="TC28" time="13.141"/>
  <testcase classname="com.Salesforce.Automation.SalesforceContacts" name="TC29" time="13.563"/>
  <testcase classname="com.Salesforce.Automation.SalesforceContacts" name="TC30" time="14.036"/>
  <testcase classname="com.Salesforce.Automation.SalesforceContacts" name="TC31" time="24.161"/>
  <testcase classname="com.Salesforce.Automation.SalesforceContacts" name="TC32" time="10.001"/>
  <testcase classname="com.Salesforce.Automation.SalesforceUsrmenu" name="Delprcnslerrortxt" time="14.733"/>
  <testcase classname="com.Salesforce.Automation.SalesforceUsrmenu" name="TC05" time="6.842"/>
  <testcase classname="com.Salesforce.Automation.SalesforceUsrmenu" name="TC06" time="69.07">
    <failure type="org.openqa.selenium.NoSuchElementException" message="no such element: Unable to locate element: {&amp;quot;method&amp;quot;:&amp;quot;xpath&amp;quot;,&amp;quot;selector&amp;quot;:&amp;quot;//input[@id=&amp;quot;j_id0:j_id7:save&amp;quot;]&amp;quot;}
  (Session info: chrome=121.0.6167.184)
For documentation on this error, please visit: https://www.seleniumhq.org/exceptions/no_such_element.html
Build info: version: &amp;apos;3.141.59&amp;apos;, revision: &amp;apos;e82be7d358&amp;apos;, time: &amp;apos;2018-11-14T08:17:03&amp;apos;
System info: host: &amp;apos;Niwass-MBP.lan&amp;apos;, ip: &amp;apos;fd86:ed9:dae0:0:1450:d6a9:60c7:8262%en0&amp;apos;, os.name: &amp;apos;Mac OS X&amp;apos;, os.arch: &amp;apos;x86_64&amp;apos;, os.version: &amp;apos;12.6.1&amp;apos;, java.version: &amp;apos;17.0.9&amp;apos;
Driver info: org.openqa.selenium.chrome.ChromeDriver
Capabilities {acceptInsecureCerts: false, browserName: chrome, browserVersion: 121.0.6167.184, chrome: {chromedriverVersion: 121.0.6167.184 (057a8ae7deb..., userDataDir: /var/folders/1g/xfp6050j62l...}, fedcm:accounts: true, goog:chromeOptions: {debuggerAddress: localhost:53768}, javascriptEnabled: true, networkConnectionEnabled: false, pageLoadStrategy: normal, platform: MAC, platformName: MAC, proxy: Proxy(), setWindowRect: true, strictFileInteractability: false, timeouts: {implicit: 0, pageLoad: 300000, script: 30000}, unhandledPromptBehavior: dismiss and notify, webauthn:extension:credBlob: true, webauthn:extension:largeBlob: true, webauthn:extension:minPinLength: true, webauthn:extension:prf: true, webauthn:virtualAuthenticators: true}
Session ID: c91d2134eb9a1311263ad0a4e8dccdec
*** Element info: {Using=xpath, value=//input[@id=&amp;quot;j_id0:j_id7:save&amp;quot;]}">
      <![CDATA[org.openqa.selenium.NoSuchElementException: no such element: Unable to locate element: {"method":"xpath","selector":"//input[@id="j_id0:j_id7:save"]"}
  (Session info: chrome=121.0.6167.184)
For documentation on this error, please visit: https://www.seleniumhq.org/exceptions/no_such_element.html
Build info: version: '3.141.59', revision: 'e82be7d358', time: '2018-11-14T08:17:03'
System info: host: 'Niwass-MBP.lan', ip: 'fd86:ed9:dae0:0:1450:d6a9:60c7:8262%en0', os.name: 'Mac OS X', os.arch: 'x86_64', os.version: '12.6.1', java.version: '17.0.9'
Driver info: org.openqa.selenium.chrome.ChromeDriver
Capabilities {acceptInsecureCerts: false, browserName: chrome, browserVersion: 121.0.6167.184, chrome: {chromedriverVersion: 121.0.6167.184 (057a8ae7deb..., userDataDir: /var/folders/1g/xfp6050j62l...}, fedcm:accounts: true, goog:chromeOptions: {debuggerAddress: localhost:53768}, javascriptEnabled: true, networkConnectionEnabled: false, pageLoadStrategy: normal, platform: MAC, platformName: MAC, proxy: Proxy(), setWindowRect: true, strictFileInteractability: false, timeouts: {implicit: 0, pageLoad: 300000, script: 30000}, unhandledPromptBehavior: dismiss and notify, webauthn:extension:credBlob: true, webauthn:extension:largeBlob: true, webauthn:extension:minPinLength: true, webauthn:extension:prf: true, webauthn:virtualAuthenticators: true}
Session ID: c91d2134eb9a1311263ad0a4e8dccdec
*** Element info: {Using=xpath, value=//input[@id="j_id0:j_id7:save"]}
at org.openqa.selenium.remote.http.W3CHttpResponseCodec.createException(W3CHttpResponseCodec.java:187)
at org.openqa.selenium.remote.http.W3CHttpResponseCodec.decode(W3CHttpResponseCodec.java:122)
at org.openqa.selenium.remote.http.W3CHttpResponseCodec.decode(W3CHttpResponseCodec.java:49)
at org.openqa.selenium.remote.HttpCommandExecutor.execute(HttpCommandExecutor.java:158)
at org.openqa.selenium.remote.service.DriverCommandExecutor.execute(DriverCommandExecutor.java:83)
at org.openqa.selenium.remote.RemoteWebDriver.execute(RemoteWebDriver.java:552)
at org.openqa.selenium.remote.RemoteWebDriver.findElement(RemoteWebDriver.java:323)
at org.openqa.selenium.remote.RemoteWebDriver.findElementByXPath(RemoteWebDriver.java:428)
at org.openqa.selenium.By$ByXPath.findElement(By.java:353)
at org.openqa.selenium.remote.RemoteWebDriver.findElement(RemoteWebDriver.java:315)
at com.Salesforce.Automation.SalesforceUsrmenu.TC06(SalesforceUsrmenu.java:162)
at java.base/java.util.ArrayList.forEach(ArrayList.java:1511)
... Removed 32 stack frames]]>
    </failure>
  </testcase> <!-- TC06 -->
  <testcase classname="com.Salesforce.Automation.SalesforceUsrmenu" name="TC07" time="12.513"/>
  <testcase classname="com.Salesforce.Automation.SalesforceUsrmenu" name="TC08" time="8.551"/>
  <testcase classname="com.Salesforce.Automation.SalesforceUsrmenu" name="TC09" time="9.875"/>
  <testcase classname="com.Salesforce.Automation.SalesforceRandomScenario" name="TC33" time="10.773"/>
  <testcase classname="com.Salesforce.Automation.SalesforceRandomScenario" name="TC34" time="13.943"/>
  <testcase classname="com.Salesforce.Automation.SalesforceRandomScenario" name="TC35" time="8.795"/>
  <testcase classname="com.Salesforce.Automation.SalesforceRandomScenario" name="TC36" time="14.638"/>
  <testcase classname="com.Salesforce.Automation.SalesforceRandomScenario" name="TC37" time="15.845"/>
  <testcase classname="com.Salesforce.Automation.Salesforceleads" name="TC20Leadtab" time="6.994"/>
  <testcase classname="com.Salesforce.Automation.Salesforceleads" name="TC21Leadsselectview" time="7.617"/>
  <testcase classname="com.Salesforce.Automation.Salesforceleads" name="TC22Defaultview" time="19.369"/>
  <testcase classname="com.Salesforce.Automation.Salesforceleads" name="TC23" time="40.225">
    <failure type="org.openqa.selenium.NoSuchElementException" message="no such element: Unable to locate element: {&amp;quot;method&amp;quot;:&amp;quot;xpath&amp;quot;,&amp;quot;selector&amp;quot;:&amp;quot;//input[@value=&amp;quot; Go! &amp;quot;]&amp;quot;}
  (Session info: chrome=121.0.6167.184)
For documentation on this error, please visit: https://www.seleniumhq.org/exceptions/no_such_element.html
Build info: version: &amp;apos;3.141.59&amp;apos;, revision: &amp;apos;e82be7d358&amp;apos;, time: &amp;apos;2018-11-14T08:17:03&amp;apos;
System info: host: &amp;apos;Niwass-MBP.lan&amp;apos;, ip: &amp;apos;fd86:ed9:dae0:0:1450:d6a9:60c7:8262%en0&amp;apos;, os.name: &amp;apos;Mac OS X&amp;apos;, os.arch: &amp;apos;x86_64&amp;apos;, os.version: &amp;apos;12.6.1&amp;apos;, java.version: &amp;apos;17.0.9&amp;apos;
Driver info: org.openqa.selenium.chrome.ChromeDriver
Capabilities {acceptInsecureCerts: false, browserName: chrome, browserVersion: 121.0.6167.184, chrome: {chromedriverVersion: 121.0.6167.184 (057a8ae7deb..., userDataDir: /var/folders/1g/xfp6050j62l...}, fedcm:accounts: true, goog:chromeOptions: {debuggerAddress: localhost:54235}, javascriptEnabled: true, networkConnectionEnabled: false, pageLoadStrategy: normal, platform: MAC, platformName: MAC, proxy: Proxy(), setWindowRect: true, strictFileInteractability: false, timeouts: {implicit: 0, pageLoad: 300000, script: 30000}, unhandledPromptBehavior: dismiss and notify, webauthn:extension:credBlob: true, webauthn:extension:largeBlob: true, webauthn:extension:minPinLength: true, webauthn:extension:prf: true, webauthn:virtualAuthenticators: true}
Session ID: 2755ddf4a7ed2f28ee036c929af27c43
*** Element info: {Using=xpath, value=//input[@value=&amp;quot; Go! &amp;quot;]}">
      <![CDATA[org.openqa.selenium.NoSuchElementException: no such element: Unable to locate element: {"method":"xpath","selector":"//input[@value=" Go! "]"}
  (Session info: chrome=121.0.6167.184)
For documentation on this error, please visit: https://www.seleniumhq.org/exceptions/no_such_element.html
Build info: version: '3.141.59', revision: 'e82be7d358', time: '2018-11-14T08:17:03'
System info: host: 'Niwass-MBP.lan', ip: 'fd86:ed9:dae0:0:1450:d6a9:60c7:8262%en0', os.name: 'Mac OS X', os.arch: 'x86_64', os.version: '12.6.1', java.version: '17.0.9'
Driver info: org.openqa.selenium.chrome.ChromeDriver
Capabilities {acceptInsecureCerts: false, browserName: chrome, browserVersion: 121.0.6167.184, chrome: {chromedriverVersion: 121.0.6167.184 (057a8ae7deb..., userDataDir: /var/folders/1g/xfp6050j62l...}, fedcm:accounts: true, goog:chromeOptions: {debuggerAddress: localhost:54235}, javascriptEnabled: true, networkConnectionEnabled: false, pageLoadStrategy: normal, platform: MAC, platformName: MAC, proxy: Proxy(), setWindowRect: true, strictFileInteractability: false, timeouts: {implicit: 0, pageLoad: 300000, script: 30000}, unhandledPromptBehavior: dismiss and notify, webauthn:extension:credBlob: true, webauthn:extension:largeBlob: true, webauthn:extension:minPinLength: true, webauthn:extension:prf: true, webauthn:virtualAuthenticators: true}
Session ID: 2755ddf4a7ed2f28ee036c929af27c43
*** Element info: {Using=xpath, value=//input[@value=" Go! "]}
at org.openqa.selenium.remote.http.W3CHttpResponseCodec.createException(W3CHttpResponseCodec.java:187)
at org.openqa.selenium.remote.http.W3CHttpResponseCodec.decode(W3CHttpResponseCodec.java:122)
at org.openqa.selenium.remote.http.W3CHttpResponseCodec.decode(W3CHttpResponseCodec.java:49)
at org.openqa.selenium.remote.HttpCommandExecutor.execute(HttpCommandExecutor.java:158)
at org.openqa.selenium.remote.service.DriverCommandExecutor.execute(DriverCommandExecutor.java:83)
at org.openqa.selenium.remote.RemoteWebDriver.execute(RemoteWebDriver.java:552)
at org.openqa.selenium.remote.RemoteWebDriver.findElement(RemoteWebDriver.java:323)
at org.openqa.selenium.remote.RemoteWebDriver.findElementByXPath(RemoteWebDriver.java:428)
at org.openqa.selenium.By$ByXPath.findElement(By.java:353)
at org.openqa.selenium.remote.RemoteWebDriver.findElement(RemoteWebDriver.java:315)
at com.Salesforce.Automation.Salesforceleads.TC23(Salesforceleads.java:130)
at java.base/java.util.ArrayList.forEach(ArrayList.java:1511)
... Removed 32 stack frames]]>
    </failure>
  </testcase> <!-- TC23 -->
  <testcase classname="com.Salesforce.Automation.Salesforceleads" name="TC24" time="12.731"/>
  <testcase classname="com.Salesforce.Automation.SalesforceCreateAcc" name="Createanacc" time="11.297"/>
  <testcase classname="com.Salesforce.Automation.SalesforceCreateAcc" name="TC10a" time="48.482"/>
  <testcase classname="com.Salesforce.Automation.SalesforceCreateAcc" name="TC11Createnewview" time="11.356"/>
  <testcase classname="com.Salesforce.Automation.SalesforceCreateAcc" name="TC12Editview" time="10.997"/>
  <testcase classname="com.Salesforce.Automation.SalesforceCreateAcc" name="TC13" time="14.78"/>
  <testcase classname="com.Salesforce.Automation.SalesforceCreateAcc" name="TC14" time="40.19">
    <failure type="org.openqa.selenium.NoSuchElementException" message="no such element: Unable to locate element: {&amp;quot;method&amp;quot;:&amp;quot;xpath&amp;quot;,&amp;quot;selector&amp;quot;:&amp;quot;//*[@id=&amp;quot;noTableContainer&amp;quot;]/div/div[1]/div[1]/div[1]/h1&amp;quot;}
  (Session info: chrome=121.0.6167.184)
For documentation on this error, please visit: https://www.seleniumhq.org/exceptions/no_such_element.html
Build info: version: &amp;apos;3.141.59&amp;apos;, revision: &amp;apos;e82be7d358&amp;apos;, time: &amp;apos;2018-11-14T08:17:03&amp;apos;
System info: host: &amp;apos;Niwass-MBP.lan&amp;apos;, ip: &amp;apos;fd86:ed9:dae0:0:1450:d6a9:60c7:8262%en0&amp;apos;, os.name: &amp;apos;Mac OS X&amp;apos;, os.arch: &amp;apos;x86_64&amp;apos;, os.version: &amp;apos;12.6.1&amp;apos;, java.version: &amp;apos;17.0.9&amp;apos;
Driver info: org.openqa.selenium.chrome.ChromeDriver
Capabilities {acceptInsecureCerts: false, browserName: chrome, browserVersion: 121.0.6167.184, chrome: {chromedriverVersion: 121.0.6167.184 (057a8ae7deb..., userDataDir: /var/folders/1g/xfp6050j62l...}, fedcm:accounts: true, goog:chromeOptions: {debuggerAddress: localhost:54502}, javascriptEnabled: true, networkConnectionEnabled: false, pageLoadStrategy: normal, platform: MAC, platformName: MAC, proxy: Proxy(), setWindowRect: true, strictFileInteractability: false, timeouts: {implicit: 0, pageLoad: 300000, script: 30000}, unhandledPromptBehavior: dismiss and notify, webauthn:extension:credBlob: true, webauthn:extension:largeBlob: true, webauthn:extension:minPinLength: true, webauthn:extension:prf: true, webauthn:virtualAuthenticators: true}
Session ID: 2e1d0a1a63ba50f504ac5c783803e1a1
*** Element info: {Using=xpath, value=//*[@id=&amp;quot;noTableContainer&amp;quot;]/div/div[1]/div[1]/div[1]/h1}">
      <![CDATA[org.openqa.selenium.NoSuchElementException: no such element: Unable to locate element: {"method":"xpath","selector":"//*[@id="noTableContainer"]/div/div[1]/div[1]/div[1]/h1"}
  (Session info: chrome=121.0.6167.184)
For documentation on this error, please visit: https://www.seleniumhq.org/exceptions/no_such_element.html
Build info: version: '3.141.59', revision: 'e82be7d358', time: '2018-11-14T08:17:03'
System info: host: 'Niwass-MBP.lan', ip: 'fd86:ed9:dae0:0:1450:d6a9:60c7:8262%en0', os.name: 'Mac OS X', os.arch: 'x86_64', os.version: '12.6.1', java.version: '17.0.9'
Driver info: org.openqa.selenium.chrome.ChromeDriver
Capabilities {acceptInsecureCerts: false, browserName: chrome, browserVersion: 121.0.6167.184, chrome: {chromedriverVersion: 121.0.6167.184 (057a8ae7deb..., userDataDir: /var/folders/1g/xfp6050j62l...}, fedcm:accounts: true, goog:chromeOptions: {debuggerAddress: localhost:54502}, javascriptEnabled: true, networkConnectionEnabled: false, pageLoadStrategy: normal, platform: MAC, platformName: MAC, proxy: Proxy(), setWindowRect: true, strictFileInteractability: false, timeouts: {implicit: 0, pageLoad: 300000, script: 30000}, unhandledPromptBehavior: dismiss and notify, webauthn:extension:credBlob: true, webauthn:extension:largeBlob: true, webauthn:extension:minPinLength: true, webauthn:extension:prf: true, webauthn:virtualAuthenticators: true}
Session ID: 2e1d0a1a63ba50f504ac5c783803e1a1
*** Element info: {Using=xpath, value=//*[@id="noTableContainer"]/div/div[1]/div[1]/div[1]/h1}
at org.openqa.selenium.remote.http.W3CHttpResponseCodec.createException(W3CHttpResponseCodec.java:187)
at org.openqa.selenium.remote.http.W3CHttpResponseCodec.decode(W3CHttpResponseCodec.java:122)
at org.openqa.selenium.remote.http.W3CHttpResponseCodec.decode(W3CHttpResponseCodec.java:49)
at org.openqa.selenium.remote.HttpCommandExecutor.execute(HttpCommandExecutor.java:158)
at org.openqa.selenium.remote.service.DriverCommandExecutor.execute(DriverCommandExecutor.java:83)
at org.openqa.selenium.remote.RemoteWebDriver.execute(RemoteWebDriver.java:552)
at org.openqa.selenium.remote.RemoteWebDriver.findElement(RemoteWebDriver.java:323)
at org.openqa.selenium.remote.RemoteWebDriver.findElementByXPath(RemoteWebDriver.java:428)
at org.openqa.selenium.By$ByXPath.findElement(By.java:353)
at org.openqa.selenium.remote.RemoteWebDriver.findElement(RemoteWebDriver.java:315)
at com.Salesforce.Automation.SalesforceCreateAcc.TC14(SalesforceCreateAcc.java:278)
at java.base/java.util.ArrayList.forEach(ArrayList.java:1511)
... Removed 32 stack frames]]>
    </failure>
  </testcase> <!-- TC14 -->
</testsuite> <!-- SFDCTest -->
